01:02:52.688 INFO  vert.x-eventloop-thread-0 BaseServiceProxy     : -> GET /sso/ping,200|311ms
01:02:52.690 INFO  vert.x-eventloop-thread-0 SsoService           : sso ping {"result": "true"}
02:45:24.498 ERROR vert.x-eventloop-thread-0 ConnectionBase       : java.net.SocketException: Connection reset
02:45:24.499 ERROR vert.x-eventloop-thread-0 BaseServiceProxy     : request failed Connection reset
java.net.SocketException: Connection reset
	at java.base/sun.nio.ch.SocketChannelImpl.throwConnectionReset(SocketChannelImpl.java:394)
	at java.base/sun.nio.ch.SocketChannelImpl.read(SocketChannelImpl.java:426)
	at io.netty.buffer.PooledUnsafeDirectByteBuf.setBytes(PooledUnsafeDirectByteBuf.java:288)
	at io.netty.buffer.AbstractByteBuf.writeBytes(AbstractByteBuf.java:1106)
	at io.netty.channel.socket.nio.NioSocketChannel.doReadBytes(NioSocketChannel.java:373)
	at io.netty.channel.nio.AbstractNioByteChannel$NioByteUnsafe.read(AbstractNioByteChannel.java:123)
	at io.netty.channel.nio.NioEventLoop.processSelectedKey(NioEventLoop.java:645)
	at io.netty.channel.nio.NioEventLoop.processSelectedKeysPlain(NioEventLoop.java:545)
	at io.netty.channel.nio.NioEventLoop.processSelectedKeys(NioEventLoop.java:499)
	at io.netty.channel.nio.NioEventLoop.run(NioEventLoop.java:459)
	at io.netty.util.concurrent.SingleThreadEventExecutor$5.run(SingleThreadEventExecutor.java:858)
	at java.base/java.lang.Thread.run(Thread.java:833)
04:26:26.069 INFO  vert.x-eventloop-thread-0 BaseServiceProxy     : -> GET /sso/ping,200|288ms
04:26:26.071 INFO  vert.x-eventloop-thread-0 SsoService           : sso ping {"result": "false"}
06:04:16.575 ERROR vert.x-eventloop-thread-0 ConnectionBase       : java.net.SocketException: Connection reset
06:04:16.576 ERROR vert.x-eventloop-thread-0 BaseServiceProxy     : request failed Connection reset
java.net.SocketException: Connection reset
	at java.base/sun.nio.ch.SocketChannelImpl.throwConnectionReset(SocketChannelImpl.java:394)
	at java.base/sun.nio.ch.SocketChannelImpl.read(SocketChannelImpl.java:426)
	at io.netty.buffer.PooledUnsafeDirectByteBuf.setBytes(PooledUnsafeDirectByteBuf.java:288)
	at io.netty.buffer.AbstractByteBuf.writeBytes(AbstractByteBuf.java:1106)
	at io.netty.channel.socket.nio.NioSocketChannel.doReadBytes(NioSocketChannel.java:373)
	at io.netty.channel.nio.AbstractNioByteChannel$NioByteUnsafe.read(AbstractNioByteChannel.java:123)
	at io.netty.channel.nio.NioEventLoop.processSelectedKey(NioEventLoop.java:645)
	at io.netty.channel.nio.NioEventLoop.processSelectedKeysPlain(NioEventLoop.java:545)
	at io.netty.channel.nio.NioEventLoop.processSelectedKeys(NioEventLoop.java:499)
	at io.netty.channel.nio.NioEventLoop.run(NioEventLoop.java:459)
	at io.netty.util.concurrent.SingleThreadEventExecutor$5.run(SingleThreadEventExecutor.java:858)
	at java.base/java.lang.Thread.run(Thread.java:833)
07:15:14.487 INFO  vert.x-eventloop-thread-0 BaseServiceProxy     : -> GET /sso/ping,200|326ms
07:15:14.488 INFO  vert.x-eventloop-thread-0 SsoService           : sso ping {"result": "true"}
07:53:07.097 ERROR vert.x-eventloop-thread-0 ConnectionBase       : java.net.SocketException: Connection reset
07:53:07.098 ERROR vert.x-eventloop-thread-0 BaseServiceProxy     : request failed Connection reset
java.net.SocketException: Connection reset
	at java.base/sun.nio.ch.SocketChannelImpl.throwConnectionReset(SocketChannelImpl.java:394)
	at java.base/sun.nio.ch.SocketChannelImpl.read(SocketChannelImpl.java:426)
	at io.netty.buffer.PooledUnsafeDirectByteBuf.setBytes(PooledUnsafeDirectByteBuf.java:288)
	at io.netty.buffer.AbstractByteBuf.writeBytes(AbstractByteBuf.java:1106)
	at io.netty.channel.socket.nio.NioSocketChannel.doReadBytes(NioSocketChannel.java:373)
	at io.netty.channel.nio.AbstractNioByteChannel$NioByteUnsafe.read(AbstractNioByteChannel.java:123)
	at io.netty.channel.nio.NioEventLoop.processSelectedKey(NioEventLoop.java:645)
	at io.netty.channel.nio.NioEventLoop.processSelectedKeysPlain(NioEventLoop.java:545)
	at io.netty.channel.nio.NioEventLoop.processSelectedKeys(NioEventLoop.java:499)
	at io.netty.channel.nio.NioEventLoop.run(NioEventLoop.java:459)
	at io.netty.util.concurrent.SingleThreadEventExecutor$5.run(SingleThreadEventExecutor.java:858)
	at java.base/java.lang.Thread.run(Thread.java:833)
08:13:24.769 INFO  vert.x-eventloop-thread-0 BaseServiceProxy     : -> GET /sso/ping,200|381ms
08:13:24.770 INFO  vert.x-eventloop-thread-0 SsoService           : sso ping {"result": "true"}
08:18:24.627 INFO  vert.x-eventloop-thread-0 BaseServiceProxy     : -> GET /sso/ping,200|242ms
08:18:24.628 INFO  vert.x-eventloop-thread-0 SsoService           : sso ping {"result": "true"}
08:23:24.636 INFO  vert.x-eventloop-thread-0 BaseServiceProxy     : -> GET /sso/ping,200|249ms
08:23:24.638 INFO  vert.x-eventloop-thread-0 SsoService           : sso ping {"result": "true"}
08:28:24.721 INFO  vert.x-eventloop-thread-0 BaseServiceProxy     : -> GET /sso/ping,200|331ms
08:28:24.722 INFO  vert.x-eventloop-thread-0 SsoService           : sso ping {"result": "true"}
08:33:24.654 INFO  vert.x-eventloop-thread-0 BaseServiceProxy     : -> GET /sso/ping,200|262ms
08:33:24.656 INFO  vert.x-eventloop-thread-0 SsoService           : sso ping {"result": "true"}
08:38:24.736 INFO  vert.x-eventloop-thread-0 BaseServiceProxy     : -> GET /sso/ping,200|342ms
08:38:24.737 INFO  vert.x-eventloop-thread-0 SsoService           : sso ping {"result": "true"}
08:43:24.643 INFO  vert.x-eventloop-thread-0 BaseServiceProxy     : -> GET /sso/ping,200|244ms
08:43:24.645 INFO  vert.x-eventloop-thread-0 SsoService           : sso ping {"result": "true"}
08:48:24.561 INFO  vert.x-eventloop-thread-0 BaseServiceProxy     : -> GET /sso/ping,200|159ms
08:48:24.563 INFO  vert.x-eventloop-thread-0 SsoService           : sso ping {"result": "true"}
08:53:24.646 INFO  vert.x-eventloop-thread-0 BaseServiceProxy     : -> GET /sso/ping,200|241ms
08:53:24.648 INFO  vert.x-eventloop-thread-0 SsoService           : sso ping {"result": "true"}
08:58:24.643 INFO  vert.x-eventloop-thread-0 BaseServiceProxy     : -> GET /sso/ping,200|235ms
08:58:24.644 INFO  vert.x-eventloop-thread-0 SsoService           : sso ping {"result": "true"}
09:03:24.645 INFO  vert.x-eventloop-thread-0 BaseServiceProxy     : -> GET /sso/ping,200|234ms
09:03:24.648 INFO  vert.x-eventloop-thread-0 SsoService           : sso ping {"result": "true"}
09:08:24.617 INFO  vert.x-eventloop-thread-0 BaseServiceProxy     : -> GET /sso/ping,200|248ms
09:08:24.618 INFO  vert.x-eventloop-thread-0 SsoService           : sso ping {"result": "true"}
09:13:24.605 INFO  vert.x-eventloop-thread-0 BaseServiceProxy     : -> GET /sso/ping,200|237ms
09:13:24.606 INFO  vert.x-eventloop-thread-0 SsoService           : sso ping {"result": "true"}
09:18:24.621 INFO  vert.x-eventloop-thread-0 BaseServiceProxy     : -> GET /sso/ping,200|254ms
09:18:24.623 INFO  vert.x-eventloop-thread-0 SsoService           : sso ping {"result": "true"}
12:14:23.374 ERROR vert.x-eventloop-thread-0 ConnectionBase       : java.io.IOException: Operation timed out
12:14:23.376 ERROR vert.x-eventloop-thread-0 BaseServiceProxy     : request failed Operation timed out
java.io.IOException: Operation timed out
	at java.base/sun.nio.ch.SocketDispatcher.read0(Native Method)
	at java.base/sun.nio.ch.SocketDispatcher.read(SocketDispatcher.java:47)
	at java.base/sun.nio.ch.IOUtil.readIntoNativeBuffer(IOUtil.java:330)
	at java.base/sun.nio.ch.IOUtil.read(IOUtil.java:284)
	at java.base/sun.nio.ch.IOUtil.read(IOUtil.java:259)
	at java.base/sun.nio.ch.SocketChannelImpl.read(SocketChannelImpl.java:417)
	at io.netty.buffer.PooledUnsafeDirectByteBuf.setBytes(PooledUnsafeDirectByteBuf.java:288)
	at io.netty.buffer.AbstractByteBuf.writeBytes(AbstractByteBuf.java:1106)
	at io.netty.channel.socket.nio.NioSocketChannel.doReadBytes(NioSocketChannel.java:373)
	at io.netty.channel.nio.AbstractNioByteChannel$NioByteUnsafe.read(AbstractNioByteChannel.java:123)
	at io.netty.channel.nio.NioEventLoop.processSelectedKey(NioEventLoop.java:645)
	at io.netty.channel.nio.NioEventLoop.processSelectedKeysPlain(NioEventLoop.java:545)
	at io.netty.channel.nio.NioEventLoop.processSelectedKeys(NioEventLoop.java:499)
	at io.netty.channel.nio.NioEventLoop.run(NioEventLoop.java:459)
	at io.netty.util.concurrent.SingleThreadEventExecutor$5.run(SingleThreadEventExecutor.java:858)
	at java.base/java.lang.Thread.run(Thread.java:833)
12:27:58.426 INFO  vert.x-eventloop-thread-0 BaseServiceProxy     : -> GET /sso/ping,200|906ms
12:27:58.429 INFO  vert.x-eventloop-thread-0 SsoService           : sso ping {"result": "false"}
12:32:57.865 INFO  vert.x-eventloop-thread-0 BaseServiceProxy     : -> GET /sso/ping,200|346ms
12:32:57.866 INFO  vert.x-eventloop-thread-0 SsoService           : sso ping {"result": "true"}
12:37:57.790 INFO  vert.x-eventloop-thread-0 BaseServiceProxy     : -> GET /sso/ping,200|272ms
12:37:57.791 INFO  vert.x-eventloop-thread-0 SsoService           : sso ping {"result": "true"}
12:42:57.868 INFO  vert.x-eventloop-thread-0 BaseServiceProxy     : -> GET /sso/ping,200|302ms
12:42:57.869 INFO  vert.x-eventloop-thread-0 SsoService           : sso ping {"result": "true"}
12:47:57.843 INFO  vert.x-eventloop-thread-0 BaseServiceProxy     : -> GET /sso/ping,200|275ms
12:47:57.844 INFO  vert.x-eventloop-thread-0 SsoService           : sso ping {"result": "true"}
12:52:57.835 INFO  vert.x-eventloop-thread-0 BaseServiceProxy     : -> GET /sso/ping,200|265ms
12:52:57.836 INFO  vert.x-eventloop-thread-0 SsoService           : sso ping {"result": "true"}
12:57:57.856 INFO  vert.x-eventloop-thread-0 BaseServiceProxy     : -> GET /sso/ping,200|284ms
12:57:57.857 INFO  vert.x-eventloop-thread-0 SsoService           : sso ping {"result": "true"}
13:02:57.833 INFO  vert.x-eventloop-thread-0 BaseServiceProxy     : -> GET /sso/ping,200|253ms
13:02:57.837 INFO  vert.x-eventloop-thread-0 SsoService           : sso ping {"result": "true"}
13:07:57.747 INFO  vert.x-eventloop-thread-0 BaseServiceProxy     : -> GET /sso/ping,200|165ms
13:07:57.748 INFO  vert.x-eventloop-thread-0 SsoService           : sso ping {"result": "true"}
13:32:35.166 ERROR vert.x-eventloop-thread-0 ConnectionBase       : java.net.SocketException: Connection reset
13:32:35.167 ERROR vert.x-eventloop-thread-0 BaseServiceProxy     : request failed Connection reset
java.net.SocketException: Connection reset
	at java.base/sun.nio.ch.SocketChannelImpl.throwConnectionReset(SocketChannelImpl.java:394)
	at java.base/sun.nio.ch.SocketChannelImpl.read(SocketChannelImpl.java:426)
	at io.netty.buffer.PooledUnsafeDirectByteBuf.setBytes(PooledUnsafeDirectByteBuf.java:288)
	at io.netty.buffer.AbstractByteBuf.writeBytes(AbstractByteBuf.java:1106)
	at io.netty.channel.socket.nio.NioSocketChannel.doReadBytes(NioSocketChannel.java:373)
	at io.netty.channel.nio.AbstractNioByteChannel$NioByteUnsafe.read(AbstractNioByteChannel.java:123)
	at io.netty.channel.nio.NioEventLoop.processSelectedKey(NioEventLoop.java:645)
	at io.netty.channel.nio.NioEventLoop.processSelectedKeysPlain(NioEventLoop.java:545)
	at io.netty.channel.nio.NioEventLoop.processSelectedKeys(NioEventLoop.java:499)
	at io.netty.channel.nio.NioEventLoop.run(NioEventLoop.java:459)
	at io.netty.util.concurrent.SingleThreadEventExecutor$5.run(SingleThreadEventExecutor.java:858)
	at java.base/java.lang.Thread.run(Thread.java:833)
13:37:35.480 INFO  vert.x-eventloop-thread-0 BaseServiceProxy     : -> GET /sso/ping,200|352ms
13:37:35.482 INFO  vert.x-eventloop-thread-0 SsoService           : sso ping {"result": "true"}
13:42:35.366 INFO  vert.x-eventloop-thread-0 BaseServiceProxy     : -> GET /sso/ping,200|237ms
13:42:35.367 INFO  vert.x-eventloop-thread-0 SsoService           : sso ping {"result": "true"}
13:47:35.886 INFO  vert.x-eventloop-thread-0 BaseServiceProxy     : -> GET /sso/ping,200|755ms
13:47:35.888 INFO  vert.x-eventloop-thread-0 SsoService           : sso ping {"result": "true"}
13:52:35.381 INFO  vert.x-eventloop-thread-0 BaseServiceProxy     : -> GET /sso/ping,200|286ms
13:52:35.382 INFO  vert.x-eventloop-thread-0 SsoService           : sso ping {"result": "true"}
13:57:35.465 INFO  vert.x-eventloop-thread-0 BaseServiceProxy     : -> GET /sso/ping,200|377ms
13:57:35.466 INFO  vert.x-eventloop-thread-0 SsoService           : sso ping {"result": "true"}
14:02:35.342 INFO  vert.x-eventloop-thread-0 BaseServiceProxy     : -> GET /sso/ping,200|257ms
14:02:35.343 INFO  vert.x-eventloop-thread-0 SsoService           : sso ping {"result": "true"}
14:07:35.311 INFO  vert.x-eventloop-thread-0 BaseServiceProxy     : -> GET /sso/ping,200|225ms
14:07:35.312 INFO  vert.x-eventloop-thread-0 SsoService           : sso ping {"result": "true"}
14:12:35.313 INFO  vert.x-eventloop-thread-0 BaseServiceProxy     : -> GET /sso/ping,200|229ms
14:12:35.314 INFO  vert.x-eventloop-thread-0 SsoService           : sso ping {"result": "true"}
14:17:35.246 INFO  vert.x-eventloop-thread-0 BaseServiceProxy     : -> GET /sso/ping,200|165ms
14:17:35.249 INFO  vert.x-eventloop-thread-0 SsoService           : sso ping {"result": "true"}
14:35:12.764 ERROR vert.x-eventloop-thread-0 ConnectionBase       : java.net.SocketException: Connection reset
14:35:12.765 ERROR vert.x-eventloop-thread-0 BaseServiceProxy     : request failed Connection reset
java.net.SocketException: Connection reset
	at java.base/sun.nio.ch.SocketChannelImpl.throwConnectionReset(SocketChannelImpl.java:394)
	at java.base/sun.nio.ch.SocketChannelImpl.read(SocketChannelImpl.java:426)
	at io.netty.buffer.PooledUnsafeDirectByteBuf.setBytes(PooledUnsafeDirectByteBuf.java:288)
	at io.netty.buffer.AbstractByteBuf.writeBytes(AbstractByteBuf.java:1106)
	at io.netty.channel.socket.nio.NioSocketChannel.doReadBytes(NioSocketChannel.java:373)
	at io.netty.channel.nio.AbstractNioByteChannel$NioByteUnsafe.read(AbstractNioByteChannel.java:123)
	at io.netty.channel.nio.NioEventLoop.processSelectedKey(NioEventLoop.java:645)
	at io.netty.channel.nio.NioEventLoop.processSelectedKeysPlain(NioEventLoop.java:545)
	at io.netty.channel.nio.NioEventLoop.processSelectedKeys(NioEventLoop.java:499)
	at io.netty.channel.nio.NioEventLoop.run(NioEventLoop.java:459)
	at io.netty.util.concurrent.SingleThreadEventExecutor$5.run(SingleThreadEventExecutor.java:858)
	at java.base/java.lang.Thread.run(Thread.java:833)
16:23:51.078 ERROR vert.x-eventloop-thread-0 BaseServiceProxy     : request failed api.ibkr.com: nodename nor servname provided, or not known
java.net.UnknownHostException: api.ibkr.com: nodename nor servname provided, or not known
	at java.base/java.net.Inet4AddressImpl.lookupAllHostAddr(Native Method)
	at java.base/java.net.InetAddress$PlatformNameService.lookupAllHostAddr(InetAddress.java:933)
	at java.base/java.net.InetAddress.getAddressesFromNameService(InetAddress.java:1543)
	at java.base/java.net.InetAddress$NameServiceAddresses.get(InetAddress.java:852)
	at java.base/java.net.InetAddress.getAllByName0(InetAddress.java:1532)
	at java.base/java.net.InetAddress.getAllByName(InetAddress.java:1384)
	at java.base/java.net.InetAddress.getAllByName(InetAddress.java:1305)
	at java.base/java.net.InetAddress.getByName(InetAddress.java:1255)
	at io.netty.util.internal.SocketUtils$8.run(SocketUtils.java:146)
	at io.netty.util.internal.SocketUtils$8.run(SocketUtils.java:143)
	at java.base/java.security.AccessController.doPrivileged(AccessController.java:569)
	at io.netty.util.internal.SocketUtils.addressByName(SocketUtils.java:143)
	at io.netty.resolver.DefaultNameResolver.doResolve(DefaultNameResolver.java:43)
	at io.netty.resolver.SimpleNameResolver.resolve(SimpleNameResolver.java:63)
	at io.netty.resolver.SimpleNameResolver.resolve(SimpleNameResolver.java:55)
	at io.netty.resolver.InetSocketAddressResolver.doResolve(InetSocketAddressResolver.java:57)
	at io.netty.resolver.InetSocketAddressResolver.doResolve(InetSocketAddressResolver.java:32)
	at io.netty.resolver.AbstractAddressResolver.resolve(AbstractAddressResolver.java:108)
	at io.netty.bootstrap.Bootstrap.doResolveAndConnect0(Bootstrap.java:208)
	at io.netty.bootstrap.Bootstrap.doResolveAndConnect(Bootstrap.java:170)
	at io.netty.bootstrap.Bootstrap.connect(Bootstrap.java:145)
	at io.vertx.core.net.impl.ChannelProvider.connect(ChannelProvider.java:38)
	at io.vertx.core.http.impl.ConnectionManager$ChannelConnector.connect(ConnectionManager.java:537)
	at io.vertx.core.http.impl.ConnectionManager$ConnQueue.createNewConnection(ConnectionManager.java:294)
	at io.vertx.core.http.impl.ConnectionManager$ConnQueue.getConnection(ConnectionManager.java:237)
	at io.vertx.core.http.impl.ConnectionManager.getConnectionForRequest(ConnectionManager.java:171)
	at io.vertx.core.http.impl.HttpClientImpl.getConnectionForRequest(HttpClientImpl.java:950)
	at io.vertx.core.http.impl.HttpClientRequestImpl.connect(HttpClientRequestImpl.java:745)
	at io.vertx.core.http.impl.HttpClientRequestImpl.write(HttpClientRequestImpl.java:867)
	at io.vertx.core.http.impl.HttpClientRequestImpl.end(HttpClientRequestImpl.java:358)
	at ibgroup.web.core.clientportal.gw.services.SsoService.tickleSession(SsoService.java:255)
	at ibgroup.web.core.clientportal.gw.services.SsoService.onTimerEvent(SsoService.java:100)
	at io.vertx.core.impl.VertxImpl$InternalTimerHandler.handle(VertxImpl.java:870)
	at io.vertx.core.impl.VertxImpl$InternalTimerHandler.handle(VertxImpl.java:829)
	at io.vertx.core.impl.ContextImpl.lambda$wrapTask$2(ContextImpl.java:344)
	at io.netty.util.concurrent.AbstractEventExecutor.safeExecute(AbstractEventExecutor.java:163)
	at io.netty.util.concurrent.SingleThreadEventExecutor.runAllTasks(SingleThreadEventExecutor.java:403)
	at io.netty.channel.nio.NioEventLoop.run(NioEventLoop.java:463)
	at io.netty.util.concurrent.SingleThreadEventExecutor$5.run(SingleThreadEventExecutor.java:858)
	at java.base/java.lang.Thread.run(Thread.java:833)
17:31:28.215 INFO  vert.x-eventloop-thread-0 BaseServiceProxy     : -> GET /sso/ping,200|506ms
17:31:28.217 INFO  vert.x-eventloop-thread-0 SsoService           : sso ping {"result": "false"}
17:36:27.974 INFO  vert.x-eventloop-thread-0 BaseServiceProxy     : -> GET /sso/ping,200|264ms
17:36:27.976 INFO  vert.x-eventloop-thread-0 SsoService           : sso ping {"result": "true"}
17:41:28.017 INFO  vert.x-eventloop-thread-0 BaseServiceProxy     : -> GET /sso/ping,200|305ms
17:41:28.018 INFO  vert.x-eventloop-thread-0 SsoService           : sso ping {"result": "true"}
17:46:28.216 INFO  vert.x-eventloop-thread-0 BaseServiceProxy     : -> GET /sso/ping,200|502ms
17:46:28.217 INFO  vert.x-eventloop-thread-0 SsoService           : sso ping {"result": "true"}
17:51:27.955 INFO  vert.x-eventloop-thread-0 BaseServiceProxy     : -> GET /sso/ping,200|240ms
17:51:27.957 INFO  vert.x-eventloop-thread-0 SsoService           : sso ping {"result": "true"}
17:56:27.950 INFO  vert.x-eventloop-thread-0 BaseServiceProxy     : -> GET /sso/ping,200|244ms
17:56:27.952 INFO  vert.x-eventloop-thread-0 SsoService           : sso ping {"result": "true"}
18:01:28.031 INFO  vert.x-eventloop-thread-0 BaseServiceProxy     : -> GET /sso/ping,200|328ms
18:01:28.033 INFO  vert.x-eventloop-thread-0 SsoService           : sso ping {"result": "true"}
18:06:27.946 INFO  vert.x-eventloop-thread-0 BaseServiceProxy     : -> GET /sso/ping,200|242ms
18:06:27.947 INFO  vert.x-eventloop-thread-0 SsoService           : sso ping {"result": "true"}
18:11:28.694 INFO  vert.x-eventloop-thread-0 BaseServiceProxy     : -> GET /sso/ping,200|990ms
18:11:28.696 INFO  vert.x-eventloop-thread-0 SsoService           : sso ping {"result": "true"}
18:16:28.013 INFO  vert.x-eventloop-thread-0 BaseServiceProxy     : -> GET /sso/ping,200|308ms
18:16:28.015 INFO  vert.x-eventloop-thread-0 SsoService           : sso ping {"result": "true"}
18:21:27.963 INFO  vert.x-eventloop-thread-0 BaseServiceProxy     : -> GET /sso/ping,200|258ms
18:21:27.964 INFO  vert.x-eventloop-thread-0 SsoService           : sso ping {"result": "true"}
18:26:28.002 INFO  vert.x-eventloop-thread-0 BaseServiceProxy     : -> GET /sso/ping,200|263ms
18:26:28.004 INFO  vert.x-eventloop-thread-0 SsoService           : sso ping {"result": "true"}
18:31:28.005 INFO  vert.x-eventloop-thread-0 BaseServiceProxy     : -> GET /sso/ping,200|264ms
18:31:28.007 INFO  vert.x-eventloop-thread-0 SsoService           : sso ping {"result": "true"}
18:36:28.026 INFO  vert.x-eventloop-thread-0 BaseServiceProxy     : -> GET /sso/ping,200|282ms
18:36:28.029 INFO  vert.x-eventloop-thread-0 SsoService           : sso ping {"result": "true"}
18:41:27.905 INFO  vert.x-eventloop-thread-0 BaseServiceProxy     : -> GET /sso/ping,200|158ms
18:41:27.906 INFO  vert.x-eventloop-thread-0 SsoService           : sso ping {"result": "true"}
18:46:28.018 INFO  vert.x-eventloop-thread-0 BaseServiceProxy     : -> GET /sso/ping,200|266ms
18:46:28.019 INFO  vert.x-eventloop-thread-0 SsoService           : sso ping {"result": "true"}
18:51:28.061 INFO  vert.x-eventloop-thread-0 BaseServiceProxy     : -> GET /sso/ping,200|298ms
18:51:28.063 INFO  vert.x-eventloop-thread-0 SsoService           : sso ping {"result": "true"}
18:56:28.094 INFO  vert.x-eventloop-thread-0 BaseServiceProxy     : -> GET /sso/ping,200|326ms
18:56:28.096 INFO  vert.x-eventloop-thread-0 SsoService           : sso ping {"result": "true"}
19:01:28.031 INFO  vert.x-eventloop-thread-0 BaseServiceProxy     : -> GET /sso/ping,200|261ms
19:01:28.033 INFO  vert.x-eventloop-thread-0 SsoService           : sso ping {"result": "true"}
19:06:28.043 INFO  vert.x-eventloop-thread-0 BaseServiceProxy     : -> GET /sso/ping,200|268ms
19:06:28.044 INFO  vert.x-eventloop-thread-0 SsoService           : sso ping {"result": "true"}
19:11:28.080 INFO  vert.x-eventloop-thread-0 BaseServiceProxy     : -> GET /sso/ping,200|302ms
19:11:28.081 INFO  vert.x-eventloop-thread-0 SsoService           : sso ping {"result": "true"}
19:16:27.980 INFO  vert.x-eventloop-thread-0 BaseServiceProxy     : -> GET /sso/ping,200|240ms
19:16:27.982 INFO  vert.x-eventloop-thread-0 SsoService           : sso ping {"result": "true"}
19:21:28.013 INFO  vert.x-eventloop-thread-0 BaseServiceProxy     : -> GET /sso/ping,200|272ms
19:21:28.020 INFO  vert.x-eventloop-thread-0 SsoService           : sso ping {"result": "true"}
19:26:28.000 INFO  vert.x-eventloop-thread-0 BaseServiceProxy     : -> GET /sso/ping,200|258ms
19:26:28.002 INFO  vert.x-eventloop-thread-0 SsoService           : sso ping {"result": "true"}
19:31:28.056 INFO  vert.x-eventloop-thread-0 BaseServiceProxy     : -> GET /sso/ping,200|314ms
19:31:28.058 INFO  vert.x-eventloop-thread-0 SsoService           : sso ping {"result": "true"}
19:36:28.027 INFO  vert.x-eventloop-thread-0 BaseServiceProxy     : -> GET /sso/ping,200|260ms
19:36:28.029 INFO  vert.x-eventloop-thread-0 SsoService           : sso ping {"result": "true"}
19:41:28.023 INFO  vert.x-eventloop-thread-0 BaseServiceProxy     : -> GET /sso/ping,200|250ms
19:41:28.024 INFO  vert.x-eventloop-thread-0 SsoService           : sso ping {"result": "true"}
19:46:28.027 INFO  vert.x-eventloop-thread-0 BaseServiceProxy     : -> GET /sso/ping,200|252ms
19:46:28.028 INFO  vert.x-eventloop-thread-0 SsoService           : sso ping {"result": "true"}
19:51:28.043 INFO  vert.x-eventloop-thread-0 BaseServiceProxy     : -> GET /sso/ping,200|261ms
19:51:28.043 INFO  vert.x-eventloop-thread-0 SsoService           : sso ping {"result": "true"}
20:13:33.415 ERROR vert.x-eventloop-thread-0 ConnectionBase       : java.io.IOException: Operation timed out
20:13:33.417 ERROR vert.x-eventloop-thread-0 BaseServiceProxy     : request failed Operation timed out
java.io.IOException: Operation timed out
	at java.base/sun.nio.ch.SocketDispatcher.read0(Native Method)
	at java.base/sun.nio.ch.SocketDispatcher.read(SocketDispatcher.java:47)
	at java.base/sun.nio.ch.IOUtil.readIntoNativeBuffer(IOUtil.java:330)
	at java.base/sun.nio.ch.IOUtil.read(IOUtil.java:284)
	at java.base/sun.nio.ch.IOUtil.read(IOUtil.java:259)
	at java.base/sun.nio.ch.SocketChannelImpl.read(SocketChannelImpl.java:417)
	at io.netty.buffer.PooledUnsafeDirectByteBuf.setBytes(PooledUnsafeDirectByteBuf.java:288)
	at io.netty.buffer.AbstractByteBuf.writeBytes(AbstractByteBuf.java:1106)
	at io.netty.channel.socket.nio.NioSocketChannel.doReadBytes(NioSocketChannel.java:373)
	at io.netty.channel.nio.AbstractNioByteChannel$NioByteUnsafe.read(AbstractNioByteChannel.java:123)
	at io.netty.channel.nio.NioEventLoop.processSelectedKey(NioEventLoop.java:645)
	at io.netty.channel.nio.NioEventLoop.processSelectedKeysPlain(NioEventLoop.java:545)
	at io.netty.channel.nio.NioEventLoop.processSelectedKeys(NioEventLoop.java:499)
	at io.netty.channel.nio.NioEventLoop.run(NioEventLoop.java:459)
	at io.netty.util.concurrent.SingleThreadEventExecutor$5.run(SingleThreadEventExecutor.java:858)
	at java.base/java.lang.Thread.run(Thread.java:833)
20:18:15.682 INFO  vert.x-eventloop-thread-0 BaseServiceProxy     : -> GET /sso/ping,200|349ms
20:18:15.682 INFO  vert.x-eventloop-thread-0 SsoService           : sso ping {"result": "true"}
20:23:15.618 INFO  vert.x-eventloop-thread-0 BaseServiceProxy     : -> GET /sso/ping,200|283ms
20:23:15.618 INFO  vert.x-eventloop-thread-0 SsoService           : sso ping {"result": "true"}
20:28:15.602 INFO  vert.x-eventloop-thread-0 BaseServiceProxy     : -> GET /sso/ping,200|265ms
20:28:15.603 INFO  vert.x-eventloop-thread-0 SsoService           : sso ping {"result": "true"}
20:33:16.047 INFO  vert.x-eventloop-thread-0 BaseServiceProxy     : -> GET /sso/ping,200|708ms
20:33:16.048 INFO  vert.x-eventloop-thread-0 SsoService           : sso ping {"result": "true"}
20:38:15.616 INFO  vert.x-eventloop-thread-0 BaseServiceProxy     : -> GET /sso/ping,200|276ms
20:38:15.618 INFO  vert.x-eventloop-thread-0 SsoService           : sso ping {"result": "true"}
20:43:15.625 INFO  vert.x-eventloop-thread-0 BaseServiceProxy     : -> GET /sso/ping,200|284ms
20:43:15.626 INFO  vert.x-eventloop-thread-0 SsoService           : sso ping {"result": "true"}
20:48:15.798 INFO  vert.x-eventloop-thread-0 BaseServiceProxy     : -> GET /sso/ping,200|474ms
20:48:15.799 INFO  vert.x-eventloop-thread-0 SsoService           : sso ping {"result": "true"}
21:58:49.953 ERROR vert.x-eventloop-thread-0 ConnectionBase       : java.io.IOException: Operation timed out
21:58:49.955 ERROR vert.x-eventloop-thread-0 BaseServiceProxy     : request failed Operation timed out
java.io.IOException: Operation timed out
	at java.base/sun.nio.ch.SocketDispatcher.read0(Native Method)
	at java.base/sun.nio.ch.SocketDispatcher.read(SocketDispatcher.java:47)
	at java.base/sun.nio.ch.IOUtil.readIntoNativeBuffer(IOUtil.java:330)
	at java.base/sun.nio.ch.IOUtil.read(IOUtil.java:284)
	at java.base/sun.nio.ch.IOUtil.read(IOUtil.java:259)
	at java.base/sun.nio.ch.SocketChannelImpl.read(SocketChannelImpl.java:417)
	at io.netty.buffer.PooledUnsafeDirectByteBuf.setBytes(PooledUnsafeDirectByteBuf.java:288)
	at io.netty.buffer.AbstractByteBuf.writeBytes(AbstractByteBuf.java:1106)
	at io.netty.channel.socket.nio.NioSocketChannel.doReadBytes(NioSocketChannel.java:373)
	at io.netty.channel.nio.AbstractNioByteChannel$NioByteUnsafe.read(AbstractNioByteChannel.java:123)
	at io.netty.channel.nio.NioEventLoop.processSelectedKey(NioEventLoop.java:645)
	at io.netty.channel.nio.NioEventLoop.processSelectedKeysPlain(NioEventLoop.java:545)
	at io.netty.channel.nio.NioEventLoop.processSelectedKeys(NioEventLoop.java:499)
	at io.netty.channel.nio.NioEventLoop.run(NioEventLoop.java:459)
	at io.netty.util.concurrent.SingleThreadEventExecutor$5.run(SingleThreadEventExecutor.java:858)
	at java.base/java.lang.Thread.run(Thread.java:833)
22:03:26.358 INFO  vert.x-eventloop-thread-0 BaseServiceProxy     : -> GET /sso/ping,200|340ms
22:03:26.359 INFO  vert.x-eventloop-thread-0 SsoService           : sso ping {"result": "true"}
22:08:26.259 INFO  vert.x-eventloop-thread-0 BaseServiceProxy     : -> GET /sso/ping,200|241ms
22:08:26.261 INFO  vert.x-eventloop-thread-0 SsoService           : sso ping {"result": "true"}
22:13:26.271 INFO  vert.x-eventloop-thread-0 BaseServiceProxy     : -> GET /sso/ping,200|251ms
22:13:26.272 INFO  vert.x-eventloop-thread-0 SsoService           : sso ping {"result": "true"}
22:18:26.264 INFO  vert.x-eventloop-thread-0 BaseServiceProxy     : -> GET /sso/ping,200|263ms
22:18:26.265 INFO  vert.x-eventloop-thread-0 SsoService           : sso ping {"result": "true"}
22:23:26.238 INFO  vert.x-eventloop-thread-0 BaseServiceProxy     : -> GET /sso/ping,200|238ms
22:23:26.240 INFO  vert.x-eventloop-thread-0 SsoService           : sso ping {"result": "true"}
22:28:26.257 INFO  vert.x-eventloop-thread-0 BaseServiceProxy     : -> GET /sso/ping,200|258ms
22:28:26.260 INFO  vert.x-eventloop-thread-0 SsoService           : sso ping {"result": "true"}
22:33:26.338 INFO  vert.x-eventloop-thread-0 BaseServiceProxy     : -> GET /sso/ping,200|337ms
22:33:26.340 INFO  vert.x-eventloop-thread-0 SsoService           : sso ping {"result": "true"}
22:38:26.242 INFO  vert.x-eventloop-thread-0 BaseServiceProxy     : -> GET /sso/ping,200|244ms
22:38:26.244 INFO  vert.x-eventloop-thread-0 SsoService           : sso ping {"result": "true"}
22:43:26.244 INFO  vert.x-eventloop-thread-0 BaseServiceProxy     : -> GET /sso/ping,200|247ms
22:43:26.245 INFO  vert.x-eventloop-thread-0 SsoService           : sso ping {"result": "true"}
22:48:26.301 INFO  vert.x-eventloop-thread-0 BaseServiceProxy     : -> GET /sso/ping,200|305ms
22:48:26.303 INFO  vert.x-eventloop-thread-0 SsoService           : sso ping {"result": "true"}
22:53:26.239 INFO  vert.x-eventloop-thread-0 BaseServiceProxy     : -> GET /sso/ping,200|243ms
22:53:26.241 INFO  vert.x-eventloop-thread-0 SsoService           : sso ping {"result": "true"}
22:58:26.249 INFO  vert.x-eventloop-thread-0 BaseServiceProxy     : -> GET /sso/ping,200|254ms
22:58:26.250 INFO  vert.x-eventloop-thread-0 SsoService           : sso ping {"result": "true"}
23:03:26.227 INFO  vert.x-eventloop-thread-0 BaseServiceProxy     : -> GET /sso/ping,200|233ms
23:03:26.230 INFO  vert.x-eventloop-thread-0 SsoService           : sso ping {"result": "true"}
23:08:26.291 INFO  vert.x-eventloop-thread-0 BaseServiceProxy     : -> GET /sso/ping,200|239ms
23:08:26.292 INFO  vert.x-eventloop-thread-0 SsoService           : sso ping {"result": "true"}
23:13:26.296 INFO  vert.x-eventloop-thread-0 BaseServiceProxy     : -> GET /sso/ping,200|239ms
23:13:26.297 INFO  vert.x-eventloop-thread-0 SsoService           : sso ping {"result": "true"}
23:18:26.295 INFO  vert.x-eventloop-thread-0 BaseServiceProxy     : -> GET /sso/ping,200|235ms
23:18:26.296 INFO  vert.x-eventloop-thread-0 SsoService           : sso ping {"result": "true"}
23:23:26.414 INFO  vert.x-eventloop-thread-0 BaseServiceProxy     : -> GET /sso/ping,200|350ms
23:23:26.418 INFO  vert.x-eventloop-thread-0 SsoService           : sso ping {"result": "true"}
23:28:26.237 INFO  vert.x-eventloop-thread-0 BaseServiceProxy     : -> GET /sso/ping,200|170ms
23:28:26.238 INFO  vert.x-eventloop-thread-0 SsoService           : sso ping {"result": "true"}
23:33:26.274 INFO  vert.x-eventloop-thread-0 BaseServiceProxy     : -> GET /sso/ping,200|213ms
23:33:26.275 INFO  vert.x-eventloop-thread-0 SsoService           : sso ping {"result": "true"}
23:38:26.314 INFO  vert.x-eventloop-thread-0 BaseServiceProxy     : -> GET /sso/ping,200|252ms
23:38:26.315 INFO  vert.x-eventloop-thread-0 SsoService           : sso ping {"result": "true"}
23:43:26.220 INFO  vert.x-eventloop-thread-0 BaseServiceProxy     : -> GET /sso/ping,200|155ms
23:43:26.221 INFO  vert.x-eventloop-thread-0 SsoService           : sso ping {"result": "true"}
23:48:26.215 INFO  vert.x-eventloop-thread-0 BaseServiceProxy     : -> GET /sso/ping,200|148ms
23:48:26.216 INFO  vert.x-eventloop-thread-0 SsoService           : sso ping {"result": "true"}
23:53:26.366 INFO  vert.x-eventloop-thread-0 BaseServiceProxy     : -> GET /sso/ping,200|294ms
23:53:26.368 INFO  vert.x-eventloop-thread-0 SsoService           : sso ping {"result": "true"}
23:58:26.273 INFO  vert.x-eventloop-thread-0 BaseServiceProxy     : -> GET /sso/ping,200|235ms
23:58:26.274 INFO  vert.x-eventloop-thread-0 SsoService           : sso ping {"result": "true"}
