02:11:42.770 ERROR vert.x-eventloop-thread-0 ConnectionBase       : java.net.SocketException: Connection reset
02:11:42.771 ERROR vert.x-eventloop-thread-0 BaseServiceProxy     : request failed Connection reset
java.net.SocketException: Connection reset
	at java.base/sun.nio.ch.SocketChannelImpl.throwConnectionReset(SocketChannelImpl.java:394)
	at java.base/sun.nio.ch.SocketChannelImpl.read(SocketChannelImpl.java:426)
	at io.netty.buffer.PooledUnsafeDirectByteBuf.setBytes(PooledUnsafeDirectByteBuf.java:288)
	at io.netty.buffer.AbstractByteBuf.writeBytes(AbstractByteBuf.java:1106)
	at io.netty.channel.socket.nio.NioSocketChannel.doReadBytes(NioSocketChannel.java:373)
	at io.netty.channel.nio.AbstractNioByteChannel$NioByteUnsafe.read(AbstractNioByteChannel.java:123)
	at io.netty.channel.nio.NioEventLoop.processSelectedKey(NioEventLoop.java:645)
	at io.netty.channel.nio.NioEventLoop.processSelectedKeysPlain(NioEventLoop.java:545)
	at io.netty.channel.nio.NioEventLoop.processSelectedKeys(NioEventLoop.java:499)
	at io.netty.channel.nio.NioEventLoop.run(NioEventLoop.java:459)
	at io.netty.util.concurrent.SingleThreadEventExecutor$5.run(SingleThreadEventExecutor.java:858)
	at java.base/java.lang.Thread.run(Thread.java:833)
05:58:47.122 INFO  vert.x-eventloop-thread-0 BaseServiceProxy     : -> GET /sso/ping,200|238ms
05:58:47.123 INFO  vert.x-eventloop-thread-0 SsoService           : sso ping {"result": "false"}
06:33:52.425 ERROR vert.x-eventloop-thread-0 ConnectionBase       : java.net.SocketException: Connection reset
06:33:52.425 ERROR vert.x-eventloop-thread-0 BaseServiceProxy     : request failed Connection reset
java.net.SocketException: Connection reset
	at java.base/sun.nio.ch.SocketChannelImpl.throwConnectionReset(SocketChannelImpl.java:394)
	at java.base/sun.nio.ch.SocketChannelImpl.read(SocketChannelImpl.java:426)
	at io.netty.buffer.PooledUnsafeDirectByteBuf.setBytes(PooledUnsafeDirectByteBuf.java:288)
	at io.netty.buffer.AbstractByteBuf.writeBytes(AbstractByteBuf.java:1106)
	at io.netty.channel.socket.nio.NioSocketChannel.doReadBytes(NioSocketChannel.java:373)
	at io.netty.channel.nio.AbstractNioByteChannel$NioByteUnsafe.read(AbstractNioByteChannel.java:123)
	at io.netty.channel.nio.NioEventLoop.processSelectedKey(NioEventLoop.java:645)
	at io.netty.channel.nio.NioEventLoop.processSelectedKeysPlain(NioEventLoop.java:545)
	at io.netty.channel.nio.NioEventLoop.processSelectedKeys(NioEventLoop.java:499)
	at io.netty.channel.nio.NioEventLoop.run(NioEventLoop.java:459)
	at io.netty.util.concurrent.SingleThreadEventExecutor$5.run(SingleThreadEventExecutor.java:858)
	at java.base/java.lang.Thread.run(Thread.java:833)
08:39:56.304 INFO  vert.x-eventloop-thread-0 BaseServiceProxy     : -> GET /sso/ping,200|302ms
08:39:56.305 INFO  vert.x-eventloop-thread-0 SsoService           : sso ping {"result": "false"}
09:52:18.136 ERROR vert.x-eventloop-thread-0 ConnectionBase       : java.net.SocketException: Connection reset
09:52:18.139 ERROR vert.x-eventloop-thread-0 BaseServiceProxy     : request failed Connection reset
java.net.SocketException: Connection reset
	at java.base/sun.nio.ch.SocketChannelImpl.throwConnectionReset(SocketChannelImpl.java:394)
	at java.base/sun.nio.ch.SocketChannelImpl.read(SocketChannelImpl.java:426)
	at io.netty.buffer.PooledUnsafeDirectByteBuf.setBytes(PooledUnsafeDirectByteBuf.java:288)
	at io.netty.buffer.AbstractByteBuf.writeBytes(AbstractByteBuf.java:1106)
	at io.netty.channel.socket.nio.NioSocketChannel.doReadBytes(NioSocketChannel.java:373)
	at io.netty.channel.nio.AbstractNioByteChannel$NioByteUnsafe.read(AbstractNioByteChannel.java:123)
	at io.netty.channel.nio.NioEventLoop.processSelectedKey(NioEventLoop.java:645)
	at io.netty.channel.nio.NioEventLoop.processSelectedKeysPlain(NioEventLoop.java:545)
	at io.netty.channel.nio.NioEventLoop.processSelectedKeys(NioEventLoop.java:499)
	at io.netty.channel.nio.NioEventLoop.run(NioEventLoop.java:459)
	at io.netty.util.concurrent.SingleThreadEventExecutor$5.run(SingleThreadEventExecutor.java:858)
	at java.base/java.lang.Thread.run(Thread.java:833)
09:57:18.308 INFO  vert.x-eventloop-thread-0 BaseServiceProxy     : -> GET /sso/ping,200|201ms
09:57:18.309 INFO  vert.x-eventloop-thread-0 SsoService           : sso ping {"result": "true"}
10:02:18.264 INFO  vert.x-eventloop-thread-0 BaseServiceProxy     : -> GET /sso/ping,200|156ms
10:02:18.265 INFO  vert.x-eventloop-thread-0 SsoService           : sso ping {"result": "true"}
10:07:18.247 INFO  vert.x-eventloop-thread-0 BaseServiceProxy     : -> GET /sso/ping,200|139ms
10:07:18.248 INFO  vert.x-eventloop-thread-0 SsoService           : sso ping {"result": "true"}
10:12:18.256 INFO  vert.x-eventloop-thread-0 BaseServiceProxy     : -> GET /sso/ping,200|150ms
10:12:18.260 INFO  vert.x-eventloop-thread-0 SsoService           : sso ping {"result": "true"}
10:17:18.262 INFO  vert.x-eventloop-thread-0 BaseServiceProxy     : -> GET /sso/ping,200|155ms
10:17:18.265 INFO  vert.x-eventloop-thread-0 SsoService           : sso ping {"result": "true"}
10:22:18.256 INFO  vert.x-eventloop-thread-0 BaseServiceProxy     : -> GET /sso/ping,200|146ms
10:22:18.257 INFO  vert.x-eventloop-thread-0 SsoService           : sso ping {"result": "true"}
10:33:57.428 ERROR vert.x-eventloop-thread-0 ConnectionBase       : java.net.SocketException: Connection reset
10:33:57.430 ERROR vert.x-eventloop-thread-0 BaseServiceProxy     : request failed Connection reset
java.net.SocketException: Connection reset
	at java.base/sun.nio.ch.SocketChannelImpl.throwConnectionReset(SocketChannelImpl.java:394)
	at java.base/sun.nio.ch.SocketChannelImpl.read(SocketChannelImpl.java:426)
	at io.netty.buffer.PooledUnsafeDirectByteBuf.setBytes(PooledUnsafeDirectByteBuf.java:288)
	at io.netty.buffer.AbstractByteBuf.writeBytes(AbstractByteBuf.java:1106)
	at io.netty.channel.socket.nio.NioSocketChannel.doReadBytes(NioSocketChannel.java:373)
	at io.netty.channel.nio.AbstractNioByteChannel$NioByteUnsafe.read(AbstractNioByteChannel.java:123)
	at io.netty.channel.nio.NioEventLoop.processSelectedKey(NioEventLoop.java:645)
	at io.netty.channel.nio.NioEventLoop.processSelectedKeysPlain(NioEventLoop.java:545)
	at io.netty.channel.nio.NioEventLoop.processSelectedKeys(NioEventLoop.java:499)
	at io.netty.channel.nio.NioEventLoop.run(NioEventLoop.java:459)
	at io.netty.util.concurrent.SingleThreadEventExecutor$5.run(SingleThreadEventExecutor.java:858)
	at java.base/java.lang.Thread.run(Thread.java:833)
10:38:57.634 INFO  vert.x-eventloop-thread-0 BaseServiceProxy     : -> GET /sso/ping,200|235ms
10:38:57.636 INFO  vert.x-eventloop-thread-0 SsoService           : sso ping {"result": "true"}
10:43:57.549 INFO  vert.x-eventloop-thread-0 BaseServiceProxy     : -> GET /sso/ping,200|146ms
10:43:57.550 INFO  vert.x-eventloop-thread-0 SsoService           : sso ping {"result": "true"}
10:48:57.559 INFO  vert.x-eventloop-thread-0 BaseServiceProxy     : -> GET /sso/ping,200|154ms
10:48:57.561 INFO  vert.x-eventloop-thread-0 SsoService           : sso ping {"result": "true"}
10:53:57.573 INFO  vert.x-eventloop-thread-0 BaseServiceProxy     : -> GET /sso/ping,200|169ms
10:53:57.574 INFO  vert.x-eventloop-thread-0 SsoService           : sso ping {"result": "true"}
10:58:57.601 INFO  vert.x-eventloop-thread-0 BaseServiceProxy     : -> GET /sso/ping,200|195ms
10:58:57.602 INFO  vert.x-eventloop-thread-0 SsoService           : sso ping {"result": "true"}
11:03:57.604 INFO  vert.x-eventloop-thread-0 BaseServiceProxy     : -> GET /sso/ping,200|195ms
11:03:57.605 INFO  vert.x-eventloop-thread-0 SsoService           : sso ping {"result": "true"}
11:08:57.568 INFO  vert.x-eventloop-thread-0 BaseServiceProxy     : -> GET /sso/ping,200|157ms
11:08:57.570 INFO  vert.x-eventloop-thread-0 SsoService           : sso ping {"result": "true"}
11:13:57.572 INFO  vert.x-eventloop-thread-0 BaseServiceProxy     : -> GET /sso/ping,200|158ms
11:13:57.574 INFO  vert.x-eventloop-thread-0 SsoService           : sso ping {"result": "true"}
11:18:57.580 INFO  vert.x-eventloop-thread-0 BaseServiceProxy     : -> GET /sso/ping,200|147ms
11:18:57.581 INFO  vert.x-eventloop-thread-0 SsoService           : sso ping {"result": "true"}
11:23:57.587 INFO  vert.x-eventloop-thread-0 BaseServiceProxy     : -> GET /sso/ping,200|151ms
11:23:57.588 INFO  vert.x-eventloop-thread-0 SsoService           : sso ping {"result": "true"}
11:28:57.655 INFO  vert.x-eventloop-thread-0 BaseServiceProxy     : -> GET /sso/ping,200|215ms
11:28:57.656 INFO  vert.x-eventloop-thread-0 SsoService           : sso ping {"result": "true"}
11:33:57.613 INFO  vert.x-eventloop-thread-0 BaseServiceProxy     : -> GET /sso/ping,200|169ms
11:33:57.614 INFO  vert.x-eventloop-thread-0 SsoService           : sso ping {"result": "true"}
11:38:57.616 INFO  vert.x-eventloop-thread-0 BaseServiceProxy     : -> GET /sso/ping,200|168ms
11:38:57.617 INFO  vert.x-eventloop-thread-0 SsoService           : sso ping {"result": "true"}
11:43:57.584 INFO  vert.x-eventloop-thread-0 BaseServiceProxy     : -> GET /sso/ping,200|151ms
11:43:57.586 INFO  vert.x-eventloop-thread-0 SsoService           : sso ping {"result": "true"}
11:48:57.642 INFO  vert.x-eventloop-thread-0 BaseServiceProxy     : -> GET /sso/ping,200|227ms
11:48:57.643 INFO  vert.x-eventloop-thread-0 SsoService           : sso ping {"result": "true"}
11:53:57.626 INFO  vert.x-eventloop-thread-0 BaseServiceProxy     : -> GET /sso/ping,200|209ms
11:53:57.628 INFO  vert.x-eventloop-thread-0 SsoService           : sso ping {"result": "true"}
11:58:57.940 INFO  vert.x-eventloop-thread-0 BaseServiceProxy     : -> GET /sso/ping,200|523ms
11:58:57.941 INFO  vert.x-eventloop-thread-0 SsoService           : sso ping {"result": "true"}
12:03:57.559 INFO  vert.x-eventloop-thread-0 BaseServiceProxy     : -> GET /sso/ping,200|142ms
12:03:57.560 INFO  vert.x-eventloop-thread-0 SsoService           : sso ping {"result": "true"}
12:08:57.575 INFO  vert.x-eventloop-thread-0 BaseServiceProxy     : -> GET /sso/ping,200|156ms
12:08:57.577 INFO  vert.x-eventloop-thread-0 SsoService           : sso ping {"result": "true"}
18:03:06.088 ERROR vert.x-eventloop-thread-0 ConnectionBase       : java.net.SocketException: Connection reset
18:03:06.091 ERROR vert.x-eventloop-thread-0 BaseServiceProxy     : request failed Connection reset
java.net.SocketException: Connection reset
	at java.base/sun.nio.ch.SocketChannelImpl.throwConnectionReset(SocketChannelImpl.java:394)
	at java.base/sun.nio.ch.SocketChannelImpl.read(SocketChannelImpl.java:426)
	at io.netty.buffer.PooledUnsafeDirectByteBuf.setBytes(PooledUnsafeDirectByteBuf.java:288)
	at io.netty.buffer.AbstractByteBuf.writeBytes(AbstractByteBuf.java:1106)
	at io.netty.channel.socket.nio.NioSocketChannel.doReadBytes(NioSocketChannel.java:373)
	at io.netty.channel.nio.AbstractNioByteChannel$NioByteUnsafe.read(AbstractNioByteChannel.java:123)
	at io.netty.channel.nio.NioEventLoop.processSelectedKey(NioEventLoop.java:645)
	at io.netty.channel.nio.NioEventLoop.processSelectedKeysPlain(NioEventLoop.java:545)
	at io.netty.channel.nio.NioEventLoop.processSelectedKeys(NioEventLoop.java:499)
	at io.netty.channel.nio.NioEventLoop.run(NioEventLoop.java:459)
	at io.netty.util.concurrent.SingleThreadEventExecutor$5.run(SingleThreadEventExecutor.java:858)
	at java.base/java.lang.Thread.run(Thread.java:833)
23:19:19.025 INFO  vert.x-eventloop-thread-0 BaseServiceProxy     : -> GET /sso/ping,200|483ms
23:19:19.027 INFO  vert.x-eventloop-thread-0 SsoService           : sso ping {"result": "false"}
