02:09:27.318 ERROR vert.x-eventloop-thread-0 ConnectionBase       : java.io.IOException: Operation timed out
02:09:27.319 ERROR vert.x-eventloop-thread-0 BaseServiceProxy     : request failed Operation timed out
java.io.IOException: Operation timed out
	at java.base/sun.nio.ch.SocketDispatcher.read0(Native Method)
	at java.base/sun.nio.ch.SocketDispatcher.read(SocketDispatcher.java:47)
	at java.base/sun.nio.ch.IOUtil.readIntoNativeBuffer(IOUtil.java:330)
	at java.base/sun.nio.ch.IOUtil.read(IOUtil.java:284)
	at java.base/sun.nio.ch.IOUtil.read(IOUtil.java:259)
	at java.base/sun.nio.ch.SocketChannelImpl.read(SocketChannelImpl.java:417)
	at io.netty.buffer.PooledUnsafeDirectByteBuf.setBytes(PooledUnsafeDirectByteBuf.java:288)
	at io.netty.buffer.AbstractByteBuf.writeBytes(AbstractByteBuf.java:1106)
	at io.netty.channel.socket.nio.NioSocketChannel.doReadBytes(NioSocketChannel.java:373)
	at io.netty.channel.nio.AbstractNioByteChannel$NioByteUnsafe.read(AbstractNioByteChannel.java:123)
	at io.netty.channel.nio.NioEventLoop.processSelectedKey(NioEventLoop.java:645)
	at io.netty.channel.nio.NioEventLoop.processSelectedKeysPlain(NioEventLoop.java:545)
	at io.netty.channel.nio.NioEventLoop.processSelectedKeys(NioEventLoop.java:499)
	at io.netty.channel.nio.NioEventLoop.run(NioEventLoop.java:459)
	at io.netty.util.concurrent.SingleThreadEventExecutor$5.run(SingleThreadEventExecutor.java:858)
	at java.base/java.lang.Thread.run(Thread.java:833)
11:06:30.762 INFO  vert.x-eventloop-thread-0 BaseServiceProxy     : -> GET /sso/ping,200|376ms
11:06:30.763 INFO  vert.x-eventloop-thread-0 SsoService           : sso ping {"result": "false"}
11:11:30.555 INFO  vert.x-eventloop-thread-0 BaseServiceProxy     : -> GET /sso/ping,200|151ms
11:11:30.557 INFO  vert.x-eventloop-thread-0 SsoService           : sso ping {"result": "true"}
11:16:30.570 INFO  vert.x-eventloop-thread-0 BaseServiceProxy     : -> GET /sso/ping,200|158ms
11:16:30.571 INFO  vert.x-eventloop-thread-0 SsoService           : sso ping {"result": "true"}
11:21:31.763 INFO  vert.x-eventloop-thread-0 BaseServiceProxy     : -> GET /sso/ping,200|1342ms
11:21:31.765 INFO  vert.x-eventloop-thread-0 SsoService           : sso ping {"result": "true"}
11:26:30.597 INFO  vert.x-eventloop-thread-0 BaseServiceProxy     : -> GET /sso/ping,200|168ms
11:26:30.599 INFO  vert.x-eventloop-thread-0 SsoService           : sso ping {"result": "true"}
11:31:30.674 INFO  vert.x-eventloop-thread-0 BaseServiceProxy     : -> GET /sso/ping,200|244ms
11:31:30.676 INFO  vert.x-eventloop-thread-0 SsoService           : sso ping {"result": "true"}
11:36:30.605 INFO  vert.x-eventloop-thread-0 BaseServiceProxy     : -> GET /sso/ping,200|169ms
11:36:30.606 INFO  vert.x-eventloop-thread-0 SsoService           : sso ping {"result": "true"}
11:48:23.307 ERROR vert.x-eventloop-thread-0 ConnectionBase       : java.net.SocketException: Connection reset
11:48:23.308 ERROR vert.x-eventloop-thread-0 BaseServiceProxy     : request failed Connection reset
java.net.SocketException: Connection reset
	at java.base/sun.nio.ch.SocketChannelImpl.throwConnectionReset(SocketChannelImpl.java:394)
	at java.base/sun.nio.ch.SocketChannelImpl.read(SocketChannelImpl.java:426)
	at io.netty.buffer.PooledUnsafeDirectByteBuf.setBytes(PooledUnsafeDirectByteBuf.java:288)
	at io.netty.buffer.AbstractByteBuf.writeBytes(AbstractByteBuf.java:1106)
	at io.netty.channel.socket.nio.NioSocketChannel.doReadBytes(NioSocketChannel.java:373)
	at io.netty.channel.nio.AbstractNioByteChannel$NioByteUnsafe.read(AbstractNioByteChannel.java:123)
	at io.netty.channel.nio.NioEventLoop.processSelectedKey(NioEventLoop.java:645)
	at io.netty.channel.nio.NioEventLoop.processSelectedKeysPlain(NioEventLoop.java:545)
	at io.netty.channel.nio.NioEventLoop.processSelectedKeys(NioEventLoop.java:499)
	at io.netty.channel.nio.NioEventLoop.run(NioEventLoop.java:459)
	at io.netty.util.concurrent.SingleThreadEventExecutor$5.run(SingleThreadEventExecutor.java:858)
	at java.base/java.lang.Thread.run(Thread.java:833)
11:53:23.646 INFO  vert.x-eventloop-thread-0 BaseServiceProxy     : -> GET /sso/ping,200|377ms
11:53:23.647 INFO  vert.x-eventloop-thread-0 SsoService           : sso ping {"result": "true"}
11:58:23.710 INFO  vert.x-eventloop-thread-0 BaseServiceProxy     : -> GET /sso/ping,200|435ms
11:58:23.712 INFO  vert.x-eventloop-thread-0 SsoService           : sso ping {"result": "true"}
12:03:23.541 INFO  vert.x-eventloop-thread-0 BaseServiceProxy     : -> GET /sso/ping,200|260ms
12:03:23.543 INFO  vert.x-eventloop-thread-0 SsoService           : sso ping {"result": "true"}
13:11:11.281 ERROR vert.x-eventloop-thread-0 ConnectionBase       : java.io.IOException: Operation timed out
13:11:11.283 ERROR vert.x-eventloop-thread-0 BaseServiceProxy     : request failed Operation timed out
java.io.IOException: Operation timed out
	at java.base/sun.nio.ch.SocketDispatcher.read0(Native Method)
	at java.base/sun.nio.ch.SocketDispatcher.read(SocketDispatcher.java:47)
	at java.base/sun.nio.ch.IOUtil.readIntoNativeBuffer(IOUtil.java:330)
	at java.base/sun.nio.ch.IOUtil.read(IOUtil.java:284)
	at java.base/sun.nio.ch.IOUtil.read(IOUtil.java:259)
	at java.base/sun.nio.ch.SocketChannelImpl.read(SocketChannelImpl.java:417)
	at io.netty.buffer.PooledUnsafeDirectByteBuf.setBytes(PooledUnsafeDirectByteBuf.java:288)
	at io.netty.buffer.AbstractByteBuf.writeBytes(AbstractByteBuf.java:1106)
	at io.netty.channel.socket.nio.NioSocketChannel.doReadBytes(NioSocketChannel.java:373)
	at io.netty.channel.nio.AbstractNioByteChannel$NioByteUnsafe.read(AbstractNioByteChannel.java:123)
	at io.netty.channel.nio.NioEventLoop.processSelectedKey(NioEventLoop.java:645)
	at io.netty.channel.nio.NioEventLoop.processSelectedKeysPlain(NioEventLoop.java:545)
	at io.netty.channel.nio.NioEventLoop.processSelectedKeys(NioEventLoop.java:499)
	at io.netty.channel.nio.NioEventLoop.run(NioEventLoop.java:459)
	at io.netty.util.concurrent.SingleThreadEventExecutor$5.run(SingleThreadEventExecutor.java:858)
	at java.base/java.lang.Thread.run(Thread.java:833)
13:15:47.754 INFO  vert.x-eventloop-thread-0 BaseServiceProxy     : -> GET /sso/ping,200|211ms
13:15:47.755 INFO  vert.x-eventloop-thread-0 SsoService           : sso ping {"result": "true"}
13:20:47.775 INFO  vert.x-eventloop-thread-0 BaseServiceProxy     : -> GET /sso/ping,200|234ms
13:20:47.777 INFO  vert.x-eventloop-thread-0 SsoService           : sso ping {"result": "true"}
13:25:47.839 INFO  vert.x-eventloop-thread-0 BaseServiceProxy     : -> GET /sso/ping,200|296ms
13:25:47.841 INFO  vert.x-eventloop-thread-0 SsoService           : sso ping {"result": "true"}
13:30:47.871 INFO  vert.x-eventloop-thread-0 BaseServiceProxy     : -> GET /sso/ping,200|327ms
13:30:47.872 INFO  vert.x-eventloop-thread-0 SsoService           : sso ping {"result": "true"}
13:35:47.863 INFO  vert.x-eventloop-thread-0 BaseServiceProxy     : -> GET /sso/ping,200|346ms
13:35:47.865 INFO  vert.x-eventloop-thread-0 SsoService           : sso ping {"result": "true"}
13:40:47.803 INFO  vert.x-eventloop-thread-0 BaseServiceProxy     : -> GET /sso/ping,200|289ms
13:40:47.804 INFO  vert.x-eventloop-thread-0 SsoService           : sso ping {"result": "true"}
13:45:47.743 INFO  vert.x-eventloop-thread-0 BaseServiceProxy     : -> GET /sso/ping,200|230ms
13:45:47.745 INFO  vert.x-eventloop-thread-0 SsoService           : sso ping {"result": "true"}
13:54:47.825 INFO  vert.x-eventloop-thread-0 BaseServiceProxy     : -> GET /sso/ping,200|296ms
13:54:47.826 INFO  vert.x-eventloop-thread-0 SsoService           : sso ping {"result": "true"}
13:59:47.848 INFO  vert.x-eventloop-thread-0 BaseServiceProxy     : -> GET /sso/ping,200|319ms
13:59:47.849 INFO  vert.x-eventloop-thread-0 SsoService           : sso ping {"result": "true"}
14:04:47.872 INFO  vert.x-eventloop-thread-0 BaseServiceProxy     : -> GET /sso/ping,200|342ms
14:04:47.874 INFO  vert.x-eventloop-thread-0 SsoService           : sso ping {"result": "true"}
14:09:47.807 INFO  vert.x-eventloop-thread-0 BaseServiceProxy     : -> GET /sso/ping,200|276ms
14:09:47.808 INFO  vert.x-eventloop-thread-0 SsoService           : sso ping {"result": "true"}
14:14:47.750 INFO  vert.x-eventloop-thread-0 BaseServiceProxy     : -> GET /sso/ping,200|234ms
14:14:47.752 INFO  vert.x-eventloop-thread-0 SsoService           : sso ping {"result": "true"}
14:19:47.746 INFO  vert.x-eventloop-thread-0 BaseServiceProxy     : -> GET /sso/ping,200|231ms
14:19:47.748 INFO  vert.x-eventloop-thread-0 SsoService           : sso ping {"result": "true"}
14:24:47.752 INFO  vert.x-eventloop-thread-0 BaseServiceProxy     : -> GET /sso/ping,200|237ms
14:24:47.753 INFO  vert.x-eventloop-thread-0 SsoService           : sso ping {"result": "true"}
14:47:40.134 ERROR vert.x-eventloop-thread-0 ConnectionBase       : java.net.SocketException: Connection reset
14:47:40.135 ERROR vert.x-eventloop-thread-0 BaseServiceProxy     : request failed Connection reset
java.net.SocketException: Connection reset
	at java.base/sun.nio.ch.SocketChannelImpl.throwConnectionReset(SocketChannelImpl.java:394)
	at java.base/sun.nio.ch.SocketChannelImpl.read(SocketChannelImpl.java:426)
	at io.netty.buffer.PooledUnsafeDirectByteBuf.setBytes(PooledUnsafeDirectByteBuf.java:288)
	at io.netty.buffer.AbstractByteBuf.writeBytes(AbstractByteBuf.java:1106)
	at io.netty.channel.socket.nio.NioSocketChannel.doReadBytes(NioSocketChannel.java:373)
	at io.netty.channel.nio.AbstractNioByteChannel$NioByteUnsafe.read(AbstractNioByteChannel.java:123)
	at io.netty.channel.nio.NioEventLoop.processSelectedKey(NioEventLoop.java:645)
	at io.netty.channel.nio.NioEventLoop.processSelectedKeysPlain(NioEventLoop.java:545)
	at io.netty.channel.nio.NioEventLoop.processSelectedKeys(NioEventLoop.java:499)
	at io.netty.channel.nio.NioEventLoop.run(NioEventLoop.java:459)
	at io.netty.util.concurrent.SingleThreadEventExecutor$5.run(SingleThreadEventExecutor.java:858)
	at java.base/java.lang.Thread.run(Thread.java:833)
14:52:40.439 INFO  vert.x-eventloop-thread-0 BaseServiceProxy     : -> GET /sso/ping,200|323ms
14:52:40.440 INFO  vert.x-eventloop-thread-0 SsoService           : sso ping {"result": "true"}
14:57:40.379 INFO  vert.x-eventloop-thread-0 BaseServiceProxy     : -> GET /sso/ping,200|263ms
14:57:40.380 INFO  vert.x-eventloop-thread-0 SsoService           : sso ping {"result": "true"}
15:02:40.520 INFO  vert.x-eventloop-thread-0 BaseServiceProxy     : -> GET /sso/ping,200|405ms
15:02:40.522 INFO  vert.x-eventloop-thread-0 SsoService           : sso ping {"result": "true"}
15:07:40.352 INFO  vert.x-eventloop-thread-0 BaseServiceProxy     : -> GET /sso/ping,200|237ms
15:07:40.353 INFO  vert.x-eventloop-thread-0 SsoService           : sso ping {"result": "true"}
15:12:40.359 INFO  vert.x-eventloop-thread-0 BaseServiceProxy     : -> GET /sso/ping,200|236ms
15:12:40.361 INFO  vert.x-eventloop-thread-0 SsoService           : sso ping {"result": "true"}
15:17:40.567 INFO  vert.x-eventloop-thread-0 BaseServiceProxy     : -> GET /sso/ping,200|444ms
15:17:40.568 INFO  vert.x-eventloop-thread-0 SsoService           : sso ping {"result": "true"}
15:42:15.486 ERROR vert.x-eventloop-thread-0 ConnectionBase       : java.net.SocketException: Connection reset
15:42:15.487 ERROR vert.x-eventloop-thread-0 BaseServiceProxy     : request failed Connection reset
java.net.SocketException: Connection reset
	at java.base/sun.nio.ch.SocketChannelImpl.throwConnectionReset(SocketChannelImpl.java:394)
	at java.base/sun.nio.ch.SocketChannelImpl.read(SocketChannelImpl.java:426)
	at io.netty.buffer.PooledUnsafeDirectByteBuf.setBytes(PooledUnsafeDirectByteBuf.java:288)
	at io.netty.buffer.AbstractByteBuf.writeBytes(AbstractByteBuf.java:1106)
	at io.netty.channel.socket.nio.NioSocketChannel.doReadBytes(NioSocketChannel.java:373)
	at io.netty.channel.nio.AbstractNioByteChannel$NioByteUnsafe.read(AbstractNioByteChannel.java:123)
	at io.netty.channel.nio.NioEventLoop.processSelectedKey(NioEventLoop.java:645)
	at io.netty.channel.nio.NioEventLoop.processSelectedKeysPlain(NioEventLoop.java:545)
	at io.netty.channel.nio.NioEventLoop.processSelectedKeys(NioEventLoop.java:499)
	at io.netty.channel.nio.NioEventLoop.run(NioEventLoop.java:459)
	at io.netty.util.concurrent.SingleThreadEventExecutor$5.run(SingleThreadEventExecutor.java:858)
	at java.base/java.lang.Thread.run(Thread.java:833)
15:47:15.678 INFO  vert.x-eventloop-thread-0 BaseServiceProxy     : -> GET /sso/ping,200|216ms
15:47:15.680 INFO  vert.x-eventloop-thread-0 SsoService           : sso ping {"result": "true"}
15:52:15.615 INFO  vert.x-eventloop-thread-0 BaseServiceProxy     : -> GET /sso/ping,200|149ms
15:52:15.617 INFO  vert.x-eventloop-thread-0 SsoService           : sso ping {"result": "true"}
15:57:15.698 INFO  vert.x-eventloop-thread-0 BaseServiceProxy     : -> GET /sso/ping,200|228ms
15:57:15.700 INFO  vert.x-eventloop-thread-0 SsoService           : sso ping {"result": "true"}
16:02:15.621 INFO  vert.x-eventloop-thread-0 BaseServiceProxy     : -> GET /sso/ping,200|147ms
16:02:15.622 INFO  vert.x-eventloop-thread-0 SsoService           : sso ping {"result": "true"}
22:44:44.942 ERROR vert.x-eventloop-thread-0 ConnectionBase       : java.net.SocketException: Connection reset
22:44:44.943 ERROR vert.x-eventloop-thread-0 BaseServiceProxy     : request failed Connection reset
java.net.SocketException: Connection reset
	at java.base/sun.nio.ch.SocketChannelImpl.throwConnectionReset(SocketChannelImpl.java:394)
	at java.base/sun.nio.ch.SocketChannelImpl.read(SocketChannelImpl.java:426)
	at io.netty.buffer.PooledUnsafeDirectByteBuf.setBytes(PooledUnsafeDirectByteBuf.java:288)
	at io.netty.buffer.AbstractByteBuf.writeBytes(AbstractByteBuf.java:1106)
	at io.netty.channel.socket.nio.NioSocketChannel.doReadBytes(NioSocketChannel.java:373)
	at io.netty.channel.nio.AbstractNioByteChannel$NioByteUnsafe.read(AbstractNioByteChannel.java:123)
	at io.netty.channel.nio.NioEventLoop.processSelectedKey(NioEventLoop.java:645)
	at io.netty.channel.nio.NioEventLoop.processSelectedKeysPlain(NioEventLoop.java:545)
	at io.netty.channel.nio.NioEventLoop.processSelectedKeys(NioEventLoop.java:499)
	at io.netty.channel.nio.NioEventLoop.run(NioEventLoop.java:459)
	at io.netty.util.concurrent.SingleThreadEventExecutor$5.run(SingleThreadEventExecutor.java:858)
	at java.base/java.lang.Thread.run(Thread.java:833)
22:49:45.125 INFO  vert.x-eventloop-thread-0 BaseServiceProxy     : -> GET /sso/ping,200|206ms
22:49:45.126 INFO  vert.x-eventloop-thread-0 SsoService           : sso ping {"result": "false"}
22:54:45.139 INFO  vert.x-eventloop-thread-0 BaseServiceProxy     : -> GET /sso/ping,200|220ms
22:54:45.140 INFO  vert.x-eventloop-thread-0 SsoService           : sso ping {"result": "true"}
23:17:26.783 ERROR vert.x-eventloop-thread-0 ConnectionBase       : java.net.SocketException: Connection reset
23:17:26.819 ERROR vert.x-eventloop-thread-0 BaseServiceProxy     : request failed Connection reset
java.net.SocketException: Connection reset
	at java.base/sun.nio.ch.SocketChannelImpl.throwConnectionReset(SocketChannelImpl.java:394)
	at java.base/sun.nio.ch.SocketChannelImpl.read(SocketChannelImpl.java:426)
	at io.netty.buffer.PooledUnsafeDirectByteBuf.setBytes(PooledUnsafeDirectByteBuf.java:288)
	at io.netty.buffer.AbstractByteBuf.writeBytes(AbstractByteBuf.java:1106)
	at io.netty.channel.socket.nio.NioSocketChannel.doReadBytes(NioSocketChannel.java:373)
	at io.netty.channel.nio.AbstractNioByteChannel$NioByteUnsafe.read(AbstractNioByteChannel.java:123)
	at io.netty.channel.nio.NioEventLoop.processSelectedKey(NioEventLoop.java:645)
	at io.netty.channel.nio.NioEventLoop.processSelectedKeysPlain(NioEventLoop.java:545)
	at io.netty.channel.nio.NioEventLoop.processSelectedKeys(NioEventLoop.java:499)
	at io.netty.channel.nio.NioEventLoop.run(NioEventLoop.java:459)
	at io.netty.util.concurrent.SingleThreadEventExecutor$5.run(SingleThreadEventExecutor.java:858)
	at java.base/java.lang.Thread.run(Thread.java:833)
23:29:04.835 INFO  vert.x-eventloop-thread-0 BaseServiceProxy     : -> GET /sso/ping,200|476ms
23:29:04.839 INFO  vert.x-eventloop-thread-0 SsoService           : sso ping {"result": "true"}
23:45:52.378 ERROR vert.x-eventloop-thread-0 ConnectionBase       : java.io.IOException: Operation timed out
23:45:52.402 ERROR vert.x-eventloop-thread-0 BaseServiceProxy     : request failed Operation timed out
java.io.IOException: Operation timed out
	at java.base/sun.nio.ch.SocketDispatcher.read0(Native Method)
	at java.base/sun.nio.ch.SocketDispatcher.read(SocketDispatcher.java:47)
	at java.base/sun.nio.ch.IOUtil.readIntoNativeBuffer(IOUtil.java:330)
	at java.base/sun.nio.ch.IOUtil.read(IOUtil.java:284)
	at java.base/sun.nio.ch.IOUtil.read(IOUtil.java:259)
	at java.base/sun.nio.ch.SocketChannelImpl.read(SocketChannelImpl.java:417)
	at io.netty.buffer.PooledUnsafeDirectByteBuf.setBytes(PooledUnsafeDirectByteBuf.java:288)
	at io.netty.buffer.AbstractByteBuf.writeBytes(AbstractByteBuf.java:1106)
	at io.netty.channel.socket.nio.NioSocketChannel.doReadBytes(NioSocketChannel.java:373)
	at io.netty.channel.nio.AbstractNioByteChannel$NioByteUnsafe.read(AbstractNioByteChannel.java:123)
	at io.netty.channel.nio.NioEventLoop.processSelectedKey(NioEventLoop.java:645)
	at io.netty.channel.nio.NioEventLoop.processSelectedKeysPlain(NioEventLoop.java:545)
	at io.netty.channel.nio.NioEventLoop.processSelectedKeys(NioEventLoop.java:499)
	at io.netty.channel.nio.NioEventLoop.run(NioEventLoop.java:459)
	at io.netty.util.concurrent.SingleThreadEventExecutor$5.run(SingleThreadEventExecutor.java:858)
	at java.base/java.lang.Thread.run(Thread.java:833)
23:56:17.381 INFO  vert.x-eventloop-thread-0 BaseServiceProxy     : -> GET /sso/ping,200|381ms
23:56:17.382 INFO  vert.x-eventloop-thread-0 SsoService           : sso ping {"result": "true"}
