00:08:54.872 ERROR vert.x-eventloop-thread-0 ConnectionBase       : java.net.SocketException: Connection reset
00:08:54.874 ERROR vert.x-eventloop-thread-0 BaseServiceProxy     : request failed Connection reset
java.net.SocketException: Connection reset
	at java.base/sun.nio.ch.SocketChannelImpl.throwConnectionReset(SocketChannelImpl.java:394)
	at java.base/sun.nio.ch.SocketChannelImpl.read(SocketChannelImpl.java:426)
	at io.netty.buffer.PooledUnsafeDirectByteBuf.setBytes(PooledUnsafeDirectByteBuf.java:288)
	at io.netty.buffer.AbstractByteBuf.writeBytes(AbstractByteBuf.java:1106)
	at io.netty.channel.socket.nio.NioSocketChannel.doReadBytes(NioSocketChannel.java:373)
	at io.netty.channel.nio.AbstractNioByteChannel$NioByteUnsafe.read(AbstractNioByteChannel.java:123)
	at io.netty.channel.nio.NioEventLoop.processSelectedKey(NioEventLoop.java:645)
	at io.netty.channel.nio.NioEventLoop.processSelectedKeysPlain(NioEventLoop.java:545)
	at io.netty.channel.nio.NioEventLoop.processSelectedKeys(NioEventLoop.java:499)
	at io.netty.channel.nio.NioEventLoop.run(NioEventLoop.java:459)
	at io.netty.util.concurrent.SingleThreadEventExecutor$5.run(SingleThreadEventExecutor.java:858)
	at java.base/java.lang.Thread.run(Thread.java:833)
03:23:44.979 INFO  vert.x-eventloop-thread-0 BaseServiceProxy     : -> GET /sso/ping,200|294ms
03:23:44.980 INFO  vert.x-eventloop-thread-0 SsoService           : sso ping {"result": "false"}
03:28:44.827 INFO  vert.x-eventloop-thread-0 BaseServiceProxy     : -> GET /sso/ping,200|141ms
03:28:44.828 INFO  vert.x-eventloop-thread-0 SsoService           : sso ping {"result": "true"}
04:56:13.111 ERROR vert.x-eventloop-thread-0 ConnectionBase       : java.net.SocketException: Connection reset
04:56:13.112 ERROR vert.x-eventloop-thread-0 BaseServiceProxy     : request failed Connection reset
java.net.SocketException: Connection reset
	at java.base/sun.nio.ch.SocketChannelImpl.throwConnectionReset(SocketChannelImpl.java:394)
	at java.base/sun.nio.ch.SocketChannelImpl.read(SocketChannelImpl.java:426)
	at io.netty.buffer.PooledUnsafeDirectByteBuf.setBytes(PooledUnsafeDirectByteBuf.java:288)
	at io.netty.buffer.AbstractByteBuf.writeBytes(AbstractByteBuf.java:1106)
	at io.netty.channel.socket.nio.NioSocketChannel.doReadBytes(NioSocketChannel.java:373)
	at io.netty.channel.nio.AbstractNioByteChannel$NioByteUnsafe.read(AbstractNioByteChannel.java:123)
	at io.netty.channel.nio.NioEventLoop.processSelectedKey(NioEventLoop.java:645)
	at io.netty.channel.nio.NioEventLoop.processSelectedKeysPlain(NioEventLoop.java:545)
	at io.netty.channel.nio.NioEventLoop.processSelectedKeys(NioEventLoop.java:499)
	at io.netty.channel.nio.NioEventLoop.run(NioEventLoop.java:459)
	at io.netty.util.concurrent.SingleThreadEventExecutor$5.run(SingleThreadEventExecutor.java:858)
	at java.base/java.lang.Thread.run(Thread.java:833)
06:53:29.451 INFO  vert.x-eventloop-thread-0 BaseServiceProxy     : -> GET /sso/ping,200|442ms
06:53:29.452 INFO  vert.x-eventloop-thread-0 SsoService           : sso ping {"result": "false"}
06:58:30.361 INFO  vert.x-eventloop-thread-0 BaseServiceProxy     : -> GET /sso/ping,200|1351ms
06:58:30.362 INFO  vert.x-eventloop-thread-0 SsoService           : sso ping {"result": "true"}
07:15:29.163 ERROR vert.x-eventloop-thread-0 ConnectionBase       : java.io.IOException: Operation timed out
07:15:29.164 ERROR vert.x-eventloop-thread-0 BaseServiceProxy     : request failed Operation timed out
java.io.IOException: Operation timed out
	at java.base/sun.nio.ch.SocketDispatcher.read0(Native Method)
	at java.base/sun.nio.ch.SocketDispatcher.read(SocketDispatcher.java:47)
	at java.base/sun.nio.ch.IOUtil.readIntoNativeBuffer(IOUtil.java:330)
	at java.base/sun.nio.ch.IOUtil.read(IOUtil.java:284)
	at java.base/sun.nio.ch.IOUtil.read(IOUtil.java:259)
	at java.base/sun.nio.ch.SocketChannelImpl.read(SocketChannelImpl.java:417)
	at io.netty.buffer.PooledUnsafeDirectByteBuf.setBytes(PooledUnsafeDirectByteBuf.java:288)
	at io.netty.buffer.AbstractByteBuf.writeBytes(AbstractByteBuf.java:1106)
	at io.netty.channel.socket.nio.NioSocketChannel.doReadBytes(NioSocketChannel.java:373)
	at io.netty.channel.nio.AbstractNioByteChannel$NioByteUnsafe.read(AbstractNioByteChannel.java:123)
	at io.netty.channel.nio.NioEventLoop.processSelectedKey(NioEventLoop.java:645)
	at io.netty.channel.nio.NioEventLoop.processSelectedKeysPlain(NioEventLoop.java:545)
	at io.netty.channel.nio.NioEventLoop.processSelectedKeys(NioEventLoop.java:499)
	at io.netty.channel.nio.NioEventLoop.run(NioEventLoop.java:459)
	at io.netty.util.concurrent.SingleThreadEventExecutor$5.run(SingleThreadEventExecutor.java:858)
	at java.base/java.lang.Thread.run(Thread.java:833)
07:19:52.952 INFO  vert.x-eventloop-thread-0 BaseServiceProxy     : -> GET /sso/ping,200|338ms
07:19:52.953 INFO  vert.x-eventloop-thread-0 SsoService           : sso ping {"result": "true"}
07:24:52.846 INFO  vert.x-eventloop-thread-0 BaseServiceProxy     : -> GET /sso/ping,200|231ms
07:24:52.848 INFO  vert.x-eventloop-thread-0 SsoService           : sso ping {"result": "true"}
07:29:52.807 INFO  vert.x-eventloop-thread-0 BaseServiceProxy     : -> GET /sso/ping,200|236ms
07:29:52.808 INFO  vert.x-eventloop-thread-0 SsoService           : sso ping {"result": "true"}
07:34:52.836 INFO  vert.x-eventloop-thread-0 BaseServiceProxy     : -> GET /sso/ping,200|266ms
07:34:52.836 INFO  vert.x-eventloop-thread-0 SsoService           : sso ping {"result": "true"}
07:39:52.811 INFO  vert.x-eventloop-thread-0 BaseServiceProxy     : -> GET /sso/ping,200|243ms
07:39:52.812 INFO  vert.x-eventloop-thread-0 SsoService           : sso ping {"result": "true"}
07:44:52.805 INFO  vert.x-eventloop-thread-0 BaseServiceProxy     : -> GET /sso/ping,200|239ms
07:44:52.807 INFO  vert.x-eventloop-thread-0 SsoService           : sso ping {"result": "true"}
07:49:52.723 INFO  vert.x-eventloop-thread-0 BaseServiceProxy     : -> GET /sso/ping,200|159ms
07:49:52.724 INFO  vert.x-eventloop-thread-0 SsoService           : sso ping {"result": "true"}
07:54:52.816 INFO  vert.x-eventloop-thread-0 BaseServiceProxy     : -> GET /sso/ping,200|230ms
07:54:52.817 INFO  vert.x-eventloop-thread-0 SsoService           : sso ping {"result": "true"}
07:59:52.874 INFO  vert.x-eventloop-thread-0 BaseServiceProxy     : -> GET /sso/ping,200|288ms
07:59:52.875 INFO  vert.x-eventloop-thread-0 SsoService           : sso ping {"result": "true"}
08:04:52.851 INFO  vert.x-eventloop-thread-0 BaseServiceProxy     : -> GET /sso/ping,200|264ms
08:04:52.853 INFO  vert.x-eventloop-thread-0 SsoService           : sso ping {"result": "true"}
08:09:52.833 INFO  vert.x-eventloop-thread-0 BaseServiceProxy     : -> GET /sso/ping,200|245ms
08:09:52.835 INFO  vert.x-eventloop-thread-0 SsoService           : sso ping {"result": "true"}
08:14:52.816 INFO  vert.x-eventloop-thread-0 BaseServiceProxy     : -> GET /sso/ping,200|230ms
08:14:52.817 INFO  vert.x-eventloop-thread-0 SsoService           : sso ping {"result": "true"}
08:19:52.754 INFO  vert.x-eventloop-thread-0 BaseServiceProxy     : -> GET /sso/ping,200|168ms
08:19:52.756 INFO  vert.x-eventloop-thread-0 SsoService           : sso ping {"result": "true"}
08:24:52.830 INFO  vert.x-eventloop-thread-0 BaseServiceProxy     : -> GET /sso/ping,200|237ms
08:24:52.832 INFO  vert.x-eventloop-thread-0 SsoService           : sso ping {"result": "true"}
08:29:52.865 INFO  vert.x-eventloop-thread-0 BaseServiceProxy     : -> GET /sso/ping,200|273ms
08:29:52.867 INFO  vert.x-eventloop-thread-0 SsoService           : sso ping {"result": "true"}
08:34:52.820 INFO  vert.x-eventloop-thread-0 BaseServiceProxy     : -> GET /sso/ping,200|228ms
08:34:52.821 INFO  vert.x-eventloop-thread-0 SsoService           : sso ping {"result": "true"}
08:39:52.869 INFO  vert.x-eventloop-thread-0 BaseServiceProxy     : -> GET /sso/ping,200|275ms
08:39:52.870 INFO  vert.x-eventloop-thread-0 SsoService           : sso ping {"result": "true"}
08:44:52.821 INFO  vert.x-eventloop-thread-0 BaseServiceProxy     : -> GET /sso/ping,200|227ms
08:44:52.821 INFO  vert.x-eventloop-thread-0 SsoService           : sso ping {"result": "true"}
08:49:52.813 INFO  vert.x-eventloop-thread-0 BaseServiceProxy     : -> GET /sso/ping,200|247ms
08:49:52.814 INFO  vert.x-eventloop-thread-0 SsoService           : sso ping {"result": "true"}
08:54:52.807 INFO  vert.x-eventloop-thread-0 BaseServiceProxy     : -> GET /sso/ping,200|241ms
08:54:52.809 INFO  vert.x-eventloop-thread-0 SsoService           : sso ping {"result": "true"}
08:59:52.802 INFO  vert.x-eventloop-thread-0 BaseServiceProxy     : -> GET /sso/ping,200|239ms
08:59:52.804 INFO  vert.x-eventloop-thread-0 SsoService           : sso ping {"result": "true"}
09:04:52.823 INFO  vert.x-eventloop-thread-0 BaseServiceProxy     : -> GET /sso/ping,200|260ms
09:04:52.825 INFO  vert.x-eventloop-thread-0 SsoService           : sso ping {"result": "true"}
09:09:52.803 INFO  vert.x-eventloop-thread-0 BaseServiceProxy     : -> GET /sso/ping,200|243ms
09:09:52.804 INFO  vert.x-eventloop-thread-0 SsoService           : sso ping {"result": "true"}
09:14:52.875 INFO  vert.x-eventloop-thread-0 BaseServiceProxy     : -> GET /sso/ping,200|240ms
09:14:52.876 INFO  vert.x-eventloop-thread-0 SsoService           : sso ping {"result": "true"}
09:19:52.869 INFO  vert.x-eventloop-thread-0 BaseServiceProxy     : -> GET /sso/ping,200|230ms
09:19:52.870 INFO  vert.x-eventloop-thread-0 SsoService           : sso ping {"result": "true"}
09:24:52.872 INFO  vert.x-eventloop-thread-0 BaseServiceProxy     : -> GET /sso/ping,200|230ms
09:24:52.874 INFO  vert.x-eventloop-thread-0 SsoService           : sso ping {"result": "true"}
09:29:52.993 INFO  vert.x-eventloop-thread-0 BaseServiceProxy     : -> GET /sso/ping,200|347ms
09:29:52.994 INFO  vert.x-eventloop-thread-0 SsoService           : sso ping {"result": "true"}
09:34:52.949 INFO  vert.x-eventloop-thread-0 BaseServiceProxy     : -> GET /sso/ping,200|299ms
09:34:52.950 INFO  vert.x-eventloop-thread-0 SsoService           : sso ping {"result": "true"}
09:39:52.857 INFO  vert.x-eventloop-thread-0 BaseServiceProxy     : -> GET /sso/ping,200|232ms
09:39:52.858 INFO  vert.x-eventloop-thread-0 SsoService           : sso ping {"result": "true"}
09:44:52.860 INFO  vert.x-eventloop-thread-0 BaseServiceProxy     : -> GET /sso/ping,200|235ms
09:44:52.861 INFO  vert.x-eventloop-thread-0 SsoService           : sso ping {"result": "true"}
09:49:52.877 INFO  vert.x-eventloop-thread-0 BaseServiceProxy     : -> GET /sso/ping,200|250ms
09:49:52.878 INFO  vert.x-eventloop-thread-0 SsoService           : sso ping {"result": "true"}
09:54:52.930 INFO  vert.x-eventloop-thread-0 BaseServiceProxy     : -> GET /sso/ping,200|301ms
09:54:52.931 INFO  vert.x-eventloop-thread-0 SsoService           : sso ping {"result": "true"}
09:59:52.883 INFO  vert.x-eventloop-thread-0 BaseServiceProxy     : -> GET /sso/ping,200|253ms
09:59:52.885 INFO  vert.x-eventloop-thread-0 SsoService           : sso ping {"result": "true"}
10:04:52.881 INFO  vert.x-eventloop-thread-0 BaseServiceProxy     : -> GET /sso/ping,200|248ms
10:04:52.883 INFO  vert.x-eventloop-thread-0 SsoService           : sso ping {"result": "true"}
10:09:52.874 INFO  vert.x-eventloop-thread-0 BaseServiceProxy     : -> GET /sso/ping,200|238ms
10:09:52.876 INFO  vert.x-eventloop-thread-0 SsoService           : sso ping {"result": "true"}
10:14:52.865 INFO  vert.x-eventloop-thread-0 BaseServiceProxy     : -> GET /sso/ping,200|229ms
10:14:52.866 INFO  vert.x-eventloop-thread-0 SsoService           : sso ping {"result": "true"}
10:19:52.787 INFO  vert.x-eventloop-thread-0 BaseServiceProxy     : -> GET /sso/ping,200|149ms
10:19:52.788 INFO  vert.x-eventloop-thread-0 SsoService           : sso ping {"result": "true"}
10:24:52.885 INFO  vert.x-eventloop-thread-0 BaseServiceProxy     : -> GET /sso/ping,200|246ms
10:24:52.885 INFO  vert.x-eventloop-thread-0 SsoService           : sso ping {"result": "true"}
10:29:52.904 INFO  vert.x-eventloop-thread-0 BaseServiceProxy     : -> GET /sso/ping,200|264ms
10:29:52.905 INFO  vert.x-eventloop-thread-0 SsoService           : sso ping {"result": "true"}
10:34:52.884 INFO  vert.x-eventloop-thread-0 BaseServiceProxy     : -> GET /sso/ping,200|232ms
10:34:52.885 INFO  vert.x-eventloop-thread-0 SsoService           : sso ping {"result": "true"}
10:39:52.891 INFO  vert.x-eventloop-thread-0 BaseServiceProxy     : -> GET /sso/ping,200|234ms
10:39:52.892 INFO  vert.x-eventloop-thread-0 SsoService           : sso ping {"result": "true"}
10:44:52.944 INFO  vert.x-eventloop-thread-0 BaseServiceProxy     : -> GET /sso/ping,200|285ms
10:44:52.946 INFO  vert.x-eventloop-thread-0 SsoService           : sso ping {"result": "true"}
10:49:52.895 INFO  vert.x-eventloop-thread-0 BaseServiceProxy     : -> GET /sso/ping,200|233ms
10:49:52.897 INFO  vert.x-eventloop-thread-0 SsoService           : sso ping {"result": "true"}
10:54:52.810 INFO  vert.x-eventloop-thread-0 BaseServiceProxy     : -> GET /sso/ping,200|146ms
10:54:52.812 INFO  vert.x-eventloop-thread-0 SsoService           : sso ping {"result": "true"}
10:59:52.909 INFO  vert.x-eventloop-thread-0 BaseServiceProxy     : -> GET /sso/ping,200|236ms
10:59:52.911 INFO  vert.x-eventloop-thread-0 SsoService           : sso ping {"result": "true"}
11:04:52.906 INFO  vert.x-eventloop-thread-0 BaseServiceProxy     : -> GET /sso/ping,200|231ms
11:04:52.908 INFO  vert.x-eventloop-thread-0 SsoService           : sso ping {"result": "true"}
11:09:52.920 INFO  vert.x-eventloop-thread-0 BaseServiceProxy     : -> GET /sso/ping,200|240ms
11:09:52.921 INFO  vert.x-eventloop-thread-0 SsoService           : sso ping {"result": "true"}
11:14:52.911 INFO  vert.x-eventloop-thread-0 BaseServiceProxy     : -> GET /sso/ping,200|230ms
11:14:52.912 INFO  vert.x-eventloop-thread-0 SsoService           : sso ping {"result": "true"}
11:19:52.894 INFO  vert.x-eventloop-thread-0 BaseServiceProxy     : -> GET /sso/ping,200|233ms
11:19:52.895 INFO  vert.x-eventloop-thread-0 SsoService           : sso ping {"result": "true"}
11:24:52.814 INFO  vert.x-eventloop-thread-0 BaseServiceProxy     : -> GET /sso/ping,200|152ms
11:24:52.816 INFO  vert.x-eventloop-thread-0 SsoService           : sso ping {"result": "true"}
11:29:52.902 INFO  vert.x-eventloop-thread-0 BaseServiceProxy     : -> GET /sso/ping,200|238ms
11:29:52.904 INFO  vert.x-eventloop-thread-0 SsoService           : sso ping {"result": "true"}
11:34:52.894 INFO  vert.x-eventloop-thread-0 BaseServiceProxy     : -> GET /sso/ping,200|229ms
11:34:52.895 INFO  vert.x-eventloop-thread-0 SsoService           : sso ping {"result": "true"}
11:39:52.927 INFO  vert.x-eventloop-thread-0 BaseServiceProxy     : -> GET /sso/ping,200|261ms
11:39:52.928 INFO  vert.x-eventloop-thread-0 SsoService           : sso ping {"result": "true"}
11:44:52.903 INFO  vert.x-eventloop-thread-0 BaseServiceProxy     : -> GET /sso/ping,200|237ms
11:44:52.904 INFO  vert.x-eventloop-thread-0 SsoService           : sso ping {"result": "true"}
11:49:52.840 INFO  vert.x-eventloop-thread-0 BaseServiceProxy     : -> GET /sso/ping,200|173ms
11:49:52.842 INFO  vert.x-eventloop-thread-0 SsoService           : sso ping {"result": "true"}
11:54:53.092 INFO  vert.x-eventloop-thread-0 BaseServiceProxy     : -> GET /sso/ping,200|424ms
11:54:53.093 INFO  vert.x-eventloop-thread-0 SsoService           : sso ping {"result": "true"}
11:59:52.912 INFO  vert.x-eventloop-thread-0 BaseServiceProxy     : -> GET /sso/ping,200|242ms
11:59:52.913 INFO  vert.x-eventloop-thread-0 SsoService           : sso ping {"result": "true"}
12:04:52.957 INFO  vert.x-eventloop-thread-0 BaseServiceProxy     : -> GET /sso/ping,200|306ms
12:04:52.958 INFO  vert.x-eventloop-thread-0 SsoService           : sso ping {"result": "true"}
12:09:52.988 INFO  vert.x-eventloop-thread-0 BaseServiceProxy     : -> GET /sso/ping,200|338ms
12:09:52.989 INFO  vert.x-eventloop-thread-0 SsoService           : sso ping {"result": "true"}
12:14:52.892 INFO  vert.x-eventloop-thread-0 BaseServiceProxy     : -> GET /sso/ping,200|243ms
12:14:52.892 INFO  vert.x-eventloop-thread-0 SsoService           : sso ping {"result": "true"}
12:19:52.885 INFO  vert.x-eventloop-thread-0 BaseServiceProxy     : -> GET /sso/ping,200|236ms
12:19:52.886 INFO  vert.x-eventloop-thread-0 SsoService           : sso ping {"result": "true"}
12:24:52.881 INFO  vert.x-eventloop-thread-0 BaseServiceProxy     : -> GET /sso/ping,200|233ms
12:24:52.882 INFO  vert.x-eventloop-thread-0 SsoService           : sso ping {"result": "true"}
12:29:52.792 INFO  vert.x-eventloop-thread-0 BaseServiceProxy     : -> GET /sso/ping,200|145ms
12:29:52.793 INFO  vert.x-eventloop-thread-0 SsoService           : sso ping {"result": "true"}
12:34:52.951 INFO  vert.x-eventloop-thread-0 BaseServiceProxy     : -> GET /sso/ping,200|297ms
12:34:52.953 INFO  vert.x-eventloop-thread-0 SsoService           : sso ping {"result": "true"}
12:39:52.893 INFO  vert.x-eventloop-thread-0 BaseServiceProxy     : -> GET /sso/ping,200|239ms
12:39:52.893 INFO  vert.x-eventloop-thread-0 SsoService           : sso ping {"result": "true"}
12:44:52.884 INFO  vert.x-eventloop-thread-0 BaseServiceProxy     : -> GET /sso/ping,200|230ms
12:44:52.885 INFO  vert.x-eventloop-thread-0 SsoService           : sso ping {"result": "true"}
12:49:52.980 INFO  vert.x-eventloop-thread-0 BaseServiceProxy     : -> GET /sso/ping,200|325ms
12:49:52.981 INFO  vert.x-eventloop-thread-0 SsoService           : sso ping {"result": "true"}
12:54:52.892 INFO  vert.x-eventloop-thread-0 BaseServiceProxy     : -> GET /sso/ping,200|238ms
12:54:52.893 INFO  vert.x-eventloop-thread-0 SsoService           : sso ping {"result": "true"}
12:59:52.891 INFO  vert.x-eventloop-thread-0 BaseServiceProxy     : -> GET /sso/ping,200|233ms
12:59:52.893 INFO  vert.x-eventloop-thread-0 SsoService           : sso ping {"result": "true"}
13:04:52.907 INFO  vert.x-eventloop-thread-0 BaseServiceProxy     : -> GET /sso/ping,200|249ms
13:04:52.907 INFO  vert.x-eventloop-thread-0 SsoService           : sso ping {"result": "true"}
13:09:52.978 INFO  vert.x-eventloop-thread-0 BaseServiceProxy     : -> GET /sso/ping,200|319ms
13:09:52.979 INFO  vert.x-eventloop-thread-0 SsoService           : sso ping {"result": "true"}
13:14:52.909 INFO  vert.x-eventloop-thread-0 BaseServiceProxy     : -> GET /sso/ping,200|250ms
13:14:52.909 INFO  vert.x-eventloop-thread-0 SsoService           : sso ping {"result": "true"}
13:19:52.938 INFO  vert.x-eventloop-thread-0 BaseServiceProxy     : -> GET /sso/ping,200|276ms
13:19:52.939 INFO  vert.x-eventloop-thread-0 SsoService           : sso ping {"result": "true"}
13:24:52.949 INFO  vert.x-eventloop-thread-0 BaseServiceProxy     : -> GET /sso/ping,200|288ms
13:24:52.950 INFO  vert.x-eventloop-thread-0 SsoService           : sso ping {"result": "true"}
13:29:52.812 INFO  vert.x-eventloop-thread-0 BaseServiceProxy     : -> GET /sso/ping,200|151ms
13:29:52.813 INFO  vert.x-eventloop-thread-0 SsoService           : sso ping {"result": "true"}
13:34:52.950 INFO  vert.x-eventloop-thread-0 BaseServiceProxy     : -> GET /sso/ping,200|234ms
13:34:52.950 INFO  vert.x-eventloop-thread-0 SsoService           : sso ping {"result": "true"}
13:39:52.965 INFO  vert.x-eventloop-thread-0 BaseServiceProxy     : -> GET /sso/ping,200|246ms
13:39:52.967 INFO  vert.x-eventloop-thread-0 SsoService           : sso ping {"result": "true"}
13:44:52.961 INFO  vert.x-eventloop-thread-0 BaseServiceProxy     : -> GET /sso/ping,200|236ms
13:44:52.962 INFO  vert.x-eventloop-thread-0 SsoService           : sso ping {"result": "true"}
13:49:52.958 INFO  vert.x-eventloop-thread-0 BaseServiceProxy     : -> GET /sso/ping,200|229ms
13:49:52.959 INFO  vert.x-eventloop-thread-0 SsoService           : sso ping {"result": "true"}
13:54:52.964 INFO  vert.x-eventloop-thread-0 BaseServiceProxy     : -> GET /sso/ping,200|230ms
13:54:52.965 INFO  vert.x-eventloop-thread-0 SsoService           : sso ping {"result": "true"}
13:59:53.047 INFO  vert.x-eventloop-thread-0 BaseServiceProxy     : -> GET /sso/ping,200|308ms
13:59:53.048 INFO  vert.x-eventloop-thread-0 SsoService           : sso ping {"result": "true"}
14:04:52.898 INFO  vert.x-eventloop-thread-0 BaseServiceProxy     : -> GET /sso/ping,200|155ms
14:04:52.899 INFO  vert.x-eventloop-thread-0 SsoService           : sso ping {"result": "true"}
14:09:53.148 INFO  vert.x-eventloop-thread-0 BaseServiceProxy     : -> GET /sso/ping,200|399ms
14:09:53.148 INFO  vert.x-eventloop-thread-0 SsoService           : sso ping {"result": "true"}
14:14:53.057 INFO  vert.x-eventloop-thread-0 BaseServiceProxy     : -> GET /sso/ping,200|303ms
14:14:53.058 INFO  vert.x-eventloop-thread-0 SsoService           : sso ping {"result": "true"}
14:19:52.987 INFO  vert.x-eventloop-thread-0 BaseServiceProxy     : -> GET /sso/ping,200|243ms
14:19:52.988 INFO  vert.x-eventloop-thread-0 SsoService           : sso ping {"result": "true"}
14:24:52.976 INFO  vert.x-eventloop-thread-0 BaseServiceProxy     : -> GET /sso/ping,200|229ms
14:24:52.977 INFO  vert.x-eventloop-thread-0 SsoService           : sso ping {"result": "true"}
14:29:53.079 INFO  vert.x-eventloop-thread-0 BaseServiceProxy     : -> GET /sso/ping,200|328ms
14:29:53.081 INFO  vert.x-eventloop-thread-0 SsoService           : sso ping {"result": "true"}
14:34:53.065 INFO  vert.x-eventloop-thread-0 BaseServiceProxy     : -> GET /sso/ping,200|310ms
14:34:53.066 INFO  vert.x-eventloop-thread-0 SsoService           : sso ping {"result": "true"}
14:39:53.003 INFO  vert.x-eventloop-thread-0 BaseServiceProxy     : -> GET /sso/ping,200|245ms
14:39:53.004 INFO  vert.x-eventloop-thread-0 SsoService           : sso ping {"result": "true"}
14:44:52.956 INFO  vert.x-eventloop-thread-0 BaseServiceProxy     : -> GET /sso/ping,200|231ms
14:44:52.957 INFO  vert.x-eventloop-thread-0 SsoService           : sso ping {"result": "true"}
14:49:53.000 INFO  vert.x-eventloop-thread-0 BaseServiceProxy     : -> GET /sso/ping,200|271ms
14:49:53.001 INFO  vert.x-eventloop-thread-0 SsoService           : sso ping {"result": "true"}
14:54:53.000 INFO  vert.x-eventloop-thread-0 BaseServiceProxy     : -> GET /sso/ping,200|271ms
14:54:53.001 INFO  vert.x-eventloop-thread-0 SsoService           : sso ping {"result": "true"}
14:59:52.963 INFO  vert.x-eventloop-thread-0 BaseServiceProxy     : -> GET /sso/ping,200|232ms
14:59:52.964 INFO  vert.x-eventloop-thread-0 SsoService           : sso ping {"result": "true"}
15:04:52.965 INFO  vert.x-eventloop-thread-0 BaseServiceProxy     : -> GET /sso/ping,200|233ms
15:04:52.966 INFO  vert.x-eventloop-thread-0 SsoService           : sso ping {"result": "true"}
15:09:52.937 INFO  vert.x-eventloop-thread-0 BaseServiceProxy     : -> GET /sso/ping,200|238ms
15:09:52.938 INFO  vert.x-eventloop-thread-0 SsoService           : sso ping {"result": "true"}
15:14:53.056 INFO  vert.x-eventloop-thread-0 BaseServiceProxy     : -> GET /sso/ping,200|360ms
15:14:53.057 INFO  vert.x-eventloop-thread-0 SsoService           : sso ping {"result": "true"}
15:19:52.933 INFO  vert.x-eventloop-thread-0 BaseServiceProxy     : -> GET /sso/ping,200|237ms
15:19:52.934 INFO  vert.x-eventloop-thread-0 SsoService           : sso ping {"result": "true"}
15:24:52.931 INFO  vert.x-eventloop-thread-0 BaseServiceProxy     : -> GET /sso/ping,200|236ms
15:24:52.933 INFO  vert.x-eventloop-thread-0 SsoService           : sso ping {"result": "true"}
15:29:52.943 INFO  vert.x-eventloop-thread-0 BaseServiceProxy     : -> GET /sso/ping,200|247ms
15:29:52.945 INFO  vert.x-eventloop-thread-0 SsoService           : sso ping {"result": "true"}
15:34:52.922 INFO  vert.x-eventloop-thread-0 BaseServiceProxy     : -> GET /sso/ping,200|229ms
15:34:52.923 INFO  vert.x-eventloop-thread-0 SsoService           : sso ping {"result": "true"}
15:39:52.962 INFO  vert.x-eventloop-thread-0 BaseServiceProxy     : -> GET /sso/ping,200|269ms
15:39:52.963 INFO  vert.x-eventloop-thread-0 SsoService           : sso ping {"result": "true"}
15:44:52.917 INFO  vert.x-eventloop-thread-0 BaseServiceProxy     : -> GET /sso/ping,200|227ms
15:44:52.918 INFO  vert.x-eventloop-thread-0 SsoService           : sso ping {"result": "true"}
15:49:52.938 INFO  vert.x-eventloop-thread-0 BaseServiceProxy     : -> GET /sso/ping,200|246ms
15:49:52.940 INFO  vert.x-eventloop-thread-0 SsoService           : sso ping {"result": "true"}
15:54:52.939 INFO  vert.x-eventloop-thread-0 BaseServiceProxy     : -> GET /sso/ping,200|250ms
15:54:52.940 INFO  vert.x-eventloop-thread-0 SsoService           : sso ping {"result": "true"}
15:59:52.930 INFO  vert.x-eventloop-thread-0 BaseServiceProxy     : -> GET /sso/ping,200|238ms
15:59:52.933 INFO  vert.x-eventloop-thread-0 SsoService           : sso ping {"result": "true"}
16:04:52.867 INFO  vert.x-eventloop-thread-0 BaseServiceProxy     : -> GET /sso/ping,200|181ms
16:04:52.869 INFO  vert.x-eventloop-thread-0 SsoService           : sso ping {"result": "true"}
16:09:52.935 INFO  vert.x-eventloop-thread-0 BaseServiceProxy     : -> GET /sso/ping,200|249ms
16:09:52.936 INFO  vert.x-eventloop-thread-0 SsoService           : sso ping {"result": "true"}
16:14:52.917 INFO  vert.x-eventloop-thread-0 BaseServiceProxy     : -> GET /sso/ping,200|233ms
16:14:52.918 INFO  vert.x-eventloop-thread-0 SsoService           : sso ping {"result": "true"}
16:19:52.913 INFO  vert.x-eventloop-thread-0 BaseServiceProxy     : -> GET /sso/ping,200|226ms
16:19:52.914 INFO  vert.x-eventloop-thread-0 SsoService           : sso ping {"result": "true"}
16:24:52.854 INFO  vert.x-eventloop-thread-0 BaseServiceProxy     : -> GET /sso/ping,200|171ms
16:24:52.856 INFO  vert.x-eventloop-thread-0 SsoService           : sso ping {"result": "true"}
16:29:52.912 INFO  vert.x-eventloop-thread-0 BaseServiceProxy     : -> GET /sso/ping,200|233ms
16:29:52.913 INFO  vert.x-eventloop-thread-0 SsoService           : sso ping {"result": "true"}
16:34:52.911 INFO  vert.x-eventloop-thread-0 BaseServiceProxy     : -> GET /sso/ping,200|232ms
16:34:52.912 INFO  vert.x-eventloop-thread-0 SsoService           : sso ping {"result": "true"}
16:39:52.939 INFO  vert.x-eventloop-thread-0 BaseServiceProxy     : -> GET /sso/ping,200|262ms
16:39:52.940 INFO  vert.x-eventloop-thread-0 SsoService           : sso ping {"result": "true"}
16:44:52.928 INFO  vert.x-eventloop-thread-0 BaseServiceProxy     : -> GET /sso/ping,200|251ms
16:44:52.932 INFO  vert.x-eventloop-thread-0 SsoService           : sso ping {"result": "true"}
16:49:52.947 INFO  vert.x-eventloop-thread-0 BaseServiceProxy     : -> GET /sso/ping,200|271ms
16:49:52.948 INFO  vert.x-eventloop-thread-0 SsoService           : sso ping {"result": "true"}
16:54:52.904 INFO  vert.x-eventloop-thread-0 BaseServiceProxy     : -> GET /sso/ping,200|230ms
16:54:52.905 INFO  vert.x-eventloop-thread-0 SsoService           : sso ping {"result": "false"}
17:59:57.102 ERROR vert.x-eventloop-thread-0 ConnectionBase       : java.io.IOException: Operation timed out
17:59:57.104 ERROR vert.x-eventloop-thread-0 BaseServiceProxy     : request failed Operation timed out
java.io.IOException: Operation timed out
	at java.base/sun.nio.ch.SocketDispatcher.read0(Native Method)
	at java.base/sun.nio.ch.SocketDispatcher.read(SocketDispatcher.java:47)
	at java.base/sun.nio.ch.IOUtil.readIntoNativeBuffer(IOUtil.java:330)
	at java.base/sun.nio.ch.IOUtil.read(IOUtil.java:284)
	at java.base/sun.nio.ch.IOUtil.read(IOUtil.java:259)
	at java.base/sun.nio.ch.SocketChannelImpl.read(SocketChannelImpl.java:417)
	at io.netty.buffer.PooledUnsafeDirectByteBuf.setBytes(PooledUnsafeDirectByteBuf.java:288)
	at io.netty.buffer.AbstractByteBuf.writeBytes(AbstractByteBuf.java:1106)
	at io.netty.channel.socket.nio.NioSocketChannel.doReadBytes(NioSocketChannel.java:373)
	at io.netty.channel.nio.AbstractNioByteChannel$NioByteUnsafe.read(AbstractNioByteChannel.java:123)
	at io.netty.channel.nio.NioEventLoop.processSelectedKey(NioEventLoop.java:645)
	at io.netty.channel.nio.NioEventLoop.processSelectedKeysPlain(NioEventLoop.java:545)
	at io.netty.channel.nio.NioEventLoop.processSelectedKeys(NioEventLoop.java:499)
	at io.netty.channel.nio.NioEventLoop.run(NioEventLoop.java:459)
	at io.netty.util.concurrent.SingleThreadEventExecutor$5.run(SingleThreadEventExecutor.java:858)
	at java.base/java.lang.Thread.run(Thread.java:833)
18:04:40.735 INFO  vert.x-eventloop-thread-0 BaseServiceProxy     : -> GET /sso/ping,200|1585ms
18:04:40.736 INFO  vert.x-eventloop-thread-0 SsoService           : sso ping {"result": "true"}
18:09:39.376 INFO  vert.x-eventloop-thread-0 BaseServiceProxy     : -> GET /sso/ping,200|221ms
18:09:39.377 INFO  vert.x-eventloop-thread-0 SsoService           : sso ping {"result": "true"}
18:29:37.852 ERROR vert.x-eventloop-thread-0 ConnectionBase       : java.net.SocketException: Connection reset
18:29:37.853 ERROR vert.x-eventloop-thread-0 BaseServiceProxy     : request failed Connection reset
java.net.SocketException: Connection reset
	at java.base/sun.nio.ch.SocketChannelImpl.throwConnectionReset(SocketChannelImpl.java:394)
	at java.base/sun.nio.ch.SocketChannelImpl.read(SocketChannelImpl.java:426)
	at io.netty.buffer.PooledUnsafeDirectByteBuf.setBytes(PooledUnsafeDirectByteBuf.java:288)
	at io.netty.buffer.AbstractByteBuf.writeBytes(AbstractByteBuf.java:1106)
	at io.netty.channel.socket.nio.NioSocketChannel.doReadBytes(NioSocketChannel.java:373)
	at io.netty.channel.nio.AbstractNioByteChannel$NioByteUnsafe.read(AbstractNioByteChannel.java:123)
	at io.netty.channel.nio.NioEventLoop.processSelectedKey(NioEventLoop.java:645)
	at io.netty.channel.nio.NioEventLoop.processSelectedKeysPlain(NioEventLoop.java:545)
	at io.netty.channel.nio.NioEventLoop.processSelectedKeys(NioEventLoop.java:499)
	at io.netty.channel.nio.NioEventLoop.run(NioEventLoop.java:459)
	at io.netty.util.concurrent.SingleThreadEventExecutor$5.run(SingleThreadEventExecutor.java:858)
	at java.base/java.lang.Thread.run(Thread.java:833)
18:34:38.123 INFO  vert.x-eventloop-thread-0 BaseServiceProxy     : -> GET /sso/ping,200|291ms
18:34:38.125 INFO  vert.x-eventloop-thread-0 SsoService           : sso ping {"result": "true"}
18:39:38.070 INFO  vert.x-eventloop-thread-0 BaseServiceProxy     : -> GET /sso/ping,200|235ms
18:39:38.072 INFO  vert.x-eventloop-thread-0 SsoService           : sso ping {"result": "true"}
19:29:33.072 ERROR vert.x-eventloop-thread-0 ConnectionBase       : java.net.SocketException: Connection reset
19:29:33.073 ERROR vert.x-eventloop-thread-0 BaseServiceProxy     : request failed Connection reset
java.net.SocketException: Connection reset
	at java.base/sun.nio.ch.SocketChannelImpl.throwConnectionReset(SocketChannelImpl.java:394)
	at java.base/sun.nio.ch.SocketChannelImpl.read(SocketChannelImpl.java:426)
	at io.netty.buffer.PooledUnsafeDirectByteBuf.setBytes(PooledUnsafeDirectByteBuf.java:288)
	at io.netty.buffer.AbstractByteBuf.writeBytes(AbstractByteBuf.java:1106)
	at io.netty.channel.socket.nio.NioSocketChannel.doReadBytes(NioSocketChannel.java:373)
	at io.netty.channel.nio.AbstractNioByteChannel$NioByteUnsafe.read(AbstractNioByteChannel.java:123)
	at io.netty.channel.nio.NioEventLoop.processSelectedKey(NioEventLoop.java:645)
	at io.netty.channel.nio.NioEventLoop.processSelectedKeysPlain(NioEventLoop.java:545)
	at io.netty.channel.nio.NioEventLoop.processSelectedKeys(NioEventLoop.java:499)
	at io.netty.channel.nio.NioEventLoop.run(NioEventLoop.java:459)
	at io.netty.util.concurrent.SingleThreadEventExecutor$5.run(SingleThreadEventExecutor.java:858)
	at java.base/java.lang.Thread.run(Thread.java:833)
19:34:32.723 INFO  vert.x-eventloop-thread-0 BaseServiceProxy     : -> GET /sso/ping,200|282ms
19:34:32.724 INFO  vert.x-eventloop-thread-0 SsoService           : sso ping {"result": "true"}
19:39:32.687 INFO  vert.x-eventloop-thread-0 BaseServiceProxy     : -> GET /sso/ping,200|240ms
19:39:32.689 INFO  vert.x-eventloop-thread-0 SsoService           : sso ping {"result": "true"}
19:44:32.694 INFO  vert.x-eventloop-thread-0 BaseServiceProxy     : -> GET /sso/ping,200|243ms
19:44:32.696 INFO  vert.x-eventloop-thread-0 SsoService           : sso ping {"result": "true"}
19:49:32.681 INFO  vert.x-eventloop-thread-0 BaseServiceProxy     : -> GET /sso/ping,200|226ms
19:49:32.682 INFO  vert.x-eventloop-thread-0 SsoService           : sso ping {"result": "true"}
19:54:32.690 INFO  vert.x-eventloop-thread-0 BaseServiceProxy     : -> GET /sso/ping,200|229ms
19:54:32.690 INFO  vert.x-eventloop-thread-0 SsoService           : sso ping {"result": "true"}
19:59:32.655 INFO  vert.x-eventloop-thread-0 BaseServiceProxy     : -> GET /sso/ping,200|223ms
19:59:32.656 INFO  vert.x-eventloop-thread-0 SsoService           : sso ping {"result": "true"}
20:04:32.652 INFO  vert.x-eventloop-thread-0 BaseServiceProxy     : -> GET /sso/ping,200|218ms
20:04:32.656 INFO  vert.x-eventloop-thread-0 SsoService           : sso ping {"result": "true"}
20:09:32.801 INFO  vert.x-eventloop-thread-0 BaseServiceProxy     : -> GET /sso/ping,200|365ms
20:09:32.803 INFO  vert.x-eventloop-thread-0 SsoService           : sso ping {"result": "true"}
20:14:32.771 INFO  vert.x-eventloop-thread-0 BaseServiceProxy     : -> GET /sso/ping,200|334ms
20:14:32.772 INFO  vert.x-eventloop-thread-0 SsoService           : sso ping {"result": "true"}
20:19:32.728 INFO  vert.x-eventloop-thread-0 BaseServiceProxy     : -> GET /sso/ping,200|288ms
20:19:32.729 INFO  vert.x-eventloop-thread-0 SsoService           : sso ping {"result": "true"}
20:24:32.628 INFO  vert.x-eventloop-thread-0 BaseServiceProxy     : -> GET /sso/ping,200|222ms
20:24:32.629 INFO  vert.x-eventloop-thread-0 SsoService           : sso ping {"result": "true"}
20:29:32.642 INFO  vert.x-eventloop-thread-0 BaseServiceProxy     : -> GET /sso/ping,200|236ms
20:29:32.643 INFO  vert.x-eventloop-thread-0 SsoService           : sso ping {"result": "true"}
20:34:32.953 INFO  vert.x-eventloop-thread-0 BaseServiceProxy     : -> GET /sso/ping,200|548ms
20:34:32.954 INFO  vert.x-eventloop-thread-0 SsoService           : sso ping {"result": "true"}
20:39:32.641 INFO  vert.x-eventloop-thread-0 BaseServiceProxy     : -> GET /sso/ping,200|236ms
20:39:32.642 INFO  vert.x-eventloop-thread-0 SsoService           : sso ping {"result": "true"}
20:44:32.628 INFO  vert.x-eventloop-thread-0 BaseServiceProxy     : -> GET /sso/ping,200|225ms
20:44:32.629 INFO  vert.x-eventloop-thread-0 SsoService           : sso ping {"result": "true"}
20:49:32.657 INFO  vert.x-eventloop-thread-0 BaseServiceProxy     : -> GET /sso/ping,200|225ms
20:49:32.659 INFO  vert.x-eventloop-thread-0 SsoService           : sso ping {"result": "true"}
20:54:32.672 INFO  vert.x-eventloop-thread-0 BaseServiceProxy     : -> GET /sso/ping,200|237ms
20:54:32.673 INFO  vert.x-eventloop-thread-0 SsoService           : sso ping {"result": "true"}
20:59:32.666 INFO  vert.x-eventloop-thread-0 BaseServiceProxy     : -> GET /sso/ping,200|229ms
20:59:32.668 INFO  vert.x-eventloop-thread-0 SsoService           : sso ping {"result": "true"}
21:04:32.584 INFO  vert.x-eventloop-thread-0 BaseServiceProxy     : -> GET /sso/ping,200|147ms
21:04:32.586 INFO  vert.x-eventloop-thread-0 SsoService           : sso ping {"result": "true"}
21:09:32.671 INFO  vert.x-eventloop-thread-0 BaseServiceProxy     : -> GET /sso/ping,200|232ms
21:09:32.673 INFO  vert.x-eventloop-thread-0 SsoService           : sso ping {"result": "true"}
21:29:22.781 ERROR vert.x-eventloop-thread-0 ConnectionBase       : java.net.SocketException: Connection reset
21:29:22.784 ERROR vert.x-eventloop-thread-0 BaseServiceProxy     : request failed Connection reset
java.net.SocketException: Connection reset
	at java.base/sun.nio.ch.SocketChannelImpl.throwConnectionReset(SocketChannelImpl.java:394)
	at java.base/sun.nio.ch.SocketChannelImpl.read(SocketChannelImpl.java:426)
	at io.netty.buffer.PooledUnsafeDirectByteBuf.setBytes(PooledUnsafeDirectByteBuf.java:288)
	at io.netty.buffer.AbstractByteBuf.writeBytes(AbstractByteBuf.java:1106)
	at io.netty.channel.socket.nio.NioSocketChannel.doReadBytes(NioSocketChannel.java:373)
	at io.netty.channel.nio.AbstractNioByteChannel$NioByteUnsafe.read(AbstractNioByteChannel.java:123)
	at io.netty.channel.nio.NioEventLoop.processSelectedKey(NioEventLoop.java:645)
	at io.netty.channel.nio.NioEventLoop.processSelectedKeysPlain(NioEventLoop.java:545)
	at io.netty.channel.nio.NioEventLoop.processSelectedKeys(NioEventLoop.java:499)
	at io.netty.channel.nio.NioEventLoop.run(NioEventLoop.java:459)
	at io.netty.util.concurrent.SingleThreadEventExecutor$5.run(SingleThreadEventExecutor.java:858)
	at java.base/java.lang.Thread.run(Thread.java:833)
21:34:23.037 INFO  vert.x-eventloop-thread-0 BaseServiceProxy     : -> GET /sso/ping,200|273ms
21:34:23.039 INFO  vert.x-eventloop-thread-0 SsoService           : sso ping {"result": "true"}
21:39:23.579 INFO  vert.x-eventloop-thread-0 BaseServiceProxy     : -> GET /sso/ping,200|847ms
21:39:23.581 INFO  vert.x-eventloop-thread-0 SsoService           : sso ping {"result": "true"}
21:44:23.039 INFO  vert.x-eventloop-thread-0 BaseServiceProxy     : -> GET /sso/ping,200|307ms
21:44:23.041 INFO  vert.x-eventloop-thread-0 SsoService           : sso ping {"result": "false"}
21:49:22.998 INFO  vert.x-eventloop-thread-0 BaseServiceProxy     : -> GET /sso/ping,200|266ms
21:49:22.999 INFO  vert.x-eventloop-thread-0 SsoService           : sso ping {"result": "true"}
21:52:32.210 WARN  vert.x-eventloop-thread-0 DefaultChannelPipeline : An exceptionCaught() event was fired, and it reached at the tail of the pipeline. It usually means the last handler in the pipeline did not handle the exception.
io.netty.handler.codec.DecoderException: javax.net.ssl.SSLHandshakeException: Received fatal alert: certificate_unknown
	at io.netty.handler.codec.ByteToMessageDecoder.callDecode(ByteToMessageDecoder.java:459)
	at io.netty.handler.codec.ByteToMessageDecoder.channelRead(ByteToMessageDecoder.java:265)
	at io.netty.channel.AbstractChannelHandlerContext.invokeChannelRead(AbstractChannelHandlerContext.java:362)
	at io.netty.channel.AbstractChannelHandlerContext.invokeChannelRead(AbstractChannelHandlerContext.java:348)
	at io.netty.channel.AbstractChannelHandlerContext.fireChannelRead(AbstractChannelHandlerContext.java:340)
	at io.netty.channel.DefaultChannelPipeline$HeadContext.channelRead(DefaultChannelPipeline.java:1359)
	at io.netty.channel.AbstractChannelHandlerContext.invokeChannelRead(AbstractChannelHandlerContext.java:362)
	at io.netty.channel.AbstractChannelHandlerContext.invokeChannelRead(AbstractChannelHandlerContext.java:348)
	at io.netty.channel.DefaultChannelPipeline.fireChannelRead(DefaultChannelPipeline.java:935)
	at io.netty.channel.nio.AbstractNioByteChannel$NioByteUnsafe.read(AbstractNioByteChannel.java:134)
	at io.netty.channel.nio.NioEventLoop.processSelectedKey(NioEventLoop.java:645)
	at io.netty.channel.nio.NioEventLoop.processSelectedKeysPlain(NioEventLoop.java:545)
	at io.netty.channel.nio.NioEventLoop.processSelectedKeys(NioEventLoop.java:499)
	at io.netty.channel.nio.NioEventLoop.run(NioEventLoop.java:459)
	at io.netty.util.concurrent.SingleThreadEventExecutor$5.run(SingleThreadEventExecutor.java:858)
	at java.base/java.lang.Thread.run(Thread.java:833)
Caused by: javax.net.ssl.SSLHandshakeException: Received fatal alert: certificate_unknown
	at java.base/sun.security.ssl.Alert.createSSLException(Alert.java:131)
	at java.base/sun.security.ssl.Alert.createSSLException(Alert.java:117)
	at java.base/sun.security.ssl.TransportContext.fatal(TransportContext.java:365)
	at java.base/sun.security.ssl.Alert$AlertConsumer.consume(Alert.java:293)
	at java.base/sun.security.ssl.TransportContext.dispatch(TransportContext.java:204)
	at java.base/sun.security.ssl.SSLTransport.decode(SSLTransport.java:172)
	at java.base/sun.security.ssl.SSLEngineImpl.decode(SSLEngineImpl.java:736)
	at java.base/sun.security.ssl.SSLEngineImpl.readRecord(SSLEngineImpl.java:691)
	at java.base/sun.security.ssl.SSLEngineImpl.unwrap(SSLEngineImpl.java:506)
	at java.base/sun.security.ssl.SSLEngineImpl.unwrap(SSLEngineImpl.java:482)
	at java.base/javax.net.ssl.SSLEngine.unwrap(SSLEngine.java:679)
	at io.netty.handler.ssl.SslHandler$SslEngineType$3.unwrap(SslHandler.java:281)
	at io.netty.handler.ssl.SslHandler.unwrap(SslHandler.java:1215)
	at io.netty.handler.ssl.SslHandler.decodeJdkCompatible(SslHandler.java:1127)
	at io.netty.handler.ssl.SslHandler.decode(SslHandler.java:1162)
	at io.netty.handler.codec.ByteToMessageDecoder.decodeRemovalReentryProtection(ByteToMessageDecoder.java:489)
	at io.netty.handler.codec.ByteToMessageDecoder.callDecode(ByteToMessageDecoder.java:428)
	... 15 common frames omitted
21:52:32.211 WARN  vert.x-eventloop-thread-0 DefaultChannelPipeline : An exceptionCaught() event was fired, and it reached at the tail of the pipeline. It usually means the last handler in the pipeline did not handle the exception.
io.netty.handler.codec.DecoderException: javax.net.ssl.SSLHandshakeException: Received fatal alert: certificate_unknown
	at io.netty.handler.codec.ByteToMessageDecoder.callDecode(ByteToMessageDecoder.java:459)
	at io.netty.handler.codec.ByteToMessageDecoder.channelRead(ByteToMessageDecoder.java:265)
	at io.netty.channel.AbstractChannelHandlerContext.invokeChannelRead(AbstractChannelHandlerContext.java:362)
	at io.netty.channel.AbstractChannelHandlerContext.invokeChannelRead(AbstractChannelHandlerContext.java:348)
	at io.netty.channel.AbstractChannelHandlerContext.fireChannelRead(AbstractChannelHandlerContext.java:340)
	at io.netty.channel.DefaultChannelPipeline$HeadContext.channelRead(DefaultChannelPipeline.java:1359)
	at io.netty.channel.AbstractChannelHandlerContext.invokeChannelRead(AbstractChannelHandlerContext.java:362)
	at io.netty.channel.AbstractChannelHandlerContext.invokeChannelRead(AbstractChannelHandlerContext.java:348)
	at io.netty.channel.DefaultChannelPipeline.fireChannelRead(DefaultChannelPipeline.java:935)
	at io.netty.channel.nio.AbstractNioByteChannel$NioByteUnsafe.read(AbstractNioByteChannel.java:134)
	at io.netty.channel.nio.NioEventLoop.processSelectedKey(NioEventLoop.java:645)
	at io.netty.channel.nio.NioEventLoop.processSelectedKeysPlain(NioEventLoop.java:545)
	at io.netty.channel.nio.NioEventLoop.processSelectedKeys(NioEventLoop.java:499)
	at io.netty.channel.nio.NioEventLoop.run(NioEventLoop.java:459)
	at io.netty.util.concurrent.SingleThreadEventExecutor$5.run(SingleThreadEventExecutor.java:858)
	at java.base/java.lang.Thread.run(Thread.java:833)
Caused by: javax.net.ssl.SSLHandshakeException: Received fatal alert: certificate_unknown
	at java.base/sun.security.ssl.Alert.createSSLException(Alert.java:131)
	at java.base/sun.security.ssl.Alert.createSSLException(Alert.java:117)
	at java.base/sun.security.ssl.TransportContext.fatal(TransportContext.java:365)
	at java.base/sun.security.ssl.Alert$AlertConsumer.consume(Alert.java:293)
	at java.base/sun.security.ssl.TransportContext.dispatch(TransportContext.java:204)
	at java.base/sun.security.ssl.SSLTransport.decode(SSLTransport.java:172)
	at java.base/sun.security.ssl.SSLEngineImpl.decode(SSLEngineImpl.java:736)
	at java.base/sun.security.ssl.SSLEngineImpl.readRecord(SSLEngineImpl.java:691)
	at java.base/sun.security.ssl.SSLEngineImpl.unwrap(SSLEngineImpl.java:506)
	at java.base/sun.security.ssl.SSLEngineImpl.unwrap(SSLEngineImpl.java:482)
	at java.base/javax.net.ssl.SSLEngine.unwrap(SSLEngine.java:679)
	at io.netty.handler.ssl.SslHandler$SslEngineType$3.unwrap(SslHandler.java:281)
	at io.netty.handler.ssl.SslHandler.unwrap(SslHandler.java:1215)
	at io.netty.handler.ssl.SslHandler.decodeJdkCompatible(SslHandler.java:1127)
	at io.netty.handler.ssl.SslHandler.decode(SslHandler.java:1162)
	at io.netty.handler.codec.ByteToMessageDecoder.decodeRemovalReentryProtection(ByteToMessageDecoder.java:489)
	at io.netty.handler.codec.ByteToMessageDecoder.callDecode(ByteToMessageDecoder.java:428)
	... 15 common frames omitted
22:12:43.933 ERROR vert.x-eventloop-thread-0 ConnectionBase       : java.net.SocketException: Connection reset
22:12:43.934 ERROR vert.x-eventloop-thread-0 BaseServiceProxy     : request failed Connection reset
java.net.SocketException: Connection reset
	at java.base/sun.nio.ch.SocketChannelImpl.throwConnectionReset(SocketChannelImpl.java:394)
	at java.base/sun.nio.ch.SocketChannelImpl.read(SocketChannelImpl.java:426)
	at io.netty.buffer.PooledUnsafeDirectByteBuf.setBytes(PooledUnsafeDirectByteBuf.java:288)
	at io.netty.buffer.AbstractByteBuf.writeBytes(AbstractByteBuf.java:1106)
	at io.netty.channel.socket.nio.NioSocketChannel.doReadBytes(NioSocketChannel.java:373)
	at io.netty.channel.nio.AbstractNioByteChannel$NioByteUnsafe.read(AbstractNioByteChannel.java:123)
	at io.netty.channel.nio.NioEventLoop.processSelectedKey(NioEventLoop.java:645)
	at io.netty.channel.nio.NioEventLoop.processSelectedKeysPlain(NioEventLoop.java:545)
	at io.netty.channel.nio.NioEventLoop.processSelectedKeys(NioEventLoop.java:499)
	at io.netty.channel.nio.NioEventLoop.run(NioEventLoop.java:459)
	at io.netty.util.concurrent.SingleThreadEventExecutor$5.run(SingleThreadEventExecutor.java:858)
	at java.base/java.lang.Thread.run(Thread.java:833)
22:48:37.961 INFO  vert.x-eventloop-thread-0 BaseServiceProxy     : -> GET /sso/ping,200|274ms
22:48:37.964 INFO  vert.x-eventloop-thread-0 SsoService           : sso ping {"result": "false"}
22:53:37.983 INFO  vert.x-eventloop-thread-0 BaseServiceProxy     : -> GET /sso/ping,200|299ms
22:53:37.984 INFO  vert.x-eventloop-thread-0 SsoService           : sso ping {"result": "true"}
22:58:38.019 INFO  vert.x-eventloop-thread-0 BaseServiceProxy     : -> GET /sso/ping,200|331ms
22:58:38.020 INFO  vert.x-eventloop-thread-0 SsoService           : sso ping {"result": "true"}
23:03:37.915 INFO  vert.x-eventloop-thread-0 BaseServiceProxy     : -> GET /sso/ping,200|230ms
23:03:37.918 INFO  vert.x-eventloop-thread-0 SsoService           : sso ping {"result": "true"}
23:08:38.078 INFO  vert.x-eventloop-thread-0 BaseServiceProxy     : -> GET /sso/ping,200|395ms
23:08:38.081 INFO  vert.x-eventloop-thread-0 SsoService           : sso ping {"result": "true"}
23:13:37.835 INFO  vert.x-eventloop-thread-0 BaseServiceProxy     : -> GET /sso/ping,200|151ms
23:13:37.837 INFO  vert.x-eventloop-thread-0 SsoService           : sso ping {"result": "true"}
23:56:59.863 ERROR vert.x-eventloop-thread-0 ConnectionBase       : java.net.SocketException: Connection reset
23:56:59.866 ERROR vert.x-eventloop-thread-0 BaseServiceProxy     : request failed Connection reset
java.net.SocketException: Connection reset
	at java.base/sun.nio.ch.SocketChannelImpl.throwConnectionReset(SocketChannelImpl.java:394)
	at java.base/sun.nio.ch.SocketChannelImpl.read(SocketChannelImpl.java:426)
	at io.netty.buffer.PooledUnsafeDirectByteBuf.setBytes(PooledUnsafeDirectByteBuf.java:288)
	at io.netty.buffer.AbstractByteBuf.writeBytes(AbstractByteBuf.java:1106)
	at io.netty.channel.socket.nio.NioSocketChannel.doReadBytes(NioSocketChannel.java:373)
	at io.netty.channel.nio.AbstractNioByteChannel$NioByteUnsafe.read(AbstractNioByteChannel.java:123)
	at io.netty.channel.nio.NioEventLoop.processSelectedKey(NioEventLoop.java:645)
	at io.netty.channel.nio.NioEventLoop.processSelectedKeysPlain(NioEventLoop.java:545)
	at io.netty.channel.nio.NioEventLoop.processSelectedKeys(NioEventLoop.java:499)
	at io.netty.channel.nio.NioEventLoop.run(NioEventLoop.java:459)
	at io.netty.util.concurrent.SingleThreadEventExecutor$5.run(SingleThreadEventExecutor.java:858)
	at java.base/java.lang.Thread.run(Thread.java:833)
