00:39:43.426 ERROR vert.x-eventloop-thread-0 ConnectionBase       : java.net.SocketException: Connection reset
00:39:43.429 ERROR vert.x-eventloop-thread-0 BaseServiceProxy     : request failed Connection reset
java.net.SocketException: Connection reset
	at java.base/sun.nio.ch.SocketChannelImpl.throwConnectionReset(SocketChannelImpl.java:394)
	at java.base/sun.nio.ch.SocketChannelImpl.read(SocketChannelImpl.java:426)
	at io.netty.buffer.PooledUnsafeDirectByteBuf.setBytes(PooledUnsafeDirectByteBuf.java:288)
	at io.netty.buffer.AbstractByteBuf.writeBytes(AbstractByteBuf.java:1106)
	at io.netty.channel.socket.nio.NioSocketChannel.doReadBytes(NioSocketChannel.java:373)
	at io.netty.channel.nio.AbstractNioByteChannel$NioByteUnsafe.read(AbstractNioByteChannel.java:123)
	at io.netty.channel.nio.NioEventLoop.processSelectedKey(NioEventLoop.java:645)
	at io.netty.channel.nio.NioEventLoop.processSelectedKeysPlain(NioEventLoop.java:545)
	at io.netty.channel.nio.NioEventLoop.processSelectedKeys(NioEventLoop.java:499)
	at io.netty.channel.nio.NioEventLoop.run(NioEventLoop.java:459)
	at io.netty.util.concurrent.SingleThreadEventExecutor$5.run(SingleThreadEventExecutor.java:858)
	at java.base/java.lang.Thread.run(Thread.java:833)
00:44:44.234 INFO  vert.x-eventloop-thread-0 BaseServiceProxy     : -> GET /sso/ping,200|403ms
00:44:44.237 INFO  vert.x-eventloop-thread-0 SsoService           : sso ping {"result": "false"}
00:49:44.816 INFO  vert.x-eventloop-thread-0 BaseServiceProxy     : -> GET /sso/ping,200|243ms
00:49:44.817 INFO  vert.x-eventloop-thread-0 SsoService           : sso ping {"result": "true"}
00:54:45.384 INFO  vert.x-eventloop-thread-0 BaseServiceProxy     : -> GET /sso/ping,200|369ms
00:54:45.385 INFO  vert.x-eventloop-thread-0 SsoService           : sso ping {"result": "true"}
00:59:45.734 INFO  vert.x-eventloop-thread-0 BaseServiceProxy     : -> GET /sso/ping,200|241ms
00:59:45.734 INFO  vert.x-eventloop-thread-0 SsoService           : sso ping {"result": "true"}
01:04:46.251 INFO  vert.x-eventloop-thread-0 BaseServiceProxy     : -> GET /sso/ping,200|229ms
01:04:46.252 INFO  vert.x-eventloop-thread-0 SsoService           : sso ping {"result": "true"}
01:09:46.903 INFO  vert.x-eventloop-thread-0 BaseServiceProxy     : -> GET /sso/ping,200|340ms
01:09:46.904 INFO  vert.x-eventloop-thread-0 SsoService           : sso ping {"result": "true"}
01:14:47.247 INFO  vert.x-eventloop-thread-0 BaseServiceProxy     : -> GET /sso/ping,200|237ms
01:14:47.248 INFO  vert.x-eventloop-thread-0 SsoService           : sso ping {"result": "true"}
01:19:47.887 INFO  vert.x-eventloop-thread-0 BaseServiceProxy     : -> GET /sso/ping,200|323ms
01:19:47.888 INFO  vert.x-eventloop-thread-0 SsoService           : sso ping {"result": "true"}
01:24:48.229 INFO  vert.x-eventloop-thread-0 BaseServiceProxy     : -> GET /sso/ping,200|252ms
01:24:48.230 INFO  vert.x-eventloop-thread-0 SsoService           : sso ping {"result": "true"}
01:29:48.705 INFO  vert.x-eventloop-thread-0 BaseServiceProxy     : -> GET /sso/ping,200|242ms
01:29:48.707 INFO  vert.x-eventloop-thread-0 SsoService           : sso ping {"result": "true"}
01:34:49.105 INFO  vert.x-eventloop-thread-0 BaseServiceProxy     : -> GET /sso/ping,200|333ms
01:34:49.106 INFO  vert.x-eventloop-thread-0 SsoService           : sso ping {"result": "true"}
01:39:49.909 INFO  vert.x-eventloop-thread-0 BaseServiceProxy     : -> GET /sso/ping,200|647ms
01:39:49.910 INFO  vert.x-eventloop-thread-0 SsoService           : sso ping {"result": "true"}
01:44:49.969 INFO  vert.x-eventloop-thread-0 BaseServiceProxy     : -> GET /sso/ping,200|266ms
01:44:49.970 INFO  vert.x-eventloop-thread-0 SsoService           : sso ping {"result": "true"}
01:49:50.316 INFO  vert.x-eventloop-thread-0 BaseServiceProxy     : -> GET /sso/ping,200|262ms
01:49:50.316 INFO  vert.x-eventloop-thread-0 SsoService           : sso ping {"result": "true"}
01:54:50.610 INFO  vert.x-eventloop-thread-0 BaseServiceProxy     : -> GET /sso/ping,200|149ms
01:54:50.612 INFO  vert.x-eventloop-thread-0 SsoService           : sso ping {"result": "true"}
01:59:51.657 INFO  vert.x-eventloop-thread-0 BaseServiceProxy     : -> GET /sso/ping,200|732ms
01:59:51.658 INFO  vert.x-eventloop-thread-0 SsoService           : sso ping {"result": "true"}
02:04:51.668 INFO  vert.x-eventloop-thread-0 BaseServiceProxy     : -> GET /sso/ping,200|234ms
02:04:51.669 INFO  vert.x-eventloop-thread-0 SsoService           : sso ping {"result": "true"}
02:09:52.177 INFO  vert.x-eventloop-thread-0 BaseServiceProxy     : -> GET /sso/ping,200|352ms
02:09:52.181 INFO  vert.x-eventloop-thread-0 SsoService           : sso ping {"result": "true"}
02:14:52.537 INFO  vert.x-eventloop-thread-0 BaseServiceProxy     : -> GET /sso/ping,200|252ms
02:14:52.538 INFO  vert.x-eventloop-thread-0 SsoService           : sso ping {"result": "true"}
02:19:52.981 INFO  vert.x-eventloop-thread-0 BaseServiceProxy     : -> GET /sso/ping,200|331ms
02:19:52.982 INFO  vert.x-eventloop-thread-0 SsoService           : sso ping {"result": "true"}
02:24:53.376 INFO  vert.x-eventloop-thread-0 BaseServiceProxy     : -> GET /sso/ping,200|231ms
02:24:53.377 INFO  vert.x-eventloop-thread-0 SsoService           : sso ping {"result": "true"}
02:29:53.888 INFO  vert.x-eventloop-thread-0 BaseServiceProxy     : -> GET /sso/ping,200|349ms
02:29:53.889 INFO  vert.x-eventloop-thread-0 SsoService           : sso ping {"result": "true"}
02:34:54.688 INFO  vert.x-eventloop-thread-0 BaseServiceProxy     : -> GET /sso/ping,200|731ms
02:34:54.690 INFO  vert.x-eventloop-thread-0 SsoService           : sso ping {"result": "true"}
02:39:54.705 INFO  vert.x-eventloop-thread-0 BaseServiceProxy     : -> GET /sso/ping,200|232ms
02:39:54.706 INFO  vert.x-eventloop-thread-0 SsoService           : sso ping {"result": "true"}
02:44:55.140 INFO  vert.x-eventloop-thread-0 BaseServiceProxy     : -> GET /sso/ping,200|234ms
02:44:55.141 INFO  vert.x-eventloop-thread-0 SsoService           : sso ping {"result": "true"}
02:49:55.642 INFO  vert.x-eventloop-thread-0 BaseServiceProxy     : -> GET /sso/ping,200|239ms
02:49:55.643 INFO  vert.x-eventloop-thread-0 SsoService           : sso ping {"result": "true"}
02:54:56.171 INFO  vert.x-eventloop-thread-0 BaseServiceProxy     : -> GET /sso/ping,200|235ms
02:54:56.172 INFO  vert.x-eventloop-thread-0 SsoService           : sso ping {"result": "true"}
02:59:56.595 INFO  vert.x-eventloop-thread-0 BaseServiceProxy     : -> GET /sso/ping,200|229ms
02:59:56.596 INFO  vert.x-eventloop-thread-0 SsoService           : sso ping {"result": "true"}
03:04:57.030 INFO  vert.x-eventloop-thread-0 BaseServiceProxy     : -> GET /sso/ping,200|140ms
03:04:57.031 INFO  vert.x-eventloop-thread-0 SsoService           : sso ping {"result": "true"}
03:09:57.644 INFO  vert.x-eventloop-thread-0 BaseServiceProxy     : -> GET /sso/ping,200|288ms
03:09:57.645 INFO  vert.x-eventloop-thread-0 SsoService           : sso ping {"result": "true"}
03:14:58.069 INFO  vert.x-eventloop-thread-0 BaseServiceProxy     : -> GET /sso/ping,200|230ms
03:14:58.070 INFO  vert.x-eventloop-thread-0 SsoService           : sso ping {"result": "true"}
08:51:12.510 ERROR vert.x-eventloop-thread-0 ConnectionBase       : java.net.SocketException: Connection reset
08:51:12.515 ERROR vert.x-eventloop-thread-0 BaseServiceProxy     : request failed Connection reset
java.net.SocketException: Connection reset
	at java.base/sun.nio.ch.SocketChannelImpl.throwConnectionReset(SocketChannelImpl.java:394)
	at java.base/sun.nio.ch.SocketChannelImpl.read(SocketChannelImpl.java:426)
	at io.netty.buffer.PooledUnsafeDirectByteBuf.setBytes(PooledUnsafeDirectByteBuf.java:288)
	at io.netty.buffer.AbstractByteBuf.writeBytes(AbstractByteBuf.java:1106)
	at io.netty.channel.socket.nio.NioSocketChannel.doReadBytes(NioSocketChannel.java:373)
	at io.netty.channel.nio.AbstractNioByteChannel$NioByteUnsafe.read(AbstractNioByteChannel.java:123)
	at io.netty.channel.nio.NioEventLoop.processSelectedKey(NioEventLoop.java:645)
	at io.netty.channel.nio.NioEventLoop.processSelectedKeysPlain(NioEventLoop.java:545)
	at io.netty.channel.nio.NioEventLoop.processSelectedKeys(NioEventLoop.java:499)
	at io.netty.channel.nio.NioEventLoop.run(NioEventLoop.java:459)
	at io.netty.util.concurrent.SingleThreadEventExecutor$5.run(SingleThreadEventExecutor.java:858)
	at java.base/java.lang.Thread.run(Thread.java:833)
08:56:12.896 INFO  vert.x-eventloop-thread-0 BaseServiceProxy     : -> GET /sso/ping,200|440ms
08:56:12.897 INFO  vert.x-eventloop-thread-0 SsoService           : sso ping {"result": "false"}
09:01:12.690 INFO  vert.x-eventloop-thread-0 BaseServiceProxy     : -> GET /sso/ping,200|236ms
09:01:12.692 INFO  vert.x-eventloop-thread-0 SsoService           : sso ping {"result": "true"}
09:06:12.713 INFO  vert.x-eventloop-thread-0 BaseServiceProxy     : -> GET /sso/ping,200|260ms
09:06:12.715 INFO  vert.x-eventloop-thread-0 SsoService           : sso ping {"result": "true"}
09:11:12.697 INFO  vert.x-eventloop-thread-0 BaseServiceProxy     : -> GET /sso/ping,200|232ms
09:11:12.698 INFO  vert.x-eventloop-thread-0 SsoService           : sso ping {"result": "true"}
09:16:12.769 INFO  vert.x-eventloop-thread-0 BaseServiceProxy     : -> GET /sso/ping,200|302ms
09:16:12.771 INFO  vert.x-eventloop-thread-0 SsoService           : sso ping {"result": "true"}
09:47:25.502 ERROR vert.x-eventloop-thread-0 ConnectionBase       : java.net.SocketException: Connection reset
09:47:25.504 ERROR vert.x-eventloop-thread-0 BaseServiceProxy     : request failed Connection reset
java.net.SocketException: Connection reset
	at java.base/sun.nio.ch.SocketChannelImpl.throwConnectionReset(SocketChannelImpl.java:394)
	at java.base/sun.nio.ch.SocketChannelImpl.read(SocketChannelImpl.java:426)
	at io.netty.buffer.PooledUnsafeDirectByteBuf.setBytes(PooledUnsafeDirectByteBuf.java:288)
	at io.netty.buffer.AbstractByteBuf.writeBytes(AbstractByteBuf.java:1106)
	at io.netty.channel.socket.nio.NioSocketChannel.doReadBytes(NioSocketChannel.java:373)
	at io.netty.channel.nio.AbstractNioByteChannel$NioByteUnsafe.read(AbstractNioByteChannel.java:123)
	at io.netty.channel.nio.NioEventLoop.processSelectedKey(NioEventLoop.java:645)
	at io.netty.channel.nio.NioEventLoop.processSelectedKeysPlain(NioEventLoop.java:545)
	at io.netty.channel.nio.NioEventLoop.processSelectedKeys(NioEventLoop.java:499)
	at io.netty.channel.nio.NioEventLoop.run(NioEventLoop.java:459)
	at io.netty.util.concurrent.SingleThreadEventExecutor$5.run(SingleThreadEventExecutor.java:858)
	at java.base/java.lang.Thread.run(Thread.java:833)
09:52:25.888 INFO  vert.x-eventloop-thread-0 BaseServiceProxy     : -> GET /sso/ping,200|412ms
09:52:25.888 INFO  vert.x-eventloop-thread-0 SsoService           : sso ping {"result": "true"}
10:13:51.763 ERROR vert.x-eventloop-thread-0 ConnectionBase       : java.net.SocketException: Connection reset
10:13:51.765 ERROR vert.x-eventloop-thread-0 BaseServiceProxy     : request failed Connection reset
java.net.SocketException: Connection reset
	at java.base/sun.nio.ch.SocketChannelImpl.throwConnectionReset(SocketChannelImpl.java:394)
	at java.base/sun.nio.ch.SocketChannelImpl.read(SocketChannelImpl.java:426)
	at io.netty.buffer.PooledUnsafeDirectByteBuf.setBytes(PooledUnsafeDirectByteBuf.java:288)
	at io.netty.buffer.AbstractByteBuf.writeBytes(AbstractByteBuf.java:1106)
	at io.netty.channel.socket.nio.NioSocketChannel.doReadBytes(NioSocketChannel.java:373)
	at io.netty.channel.nio.AbstractNioByteChannel$NioByteUnsafe.read(AbstractNioByteChannel.java:123)
	at io.netty.channel.nio.NioEventLoop.processSelectedKey(NioEventLoop.java:645)
	at io.netty.channel.nio.NioEventLoop.processSelectedKeysPlain(NioEventLoop.java:545)
	at io.netty.channel.nio.NioEventLoop.processSelectedKeys(NioEventLoop.java:499)
	at io.netty.channel.nio.NioEventLoop.run(NioEventLoop.java:459)
	at io.netty.util.concurrent.SingleThreadEventExecutor$5.run(SingleThreadEventExecutor.java:858)
	at java.base/java.lang.Thread.run(Thread.java:833)
10:18:52.845 INFO  vert.x-eventloop-thread-0 BaseServiceProxy     : -> GET /sso/ping,200|573ms
10:18:52.845 INFO  vert.x-eventloop-thread-0 SsoService           : sso ping {"result": "true"}
10:23:52.983 INFO  vert.x-eventloop-thread-0 BaseServiceProxy     : -> GET /sso/ping,200|214ms
10:23:52.984 INFO  vert.x-eventloop-thread-0 SsoService           : sso ping {"result": "true"}
10:28:53.538 INFO  vert.x-eventloop-thread-0 BaseServiceProxy     : -> GET /sso/ping,200|239ms
10:28:53.540 INFO  vert.x-eventloop-thread-0 SsoService           : sso ping {"result": "true"}
10:33:54.021 INFO  vert.x-eventloop-thread-0 BaseServiceProxy     : -> GET /sso/ping,200|187ms
10:33:54.023 INFO  vert.x-eventloop-thread-0 SsoService           : sso ping {"result": "true"}
10:38:54.620 INFO  vert.x-eventloop-thread-0 BaseServiceProxy     : -> GET /sso/ping,200|353ms
10:38:54.622 INFO  vert.x-eventloop-thread-0 SsoService           : sso ping {"result": "true"}
10:43:54.939 INFO  vert.x-eventloop-thread-0 BaseServiceProxy     : -> GET /sso/ping,200|213ms
10:43:54.940 INFO  vert.x-eventloop-thread-0 SsoService           : sso ping {"result": "true"}
10:48:55.459 INFO  vert.x-eventloop-thread-0 BaseServiceProxy     : -> GET /sso/ping,200|235ms
10:48:55.460 INFO  vert.x-eventloop-thread-0 SsoService           : sso ping {"result": "true"}
10:53:56.073 INFO  vert.x-eventloop-thread-0 BaseServiceProxy     : -> GET /sso/ping,200|147ms
10:53:56.076 INFO  vert.x-eventloop-thread-0 SsoService           : sso ping {"result": "false"}
10:58:56.895 INFO  vert.x-eventloop-thread-0 BaseServiceProxy     : -> GET /sso/ping,200|309ms
10:58:56.896 INFO  vert.x-eventloop-thread-0 SsoService           : sso ping {"result": "true"}
11:03:57.491 INFO  vert.x-eventloop-thread-0 BaseServiceProxy     : -> GET /sso/ping,200|255ms
11:03:57.493 INFO  vert.x-eventloop-thread-0 SsoService           : sso ping {"result": "true"}
11:08:58.214 INFO  vert.x-eventloop-thread-0 BaseServiceProxy     : -> GET /sso/ping,200|160ms
11:08:58.215 INFO  vert.x-eventloop-thread-0 SsoService           : sso ping {"result": "true"}
11:13:58.900 INFO  vert.x-eventloop-thread-0 BaseServiceProxy     : -> GET /sso/ping,200|269ms
11:13:58.901 INFO  vert.x-eventloop-thread-0 SsoService           : sso ping {"result": "true"}
11:18:59.674 INFO  vert.x-eventloop-thread-0 BaseServiceProxy     : -> GET /sso/ping,200|239ms
11:18:59.676 INFO  vert.x-eventloop-thread-0 SsoService           : sso ping {"result": "true"}
11:24:00.052 INFO  vert.x-eventloop-thread-0 BaseServiceProxy     : -> GET /sso/ping,200|160ms
11:24:00.054 INFO  vert.x-eventloop-thread-0 SsoService           : sso ping {"result": "true"}
11:29:00.980 INFO  vert.x-eventloop-thread-0 BaseServiceProxy     : -> GET /sso/ping,200|285ms
11:29:00.982 INFO  vert.x-eventloop-thread-0 SsoService           : sso ping {"result": "true"}
11:34:01.802 INFO  vert.x-eventloop-thread-0 BaseServiceProxy     : -> GET /sso/ping,200|167ms
11:34:01.803 INFO  vert.x-eventloop-thread-0 SsoService           : sso ping {"result": "true"}
11:39:02.455 INFO  vert.x-eventloop-thread-0 BaseServiceProxy     : -> GET /sso/ping,200|188ms
11:39:02.456 INFO  vert.x-eventloop-thread-0 SsoService           : sso ping {"result": "true"}
11:51:55.106 ERROR vert.x-eventloop-thread-0 ConnectionBase       : java.net.SocketException: Connection reset
11:51:55.108 ERROR vert.x-eventloop-thread-0 BaseServiceProxy     : request failed Connection reset
java.net.SocketException: Connection reset
	at java.base/sun.nio.ch.SocketChannelImpl.throwConnectionReset(SocketChannelImpl.java:394)
	at java.base/sun.nio.ch.SocketChannelImpl.read(SocketChannelImpl.java:426)
	at io.netty.buffer.PooledUnsafeDirectByteBuf.setBytes(PooledUnsafeDirectByteBuf.java:288)
	at io.netty.buffer.AbstractByteBuf.writeBytes(AbstractByteBuf.java:1106)
	at io.netty.channel.socket.nio.NioSocketChannel.doReadBytes(NioSocketChannel.java:373)
	at io.netty.channel.nio.AbstractNioByteChannel$NioByteUnsafe.read(AbstractNioByteChannel.java:123)
	at io.netty.channel.nio.NioEventLoop.processSelectedKey(NioEventLoop.java:645)
	at io.netty.channel.nio.NioEventLoop.processSelectedKeysPlain(NioEventLoop.java:545)
	at io.netty.channel.nio.NioEventLoop.processSelectedKeys(NioEventLoop.java:499)
	at io.netty.channel.nio.NioEventLoop.run(NioEventLoop.java:459)
	at io.netty.util.concurrent.SingleThreadEventExecutor$5.run(SingleThreadEventExecutor.java:858)
	at java.base/java.lang.Thread.run(Thread.java:833)
14:03:59.771 INFO  vert.x-eventloop-thread-0 BaseServiceProxy     : -> GET /sso/ping,200|393ms
14:03:59.772 INFO  vert.x-eventloop-thread-0 SsoService           : sso ping {"result": "true"}
14:08:59.619 INFO  vert.x-eventloop-thread-0 BaseServiceProxy     : -> GET /sso/ping,200|245ms
14:08:59.620 INFO  vert.x-eventloop-thread-0 SsoService           : sso ping {"result": "true"}
14:13:59.682 INFO  vert.x-eventloop-thread-0 BaseServiceProxy     : -> GET /sso/ping,200|311ms
14:13:59.683 INFO  vert.x-eventloop-thread-0 SsoService           : sso ping {"result": "true"}
14:18:59.663 INFO  vert.x-eventloop-thread-0 BaseServiceProxy     : -> GET /sso/ping,200|295ms
14:18:59.664 INFO  vert.x-eventloop-thread-0 SsoService           : sso ping {"result": "true"}
14:23:59.613 INFO  vert.x-eventloop-thread-0 BaseServiceProxy     : -> GET /sso/ping,200|248ms
14:23:59.616 INFO  vert.x-eventloop-thread-0 SsoService           : sso ping {"result": "false"}
15:19:07.040 ERROR vert.x-eventloop-thread-0 ConnectionBase       : java.net.SocketException: Connection reset
15:19:07.042 ERROR vert.x-eventloop-thread-0 BaseServiceProxy     : request failed Connection reset
java.net.SocketException: Connection reset
	at java.base/sun.nio.ch.SocketChannelImpl.throwConnectionReset(SocketChannelImpl.java:394)
	at java.base/sun.nio.ch.SocketChannelImpl.read(SocketChannelImpl.java:426)
	at io.netty.buffer.PooledUnsafeDirectByteBuf.setBytes(PooledUnsafeDirectByteBuf.java:288)
	at io.netty.buffer.AbstractByteBuf.writeBytes(AbstractByteBuf.java:1106)
	at io.netty.channel.socket.nio.NioSocketChannel.doReadBytes(NioSocketChannel.java:373)
	at io.netty.channel.nio.AbstractNioByteChannel$NioByteUnsafe.read(AbstractNioByteChannel.java:123)
	at io.netty.channel.nio.NioEventLoop.processSelectedKey(NioEventLoop.java:645)
	at io.netty.channel.nio.NioEventLoop.processSelectedKeysPlain(NioEventLoop.java:545)
	at io.netty.channel.nio.NioEventLoop.processSelectedKeys(NioEventLoop.java:499)
	at io.netty.channel.nio.NioEventLoop.run(NioEventLoop.java:459)
	at io.netty.util.concurrent.SingleThreadEventExecutor$5.run(SingleThreadEventExecutor.java:858)
	at java.base/java.lang.Thread.run(Thread.java:833)
15:24:07.506 INFO  vert.x-eventloop-thread-0 BaseServiceProxy     : -> GET /sso/ping,200|508ms
15:24:07.506 INFO  vert.x-eventloop-thread-0 SsoService           : sso ping {"result": "true"}
15:29:07.236 INFO  vert.x-eventloop-thread-0 BaseServiceProxy     : -> GET /sso/ping,200|240ms
15:29:07.238 INFO  vert.x-eventloop-thread-0 SsoService           : sso ping {"result": "true"}
15:34:07.231 INFO  vert.x-eventloop-thread-0 BaseServiceProxy     : -> GET /sso/ping,200|236ms
15:34:07.232 INFO  vert.x-eventloop-thread-0 SsoService           : sso ping {"result": "true"}
15:39:07.235 INFO  vert.x-eventloop-thread-0 BaseServiceProxy     : -> GET /sso/ping,200|240ms
15:39:07.236 INFO  vert.x-eventloop-thread-0 SsoService           : sso ping {"result": "true"}
15:44:07.260 INFO  vert.x-eventloop-thread-0 BaseServiceProxy     : -> GET /sso/ping,200|245ms
15:44:07.260 INFO  vert.x-eventloop-thread-0 SsoService           : sso ping {"result": "true"}
15:49:07.261 INFO  vert.x-eventloop-thread-0 BaseServiceProxy     : -> GET /sso/ping,200|245ms
15:49:07.262 INFO  vert.x-eventloop-thread-0 SsoService           : sso ping {"result": "true"}
15:54:07.270 INFO  vert.x-eventloop-thread-0 BaseServiceProxy     : -> GET /sso/ping,200|255ms
15:54:07.272 INFO  vert.x-eventloop-thread-0 SsoService           : sso ping {"result": "true"}
15:59:07.264 INFO  vert.x-eventloop-thread-0 BaseServiceProxy     : -> GET /sso/ping,200|247ms
15:59:07.265 INFO  vert.x-eventloop-thread-0 SsoService           : sso ping {"result": "true"}
16:04:07.259 INFO  vert.x-eventloop-thread-0 BaseServiceProxy     : -> GET /sso/ping,200|241ms
16:04:07.261 INFO  vert.x-eventloop-thread-0 SsoService           : sso ping {"result": "true"}
16:09:07.288 INFO  vert.x-eventloop-thread-0 BaseServiceProxy     : -> GET /sso/ping,200|270ms
16:09:07.290 INFO  vert.x-eventloop-thread-0 SsoService           : sso ping {"result": "true"}
16:14:07.161 INFO  vert.x-eventloop-thread-0 BaseServiceProxy     : -> GET /sso/ping,200|152ms
16:14:07.162 INFO  vert.x-eventloop-thread-0 SsoService           : sso ping {"result": "true"}
16:19:07.250 INFO  vert.x-eventloop-thread-0 BaseServiceProxy     : -> GET /sso/ping,200|242ms
16:19:07.252 INFO  vert.x-eventloop-thread-0 SsoService           : sso ping {"result": "true"}
16:24:07.260 INFO  vert.x-eventloop-thread-0 BaseServiceProxy     : -> GET /sso/ping,200|251ms
16:24:07.263 INFO  vert.x-eventloop-thread-0 SsoService           : sso ping {"result": "true"}
16:29:07.283 INFO  vert.x-eventloop-thread-0 BaseServiceProxy     : -> GET /sso/ping,200|244ms
16:29:07.284 INFO  vert.x-eventloop-thread-0 SsoService           : sso ping {"result": "true"}
16:34:07.289 INFO  vert.x-eventloop-thread-0 BaseServiceProxy     : -> GET /sso/ping,200|242ms
16:34:07.291 INFO  vert.x-eventloop-thread-0 SsoService           : sso ping {"result": "true"}
16:39:07.292 INFO  vert.x-eventloop-thread-0 BaseServiceProxy     : -> GET /sso/ping,200|243ms
16:39:07.293 INFO  vert.x-eventloop-thread-0 SsoService           : sso ping {"result": "true"}
16:44:07.308 INFO  vert.x-eventloop-thread-0 BaseServiceProxy     : -> GET /sso/ping,200|257ms
16:44:07.308 INFO  vert.x-eventloop-thread-0 SsoService           : sso ping {"result": "true"}
16:49:07.308 INFO  vert.x-eventloop-thread-0 BaseServiceProxy     : -> GET /sso/ping,200|254ms
16:49:07.309 INFO  vert.x-eventloop-thread-0 SsoService           : sso ping {"result": "true"}
16:54:07.260 INFO  vert.x-eventloop-thread-0 BaseServiceProxy     : -> GET /sso/ping,200|238ms
16:54:07.261 INFO  vert.x-eventloop-thread-0 SsoService           : sso ping {"result": "true"}
16:59:07.285 INFO  vert.x-eventloop-thread-0 BaseServiceProxy     : -> GET /sso/ping,200|262ms
16:59:07.286 INFO  vert.x-eventloop-thread-0 SsoService           : sso ping {"result": "true"}
17:04:07.288 INFO  vert.x-eventloop-thread-0 BaseServiceProxy     : -> GET /sso/ping,200|265ms
17:04:07.289 INFO  vert.x-eventloop-thread-0 SsoService           : sso ping {"result": "true"}
17:25:47.117 ERROR vert.x-eventloop-thread-0 ConnectionBase       : java.net.SocketException: Connection reset
17:25:47.119 ERROR vert.x-eventloop-thread-0 BaseServiceProxy     : request failed Connection reset
java.net.SocketException: Connection reset
	at java.base/sun.nio.ch.SocketChannelImpl.throwConnectionReset(SocketChannelImpl.java:394)
	at java.base/sun.nio.ch.SocketChannelImpl.read(SocketChannelImpl.java:426)
	at io.netty.buffer.PooledUnsafeDirectByteBuf.setBytes(PooledUnsafeDirectByteBuf.java:288)
	at io.netty.buffer.AbstractByteBuf.writeBytes(AbstractByteBuf.java:1106)
	at io.netty.channel.socket.nio.NioSocketChannel.doReadBytes(NioSocketChannel.java:373)
	at io.netty.channel.nio.AbstractNioByteChannel$NioByteUnsafe.read(AbstractNioByteChannel.java:123)
	at io.netty.channel.nio.NioEventLoop.processSelectedKey(NioEventLoop.java:645)
	at io.netty.channel.nio.NioEventLoop.processSelectedKeysPlain(NioEventLoop.java:545)
	at io.netty.channel.nio.NioEventLoop.processSelectedKeys(NioEventLoop.java:499)
	at io.netty.channel.nio.NioEventLoop.run(NioEventLoop.java:459)
	at io.netty.util.concurrent.SingleThreadEventExecutor$5.run(SingleThreadEventExecutor.java:858)
	at java.base/java.lang.Thread.run(Thread.java:833)
17:30:47.384 INFO  vert.x-eventloop-thread-0 BaseServiceProxy     : -> GET /sso/ping,200|306ms
17:30:47.385 INFO  vert.x-eventloop-thread-0 SsoService           : sso ping {"result": "true"}
18:23:26.352 ERROR vert.x-eventloop-thread-0 ConnectionBase       : java.net.SocketException: Connection reset
18:23:26.354 ERROR vert.x-eventloop-thread-0 BaseServiceProxy     : request failed Connection reset
java.net.SocketException: Connection reset
	at java.base/sun.nio.ch.SocketChannelImpl.throwConnectionReset(SocketChannelImpl.java:394)
	at java.base/sun.nio.ch.SocketChannelImpl.read(SocketChannelImpl.java:426)
	at io.netty.buffer.PooledUnsafeDirectByteBuf.setBytes(PooledUnsafeDirectByteBuf.java:288)
	at io.netty.buffer.AbstractByteBuf.writeBytes(AbstractByteBuf.java:1106)
	at io.netty.channel.socket.nio.NioSocketChannel.doReadBytes(NioSocketChannel.java:373)
	at io.netty.channel.nio.AbstractNioByteChannel$NioByteUnsafe.read(AbstractNioByteChannel.java:123)
	at io.netty.channel.nio.NioEventLoop.processSelectedKey(NioEventLoop.java:645)
	at io.netty.channel.nio.NioEventLoop.processSelectedKeysPlain(NioEventLoop.java:545)
	at io.netty.channel.nio.NioEventLoop.processSelectedKeys(NioEventLoop.java:499)
	at io.netty.channel.nio.NioEventLoop.run(NioEventLoop.java:459)
	at io.netty.util.concurrent.SingleThreadEventExecutor$5.run(SingleThreadEventExecutor.java:858)
	at java.base/java.lang.Thread.run(Thread.java:833)
18:28:26.641 INFO  vert.x-eventloop-thread-0 BaseServiceProxy     : -> GET /sso/ping,200|322ms
18:28:26.642 INFO  vert.x-eventloop-thread-0 SsoService           : sso ping {"result": "true"}
18:33:26.565 INFO  vert.x-eventloop-thread-0 BaseServiceProxy     : -> GET /sso/ping,200|245ms
18:33:26.567 INFO  vert.x-eventloop-thread-0 SsoService           : sso ping {"result": "true"}
18:38:26.716 INFO  vert.x-eventloop-thread-0 BaseServiceProxy     : -> GET /sso/ping,200|393ms
18:38:26.717 INFO  vert.x-eventloop-thread-0 SsoService           : sso ping {"result": "true"}
18:43:26.552 INFO  vert.x-eventloop-thread-0 BaseServiceProxy     : -> GET /sso/ping,200|238ms
18:43:26.553 INFO  vert.x-eventloop-thread-0 SsoService           : sso ping {"result": "true"}
18:48:26.592 INFO  vert.x-eventloop-thread-0 BaseServiceProxy     : -> GET /sso/ping,200|277ms
18:48:26.594 INFO  vert.x-eventloop-thread-0 SsoService           : sso ping {"result": "true"}
18:53:26.589 INFO  vert.x-eventloop-thread-0 BaseServiceProxy     : -> GET /sso/ping,200|271ms
18:53:26.592 INFO  vert.x-eventloop-thread-0 SsoService           : sso ping {"result": "true"}
18:58:27.228 INFO  vert.x-eventloop-thread-0 BaseServiceProxy     : -> GET /sso/ping,200|911ms
18:58:27.230 INFO  vert.x-eventloop-thread-0 SsoService           : sso ping {"result": "true"}
19:03:26.563 INFO  vert.x-eventloop-thread-0 BaseServiceProxy     : -> GET /sso/ping,200|244ms
19:03:26.569 INFO  vert.x-eventloop-thread-0 SsoService           : sso ping {"result": "true"}
19:08:26.567 INFO  vert.x-eventloop-thread-0 BaseServiceProxy     : -> GET /sso/ping,200|247ms
19:08:26.568 INFO  vert.x-eventloop-thread-0 SsoService           : sso ping {"result": "true"}
19:13:26.585 INFO  vert.x-eventloop-thread-0 BaseServiceProxy     : -> GET /sso/ping,200|253ms
19:13:26.586 INFO  vert.x-eventloop-thread-0 SsoService           : sso ping {"result": "true"}
19:18:26.678 INFO  vert.x-eventloop-thread-0 BaseServiceProxy     : -> GET /sso/ping,200|343ms
19:18:26.680 INFO  vert.x-eventloop-thread-0 SsoService           : sso ping {"result": "true"}
19:23:26.571 INFO  vert.x-eventloop-thread-0 BaseServiceProxy     : -> GET /sso/ping,200|235ms
19:23:26.572 INFO  vert.x-eventloop-thread-0 SsoService           : sso ping {"result": "true"}
