05:00:15.724 ERROR vert.x-eventloop-thread-0 ConnectionBase       : java.io.IOException: Operation timed out
05:00:15.729 ERROR vert.x-eventloop-thread-0 BaseServiceProxy     : request failed Operation timed out
java.io.IOException: Operation timed out
	at java.base/sun.nio.ch.SocketDispatcher.read0(Native Method)
	at java.base/sun.nio.ch.SocketDispatcher.read(SocketDispatcher.java:47)
	at java.base/sun.nio.ch.IOUtil.readIntoNativeBuffer(IOUtil.java:330)
	at java.base/sun.nio.ch.IOUtil.read(IOUtil.java:284)
	at java.base/sun.nio.ch.IOUtil.read(IOUtil.java:259)
	at java.base/sun.nio.ch.SocketChannelImpl.read(SocketChannelImpl.java:417)
	at io.netty.buffer.PooledUnsafeDirectByteBuf.setBytes(PooledUnsafeDirectByteBuf.java:288)
	at io.netty.buffer.AbstractByteBuf.writeBytes(AbstractByteBuf.java:1106)
	at io.netty.channel.socket.nio.NioSocketChannel.doReadBytes(NioSocketChannel.java:373)
	at io.netty.channel.nio.AbstractNioByteChannel$NioByteUnsafe.read(AbstractNioByteChannel.java:123)
	at io.netty.channel.nio.NioEventLoop.processSelectedKey(NioEventLoop.java:645)
	at io.netty.channel.nio.NioEventLoop.processSelectedKeysPlain(NioEventLoop.java:545)
	at io.netty.channel.nio.NioEventLoop.processSelectedKeys(NioEventLoop.java:499)
	at io.netty.channel.nio.NioEventLoop.run(NioEventLoop.java:459)
	at io.netty.util.concurrent.SingleThreadEventExecutor$5.run(SingleThreadEventExecutor.java:858)
	at java.base/java.lang.Thread.run(Thread.java:833)
05:46:55.199 INFO  vert.x-eventloop-thread-0 BaseServiceProxy     : -> GET /sso/ping,200|356ms
05:46:55.205 INFO  vert.x-eventloop-thread-0 SsoService           : sso ping {"result": "false"}
05:51:55.183 INFO  vert.x-eventloop-thread-0 BaseServiceProxy     : -> GET /sso/ping,200|344ms
05:51:55.185 INFO  vert.x-eventloop-thread-0 SsoService           : sso ping {"result": "true"}
05:56:55.060 INFO  vert.x-eventloop-thread-0 BaseServiceProxy     : -> GET /sso/ping,200|223ms
05:56:55.061 INFO  vert.x-eventloop-thread-0 SsoService           : sso ping {"result": "true"}
06:02:12.992 ERROR vert.x-eventloop-thread-0 ConnectionBase       : java.io.IOException: Operation timed out
06:02:12.993 ERROR vert.x-eventloop-thread-0 BaseServiceProxy     : request failed Operation timed out
java.io.IOException: Operation timed out
	at java.base/sun.nio.ch.SocketDispatcher.read0(Native Method)
	at java.base/sun.nio.ch.SocketDispatcher.read(SocketDispatcher.java:47)
	at java.base/sun.nio.ch.IOUtil.readIntoNativeBuffer(IOUtil.java:330)
	at java.base/sun.nio.ch.IOUtil.read(IOUtil.java:284)
	at java.base/sun.nio.ch.IOUtil.read(IOUtil.java:259)
	at java.base/sun.nio.ch.SocketChannelImpl.read(SocketChannelImpl.java:417)
	at io.netty.buffer.PooledUnsafeDirectByteBuf.setBytes(PooledUnsafeDirectByteBuf.java:288)
	at io.netty.buffer.AbstractByteBuf.writeBytes(AbstractByteBuf.java:1106)
	at io.netty.channel.socket.nio.NioSocketChannel.doReadBytes(NioSocketChannel.java:373)
	at io.netty.channel.nio.AbstractNioByteChannel$NioByteUnsafe.read(AbstractNioByteChannel.java:123)
	at io.netty.channel.nio.NioEventLoop.processSelectedKey(NioEventLoop.java:645)
	at io.netty.channel.nio.NioEventLoop.processSelectedKeysPlain(NioEventLoop.java:545)
	at io.netty.channel.nio.NioEventLoop.processSelectedKeys(NioEventLoop.java:499)
	at io.netty.channel.nio.NioEventLoop.run(NioEventLoop.java:459)
	at io.netty.util.concurrent.SingleThreadEventExecutor$5.run(SingleThreadEventExecutor.java:858)
	at java.base/java.lang.Thread.run(Thread.java:833)
06:26:11.181 INFO  vert.x-eventloop-thread-0 BaseServiceProxy     : -> GET /sso/ping,200|311ms
06:26:11.182 INFO  vert.x-eventloop-thread-0 SsoService           : sso ping {"result": "true"}
06:31:11.121 INFO  vert.x-eventloop-thread-0 BaseServiceProxy     : -> GET /sso/ping,200|249ms
06:31:11.124 INFO  vert.x-eventloop-thread-0 SsoService           : sso ping {"result": "true"}
06:36:11.234 INFO  vert.x-eventloop-thread-0 BaseServiceProxy     : -> GET /sso/ping,200|355ms
06:36:11.235 INFO  vert.x-eventloop-thread-0 SsoService           : sso ping {"result": "true"}
06:41:11.249 INFO  vert.x-eventloop-thread-0 BaseServiceProxy     : -> GET /sso/ping,200|366ms
06:41:11.251 INFO  vert.x-eventloop-thread-0 SsoService           : sso ping {"result": "true"}
06:46:11.113 INFO  vert.x-eventloop-thread-0 BaseServiceProxy     : -> GET /sso/ping,200|226ms
06:46:11.114 INFO  vert.x-eventloop-thread-0 SsoService           : sso ping {"result": "true"}
10:11:14.539 ERROR vert.x-eventloop-thread-0 ConnectionBase       : java.io.IOException: Operation timed out
10:11:14.542 ERROR vert.x-eventloop-thread-0 BaseServiceProxy     : request failed Operation timed out
java.io.IOException: Operation timed out
	at java.base/sun.nio.ch.SocketDispatcher.read0(Native Method)
	at java.base/sun.nio.ch.SocketDispatcher.read(SocketDispatcher.java:47)
	at java.base/sun.nio.ch.IOUtil.readIntoNativeBuffer(IOUtil.java:330)
	at java.base/sun.nio.ch.IOUtil.read(IOUtil.java:284)
	at java.base/sun.nio.ch.IOUtil.read(IOUtil.java:259)
	at java.base/sun.nio.ch.SocketChannelImpl.read(SocketChannelImpl.java:417)
	at io.netty.buffer.PooledUnsafeDirectByteBuf.setBytes(PooledUnsafeDirectByteBuf.java:288)
	at io.netty.buffer.AbstractByteBuf.writeBytes(AbstractByteBuf.java:1106)
	at io.netty.channel.socket.nio.NioSocketChannel.doReadBytes(NioSocketChannel.java:373)
	at io.netty.channel.nio.AbstractNioByteChannel$NioByteUnsafe.read(AbstractNioByteChannel.java:123)
	at io.netty.channel.nio.NioEventLoop.processSelectedKey(NioEventLoop.java:645)
	at io.netty.channel.nio.NioEventLoop.processSelectedKeysPlain(NioEventLoop.java:545)
	at io.netty.channel.nio.NioEventLoop.processSelectedKeys(NioEventLoop.java:499)
	at io.netty.channel.nio.NioEventLoop.run(NioEventLoop.java:459)
	at io.netty.util.concurrent.SingleThreadEventExecutor$5.run(SingleThreadEventExecutor.java:858)
	at java.base/java.lang.Thread.run(Thread.java:833)
10:15:30.345 INFO  vert.x-eventloop-thread-0 BaseServiceProxy     : -> GET /sso/ping,200|332ms
10:15:30.346 INFO  vert.x-eventloop-thread-0 SsoService           : sso ping {"result": "false"}
10:20:30.271 INFO  vert.x-eventloop-thread-0 BaseServiceProxy     : -> GET /sso/ping,200|258ms
10:20:30.275 INFO  vert.x-eventloop-thread-0 SsoService           : sso ping {"result": "true"}
10:25:30.285 INFO  vert.x-eventloop-thread-0 BaseServiceProxy     : -> GET /sso/ping,200|271ms
10:25:30.286 INFO  vert.x-eventloop-thread-0 SsoService           : sso ping {"result": "true"}
10:30:30.291 INFO  vert.x-eventloop-thread-0 BaseServiceProxy     : -> GET /sso/ping,200|277ms
10:30:30.294 INFO  vert.x-eventloop-thread-0 SsoService           : sso ping {"result": "true"}
10:35:30.494 INFO  vert.x-eventloop-thread-0 BaseServiceProxy     : -> GET /sso/ping,200|479ms
10:35:30.495 INFO  vert.x-eventloop-thread-0 SsoService           : sso ping {"result": "true"}
10:40:30.316 INFO  vert.x-eventloop-thread-0 BaseServiceProxy     : -> GET /sso/ping,200|300ms
10:40:30.317 INFO  vert.x-eventloop-thread-0 SsoService           : sso ping {"result": "true"}
10:45:30.264 INFO  vert.x-eventloop-thread-0 BaseServiceProxy     : -> GET /sso/ping,200|254ms
10:45:30.265 INFO  vert.x-eventloop-thread-0 SsoService           : sso ping {"result": "true"}
10:50:30.415 INFO  vert.x-eventloop-thread-0 BaseServiceProxy     : -> GET /sso/ping,200|405ms
10:50:30.416 INFO  vert.x-eventloop-thread-0 SsoService           : sso ping {"result": "true"}
10:55:30.262 INFO  vert.x-eventloop-thread-0 BaseServiceProxy     : -> GET /sso/ping,200|253ms
10:55:30.264 INFO  vert.x-eventloop-thread-0 SsoService           : sso ping {"result": "true"}
11:00:30.253 INFO  vert.x-eventloop-thread-0 BaseServiceProxy     : -> GET /sso/ping,200|243ms
11:00:30.254 INFO  vert.x-eventloop-thread-0 SsoService           : sso ping {"result": "true"}
11:05:30.157 INFO  vert.x-eventloop-thread-0 BaseServiceProxy     : -> GET /sso/ping,200|147ms
11:05:30.159 INFO  vert.x-eventloop-thread-0 SsoService           : sso ping {"result": "true"}
11:10:30.261 INFO  vert.x-eventloop-thread-0 BaseServiceProxy     : -> GET /sso/ping,200|266ms
11:10:30.264 INFO  vert.x-eventloop-thread-0 SsoService           : sso ping {"result": "true"}
11:15:30.357 INFO  vert.x-eventloop-thread-0 BaseServiceProxy     : -> GET /sso/ping,200|368ms
11:15:30.361 INFO  vert.x-eventloop-thread-0 SsoService           : sso ping {"result": "false"}
11:20:30.180 INFO  vert.x-eventloop-thread-0 BaseServiceProxy     : -> GET /sso/ping,200|193ms
11:20:30.182 INFO  vert.x-eventloop-thread-0 SsoService           : sso ping {"result": "true"}
11:25:30.151 INFO  vert.x-eventloop-thread-0 BaseServiceProxy     : -> GET /sso/ping,200|165ms
11:25:30.152 INFO  vert.x-eventloop-thread-0 SsoService           : sso ping {"result": "true"}
11:30:30.133 INFO  vert.x-eventloop-thread-0 BaseServiceProxy     : -> GET /sso/ping,200|149ms
11:30:30.137 INFO  vert.x-eventloop-thread-0 SsoService           : sso ping {"result": "false"}
11:35:30.162 INFO  vert.x-eventloop-thread-0 BaseServiceProxy     : -> GET /sso/ping,200|180ms
11:35:30.164 INFO  vert.x-eventloop-thread-0 SsoService           : sso ping {"result": "true"}
11:40:30.259 INFO  vert.x-eventloop-thread-0 BaseServiceProxy     : -> GET /sso/ping,200|260ms
11:40:30.260 INFO  vert.x-eventloop-thread-0 SsoService           : sso ping {"result": "true"}
11:45:30.216 INFO  vert.x-eventloop-thread-0 BaseServiceProxy     : -> GET /sso/ping,200|216ms
11:45:30.218 INFO  vert.x-eventloop-thread-0 SsoService           : sso ping {"result": "true"}
11:50:30.274 INFO  vert.x-eventloop-thread-0 BaseServiceProxy     : -> GET /sso/ping,200|273ms
11:50:30.277 INFO  vert.x-eventloop-thread-0 SsoService           : sso ping {"result": "false"}
11:55:30.422 INFO  vert.x-eventloop-thread-0 BaseServiceProxy     : -> GET /sso/ping,200|422ms
11:55:30.423 INFO  vert.x-eventloop-thread-0 SsoService           : sso ping {"result": "true"}
12:00:30.378 INFO  vert.x-eventloop-thread-0 BaseServiceProxy     : -> GET /sso/ping,200|378ms
12:00:30.383 INFO  vert.x-eventloop-thread-0 SsoService           : sso ping {"result": "true"}
12:05:30.247 INFO  vert.x-eventloop-thread-0 BaseServiceProxy     : -> GET /sso/ping,200|232ms
12:05:30.249 INFO  vert.x-eventloop-thread-0 SsoService           : sso ping {"result": "true"}
12:10:30.362 INFO  vert.x-eventloop-thread-0 BaseServiceProxy     : -> GET /sso/ping,200|346ms
12:10:30.363 INFO  vert.x-eventloop-thread-0 SsoService           : sso ping {"result": "true"}
12:15:30.265 INFO  vert.x-eventloop-thread-0 BaseServiceProxy     : -> GET /sso/ping,200|250ms
12:15:30.267 INFO  vert.x-eventloop-thread-0 SsoService           : sso ping {"result": "true"}
12:20:30.266 INFO  vert.x-eventloop-thread-0 BaseServiceProxy     : -> GET /sso/ping,200|249ms
12:20:30.269 INFO  vert.x-eventloop-thread-0 SsoService           : sso ping {"result": "true"}
12:25:30.249 INFO  vert.x-eventloop-thread-0 BaseServiceProxy     : -> GET /sso/ping,200|231ms
12:25:30.250 INFO  vert.x-eventloop-thread-0 SsoService           : sso ping {"result": "true"}
12:30:30.433 INFO  vert.x-eventloop-thread-0 BaseServiceProxy     : -> GET /sso/ping,200|414ms
12:30:30.434 INFO  vert.x-eventloop-thread-0 SsoService           : sso ping {"result": "true"}
12:35:30.192 INFO  vert.x-eventloop-thread-0 BaseServiceProxy     : -> GET /sso/ping,200|186ms
12:35:30.193 INFO  vert.x-eventloop-thread-0 SsoService           : sso ping {"result": "true"}
12:40:30.164 INFO  vert.x-eventloop-thread-0 BaseServiceProxy     : -> GET /sso/ping,200|158ms
12:40:30.166 INFO  vert.x-eventloop-thread-0 SsoService           : sso ping {"result": "true"}
12:45:30.212 INFO  vert.x-eventloop-thread-0 BaseServiceProxy     : -> GET /sso/ping,200|206ms
12:45:30.214 INFO  vert.x-eventloop-thread-0 SsoService           : sso ping {"result": "true"}
12:50:30.272 INFO  vert.x-eventloop-thread-0 BaseServiceProxy     : -> GET /sso/ping,200|265ms
12:50:30.273 INFO  vert.x-eventloop-thread-0 SsoService           : sso ping {"result": "true"}
12:55:30.163 INFO  vert.x-eventloop-thread-0 BaseServiceProxy     : -> GET /sso/ping,200|157ms
12:55:30.164 INFO  vert.x-eventloop-thread-0 SsoService           : sso ping {"result": "true"}
13:00:31.196 INFO  vert.x-eventloop-thread-0 BaseServiceProxy     : -> GET /sso/ping,200|1189ms
13:00:31.198 INFO  vert.x-eventloop-thread-0 SsoService           : sso ping {"result": "true"}
13:05:30.162 INFO  vert.x-eventloop-thread-0 BaseServiceProxy     : -> GET /sso/ping,200|153ms
13:05:30.163 INFO  vert.x-eventloop-thread-0 SsoService           : sso ping {"result": "true"}
13:10:30.174 INFO  vert.x-eventloop-thread-0 BaseServiceProxy     : -> GET /sso/ping,200|167ms
13:10:30.176 INFO  vert.x-eventloop-thread-0 SsoService           : sso ping {"result": "true"}
13:15:30.362 INFO  vert.x-eventloop-thread-0 BaseServiceProxy     : -> GET /sso/ping,200|354ms
13:15:30.363 INFO  vert.x-eventloop-thread-0 SsoService           : sso ping {"result": "true"}
13:20:30.416 INFO  vert.x-eventloop-thread-0 BaseServiceProxy     : -> GET /sso/ping,200|407ms
13:20:30.418 INFO  vert.x-eventloop-thread-0 SsoService           : sso ping {"result": "true"}
13:25:30.244 INFO  vert.x-eventloop-thread-0 BaseServiceProxy     : -> GET /sso/ping,200|235ms
13:25:30.246 INFO  vert.x-eventloop-thread-0 SsoService           : sso ping {"result": "true"}
13:30:30.167 INFO  vert.x-eventloop-thread-0 BaseServiceProxy     : -> GET /sso/ping,200|155ms
13:30:30.169 INFO  vert.x-eventloop-thread-0 SsoService           : sso ping {"result": "true"}
13:35:30.193 INFO  vert.x-eventloop-thread-0 BaseServiceProxy     : -> GET /sso/ping,200|180ms
13:35:30.195 INFO  vert.x-eventloop-thread-0 SsoService           : sso ping {"result": "true"}
13:40:30.177 INFO  vert.x-eventloop-thread-0 BaseServiceProxy     : -> GET /sso/ping,200|163ms
13:40:30.178 INFO  vert.x-eventloop-thread-0 SsoService           : sso ping {"result": "true"}
13:45:30.290 INFO  vert.x-eventloop-thread-0 BaseServiceProxy     : -> GET /sso/ping,200|275ms
13:45:30.292 INFO  vert.x-eventloop-thread-0 SsoService           : sso ping {"result": "true"}
13:50:30.167 INFO  vert.x-eventloop-thread-0 BaseServiceProxy     : -> GET /sso/ping,200|153ms
13:50:30.173 INFO  vert.x-eventloop-thread-0 SsoService           : sso ping {"result": "false"}
13:55:30.166 INFO  vert.x-eventloop-thread-0 BaseServiceProxy     : -> GET /sso/ping,200|151ms
13:55:30.167 INFO  vert.x-eventloop-thread-0 SsoService           : sso ping {"result": "true"}
14:00:30.260 INFO  vert.x-eventloop-thread-0 BaseServiceProxy     : -> GET /sso/ping,200|246ms
14:00:30.263 INFO  vert.x-eventloop-thread-0 SsoService           : sso ping {"result": "true"}
14:05:30.261 INFO  vert.x-eventloop-thread-0 BaseServiceProxy     : -> GET /sso/ping,200|246ms
14:05:30.262 INFO  vert.x-eventloop-thread-0 SsoService           : sso ping {"result": "true"}
14:10:30.257 INFO  vert.x-eventloop-thread-0 BaseServiceProxy     : -> GET /sso/ping,200|241ms
14:10:30.259 INFO  vert.x-eventloop-thread-0 SsoService           : sso ping {"result": "true"}
14:15:30.174 INFO  vert.x-eventloop-thread-0 BaseServiceProxy     : -> GET /sso/ping,200|158ms
14:15:30.176 INFO  vert.x-eventloop-thread-0 SsoService           : sso ping {"result": "true"}
14:20:30.170 INFO  vert.x-eventloop-thread-0 BaseServiceProxy     : -> GET /sso/ping,200|154ms
14:20:30.171 INFO  vert.x-eventloop-thread-0 SsoService           : sso ping {"result": "true"}
14:57:17.354 ERROR vert.x-eventloop-thread-0 ConnectionBase       : java.net.SocketException: Connection reset
14:57:17.356 ERROR vert.x-eventloop-thread-0 BaseServiceProxy     : request failed Connection reset
java.net.SocketException: Connection reset
	at java.base/sun.nio.ch.SocketChannelImpl.throwConnectionReset(SocketChannelImpl.java:394)
	at java.base/sun.nio.ch.SocketChannelImpl.read(SocketChannelImpl.java:426)
	at io.netty.buffer.PooledUnsafeDirectByteBuf.setBytes(PooledUnsafeDirectByteBuf.java:288)
	at io.netty.buffer.AbstractByteBuf.writeBytes(AbstractByteBuf.java:1106)
	at io.netty.channel.socket.nio.NioSocketChannel.doReadBytes(NioSocketChannel.java:373)
	at io.netty.channel.nio.AbstractNioByteChannel$NioByteUnsafe.read(AbstractNioByteChannel.java:123)
	at io.netty.channel.nio.NioEventLoop.processSelectedKey(NioEventLoop.java:645)
	at io.netty.channel.nio.NioEventLoop.processSelectedKeysPlain(NioEventLoop.java:545)
	at io.netty.channel.nio.NioEventLoop.processSelectedKeys(NioEventLoop.java:499)
	at io.netty.channel.nio.NioEventLoop.run(NioEventLoop.java:459)
	at io.netty.util.concurrent.SingleThreadEventExecutor$5.run(SingleThreadEventExecutor.java:858)
	at java.base/java.lang.Thread.run(Thread.java:833)
15:34:30.872 INFO  vert.x-eventloop-thread-0 BaseServiceProxy     : -> GET /sso/ping,200|295ms
15:34:30.873 INFO  vert.x-eventloop-thread-0 SsoService           : sso ping {"result": "true"}
16:58:49.692 ERROR vert.x-eventloop-thread-0 ConnectionBase       : java.net.SocketException: Connection reset
16:58:49.693 ERROR vert.x-eventloop-thread-0 BaseServiceProxy     : request failed Connection reset
java.net.SocketException: Connection reset
	at java.base/sun.nio.ch.SocketChannelImpl.throwConnectionReset(SocketChannelImpl.java:394)
	at java.base/sun.nio.ch.SocketChannelImpl.read(SocketChannelImpl.java:426)
	at io.netty.buffer.PooledUnsafeDirectByteBuf.setBytes(PooledUnsafeDirectByteBuf.java:288)
	at io.netty.buffer.AbstractByteBuf.writeBytes(AbstractByteBuf.java:1106)
	at io.netty.channel.socket.nio.NioSocketChannel.doReadBytes(NioSocketChannel.java:373)
	at io.netty.channel.nio.AbstractNioByteChannel$NioByteUnsafe.read(AbstractNioByteChannel.java:123)
	at io.netty.channel.nio.NioEventLoop.processSelectedKey(NioEventLoop.java:645)
	at io.netty.channel.nio.NioEventLoop.processSelectedKeysPlain(NioEventLoop.java:545)
	at io.netty.channel.nio.NioEventLoop.processSelectedKeys(NioEventLoop.java:499)
	at io.netty.channel.nio.NioEventLoop.run(NioEventLoop.java:459)
	at io.netty.util.concurrent.SingleThreadEventExecutor$5.run(SingleThreadEventExecutor.java:858)
	at java.base/java.lang.Thread.run(Thread.java:833)
18:08:46.362 INFO  vert.x-eventloop-thread-0 BaseServiceProxy     : -> GET /sso/ping,200|313ms
18:08:46.362 INFO  vert.x-eventloop-thread-0 SsoService           : sso ping {"result": "true"}
19:14:30.652 ERROR vert.x-eventloop-thread-0 ConnectionBase       : java.net.SocketException: Connection reset
19:14:30.654 ERROR vert.x-eventloop-thread-0 BaseServiceProxy     : request failed Connection reset
java.net.SocketException: Connection reset
	at java.base/sun.nio.ch.SocketChannelImpl.throwConnectionReset(SocketChannelImpl.java:394)
	at java.base/sun.nio.ch.SocketChannelImpl.read(SocketChannelImpl.java:426)
	at io.netty.buffer.PooledUnsafeDirectByteBuf.setBytes(PooledUnsafeDirectByteBuf.java:288)
	at io.netty.buffer.AbstractByteBuf.writeBytes(AbstractByteBuf.java:1106)
	at io.netty.channel.socket.nio.NioSocketChannel.doReadBytes(NioSocketChannel.java:373)
	at io.netty.channel.nio.AbstractNioByteChannel$NioByteUnsafe.read(AbstractNioByteChannel.java:123)
	at io.netty.channel.nio.NioEventLoop.processSelectedKey(NioEventLoop.java:645)
	at io.netty.channel.nio.NioEventLoop.processSelectedKeysPlain(NioEventLoop.java:545)
	at io.netty.channel.nio.NioEventLoop.processSelectedKeys(NioEventLoop.java:499)
	at io.netty.channel.nio.NioEventLoop.run(NioEventLoop.java:459)
	at io.netty.util.concurrent.SingleThreadEventExecutor$5.run(SingleThreadEventExecutor.java:858)
	at java.base/java.lang.Thread.run(Thread.java:833)
19:19:30.989 INFO  vert.x-eventloop-thread-0 BaseServiceProxy     : -> GET /sso/ping,200|358ms
19:19:30.990 INFO  vert.x-eventloop-thread-0 SsoService           : sso ping {"result": "true"}
19:24:30.863 INFO  vert.x-eventloop-thread-0 BaseServiceProxy     : -> GET /sso/ping,200|236ms
19:24:30.864 INFO  vert.x-eventloop-thread-0 SsoService           : sso ping {"result": "true"}
19:29:30.899 INFO  vert.x-eventloop-thread-0 BaseServiceProxy     : -> GET /sso/ping,200|268ms
19:29:30.900 INFO  vert.x-eventloop-thread-0 SsoService           : sso ping {"result": "true"}
19:34:30.802 INFO  vert.x-eventloop-thread-0 BaseServiceProxy     : -> GET /sso/ping,200|167ms
19:34:30.803 INFO  vert.x-eventloop-thread-0 SsoService           : sso ping {"result": "true"}
