07:36:29.494 ERROR vert.x-eventloop-thread-0 ConnectionBase       : java.io.IOException: Operation timed out
07:36:29.496 ERROR vert.x-eventloop-thread-0 BaseServiceProxy     : request failed Operation timed out
java.io.IOException: Operation timed out
	at java.base/sun.nio.ch.SocketDispatcher.read0(Native Method)
	at java.base/sun.nio.ch.SocketDispatcher.read(SocketDispatcher.java:47)
	at java.base/sun.nio.ch.IOUtil.readIntoNativeBuffer(IOUtil.java:330)
	at java.base/sun.nio.ch.IOUtil.read(IOUtil.java:284)
	at java.base/sun.nio.ch.IOUtil.read(IOUtil.java:259)
	at java.base/sun.nio.ch.SocketChannelImpl.read(SocketChannelImpl.java:417)
	at io.netty.buffer.PooledUnsafeDirectByteBuf.setBytes(PooledUnsafeDirectByteBuf.java:288)
	at io.netty.buffer.AbstractByteBuf.writeBytes(AbstractByteBuf.java:1106)
	at io.netty.channel.socket.nio.NioSocketChannel.doReadBytes(NioSocketChannel.java:373)
	at io.netty.channel.nio.AbstractNioByteChannel$NioByteUnsafe.read(AbstractNioByteChannel.java:123)
	at io.netty.channel.nio.NioEventLoop.processSelectedKey(NioEventLoop.java:645)
	at io.netty.channel.nio.NioEventLoop.processSelectedKeysPlain(NioEventLoop.java:545)
	at io.netty.channel.nio.NioEventLoop.processSelectedKeys(NioEventLoop.java:499)
	at io.netty.channel.nio.NioEventLoop.run(NioEventLoop.java:459)
	at io.netty.util.concurrent.SingleThreadEventExecutor$5.run(SingleThreadEventExecutor.java:858)
	at java.base/java.lang.Thread.run(Thread.java:833)
07:45:44.932 INFO  vert.x-eventloop-thread-0 BaseServiceProxy     : -> GET /sso/ping,200|237ms
07:45:44.934 INFO  vert.x-eventloop-thread-0 SsoService           : sso ping {"result": "false"}
07:50:44.937 INFO  vert.x-eventloop-thread-0 BaseServiceProxy     : -> GET /sso/ping,200|242ms
07:50:44.938 INFO  vert.x-eventloop-thread-0 SsoService           : sso ping {"result": "true"}
07:55:44.845 INFO  vert.x-eventloop-thread-0 BaseServiceProxy     : -> GET /sso/ping,200|151ms
07:55:44.846 INFO  vert.x-eventloop-thread-0 SsoService           : sso ping {"result": "true"}
08:00:44.845 INFO  vert.x-eventloop-thread-0 BaseServiceProxy     : -> GET /sso/ping,200|150ms
08:00:44.847 INFO  vert.x-eventloop-thread-0 SsoService           : sso ping {"result": "true"}
08:05:44.891 INFO  vert.x-eventloop-thread-0 BaseServiceProxy     : -> GET /sso/ping,200|199ms
08:05:44.892 INFO  vert.x-eventloop-thread-0 SsoService           : sso ping {"result": "true"}
08:10:44.862 INFO  vert.x-eventloop-thread-0 BaseServiceProxy     : -> GET /sso/ping,200|171ms
08:10:44.865 INFO  vert.x-eventloop-thread-0 SsoService           : sso ping {"result": "true"}
08:15:44.934 INFO  vert.x-eventloop-thread-0 BaseServiceProxy     : -> GET /sso/ping,200|241ms
08:15:44.936 INFO  vert.x-eventloop-thread-0 SsoService           : sso ping {"result": "true"}
08:20:44.929 INFO  vert.x-eventloop-thread-0 BaseServiceProxy     : -> GET /sso/ping,200|239ms
08:20:44.932 INFO  vert.x-eventloop-thread-0 SsoService           : sso ping {"result": "false"}
08:25:44.929 INFO  vert.x-eventloop-thread-0 BaseServiceProxy     : -> GET /sso/ping,200|239ms
08:25:44.931 INFO  vert.x-eventloop-thread-0 SsoService           : sso ping {"result": "true"}
