-> request: /sso/ping
-> request: /sso/ping
-> GET /sso/ping,200|479ms
-> request: /sso/ping
-> GET /sso/ping,200|180ms
-> request: /sso/ping
-> GET /sso/ping,200|242ms
-> request: /sso/ping
-> GET /sso/ping,200|154ms
-> request: /sso/ping
-> GET /sso/ping,200|230ms
-> request: /sso/ping
-> GET /sso/ping,200|253ms
-> request: /sso/ping
-> GET /sso/ping,200|252ms
-> request: /sso/ping
-> GET /sso/ping,200|415ms
-> request: /sso/ping
-> request: /sso/ping
-> GET /sso/ping,200|446ms
-> request: /sso/ping
-> GET /sso/ping,200|230ms
-> request: /sso/ping
-> request: /sso/ping
-> GET /sso/ping,200|528ms
-> request: /sso/ping
-> GET /sso/ping,200|145ms
-> request: /sso/ping
-> GET /sso/ping,200|274ms
-> request: /sso/ping
-> GET /sso/ping,200|254ms
-> request: /sso/ping
-> GET /sso/ping,200|161ms
-> request: /sso/ping
-> GET /sso/ping,200|257ms
-> request: /sso/ping
-> GET /sso/ping,200|253ms
-> request: /sso/ping
-> GET /sso/ping,200|249ms
-> request: /sso/ping
-> GET /sso/ping,200|233ms
-> request: /sso/ping
-> GET /sso/ping,200|252ms
-> request: /sso/ping
-> GET /sso/ping,200|385ms
-> request: /sso/ping
-> GET /sso/ping,200|243ms
-> request: /sso/ping
-> GET /sso/ping,200|330ms
-> request: /sso/ping
-> request: /sso/ping
-> GET /sso/ping,200|462ms
-> request: /sso/ping
-> GET /sso/ping,200|253ms
-> request: /sso/ping
-> GET /sso/ping,200|161ms
-> request: /sso/ping
-> GET /sso/ping,200|155ms
-> request: /sso/ping
-> request: /sso/ping
-> GET /sso/ping,200|349ms
-> request: /sso/ping
-> GET /sso/ping,200|242ms
-> request: /sso/ping
-> request: /sso/ping
-> GET /sso/ping,200|230ms
-> request: /sso/ping
-> GET /sso/ping,200|231ms
-> request: /sso/ping
-> GET /sso/ping,200|320ms
-> request: /sso/ping
-> GET /sso/ping,200|157ms
-> request: /sso/ping
-> GET /sso/ping,200|146ms
-> request: /sso/ping
-> request: /sso/ping
-> GET /sso/ping,200|642ms
-> request: /sso/ping
-> GET /sso/ping,200|296ms
-> request: /sso/ping
-> GET /sso/ping,200|353ms
-> request: /sso/ping
-> GET /sso/ping,200|261ms
-> request: /sso/ping
-> GET /sso/ping,200|242ms
-> request: /sso/ping
-> GET /sso/ping,200|230ms
-> request: /sso/ping
-> GET /sso/ping,200|234ms
-> request: /sso/ping
-> GET /sso/ping,200|235ms
-> request: /sso/ping
-> GET /sso/ping,200|273ms
-> request: /sso/ping
-> GET /sso/ping,200|241ms
-> request: /sso/ping
-> GET /sso/ping,200|233ms
-> request: /sso/ping
-> GET /sso/ping,200|233ms
-> request: /sso/ping
-> GET /sso/ping,200|246ms
-> request: /sso/ping
-> GET /sso/ping,200|254ms
-> request: /sso/ping
-> request: /sso/ping
-> GET /sso/ping,200|351ms
-> request: /sso/ping
-> GET /sso/ping,200|235ms
-> request: /sso/ping
-> GET /sso/ping,200|247ms
-> request: /sso/ping
-> request: /sso/ping
-> GET /sso/ping,200|350ms
-> request: /sso/ping
-> GET /sso/ping,200|229ms
-> request: /sso/ping
-> GET /sso/ping,200|434ms
-> request: /sso/ping
-> request: /sso/ping
-> GET /sso/ping,200|328ms
-> request: /sso/ping
-> GET /sso/ping,200|390ms
-> request: /sso/ping
-> request: /sso/ping
-> GET /sso/ping,200|294ms
-> request: /sso/ping
-> request: /sso/ping
-> GET /sso/ping,200|279ms
-> request: /sso/ping
-> GET /sso/Login?forwardTo=22&RL=1&ip2loc=US
<- 200 GET /sso/Login?forwardTo=22&RL=1&ip2loc=US
-> GET /css/bootstrap-5.2.2/bootstrap.min.css
-> GET /css/reg-am/login.min.css
-> GET /css/ibkr/theme-ibkr-portal.min.css
-> GET /css/bootstrap-switch-3.3.2/bootstrap-switch.min.css
-> GET /css/fontawesome-6.2.0/all.min.css
-> GET /scripts/common/js/jquery-3.7.0/jquery.min.js
<- 200 GET /css/ibkr/theme-ibkr-portal.min.css
<- 200 GET /css/bootstrap-switch-3.3.2/bootstrap-switch.min.css
<- 200 GET /css/fontawesome-6.2.0/all.min.css
<- 200 GET /css/reg-am/login.min.css
-> GET /scripts/common/js/bootstrap-5.2.2/bootstrap.bundle.min.js
-> GET /sso/lib/xyz.bundle.min.js
<- 200 GET /scripts/common/js/bootstrap-5.2.2/bootstrap.bundle.min.js
<- 200 GET /scripts/common/js/jquery-3.7.0/jquery.min.js
<- 200 GET /sso/lib/xyz.bundle.min.js
<- 200 GET /css/bootstrap-5.2.2/bootstrap.min.css
-> GET /images/common/logos/ibkr/interactive-brokers.svg
<- 200 GET /images/common/logos/ibkr/interactive-brokers.svg
-> GET /fonts/proxima-nova/Proxima-Nova-Regular.woff2
-> GET /fonts/fontawesome-6.2.0/webfonts/fa-brands-400.woff2
-> GET /fonts/fontawesome-6.4.2/webfonts/fa-solid-900.woff2
-> GET /fonts/proxima-nova/Proxima-Nova-Semibold.woff2
-> POST /portal.proxy/v1/gstat/bulletins
-> GET /sso/images/2fa-animated-once.gif
<- 200 GET /fonts/proxima-nova/Proxima-Nova-Semibold.woff2
<- 200 GET /fonts/fontawesome-6.4.2/webfonts/fa-solid-900.woff2
<- 200 GET /fonts/proxima-nova/Proxima-Nova-Regular.woff2
<- 200 GET /fonts/fontawesome-6.2.0/webfonts/fa-brands-400.woff2
<- 200 GET /sso/images/2fa-animated-once.gif
<- 200 POST /portal.proxy/v1/gstat/bulletins
-> GET /fonts/proxima-nova/proximanova-extrabold.woff2
<- 200 GET /fonts/proxima-nova/proximanova-extrabold.woff2
-> GET /images/web/favicons/home-screen-icon-128x128.png
<- 200 GET /images/web/favicons/home-screen-icon-128x128.png
-> GET /images/common/logos/ibkr/interactive-brokers-inverse.svg
<- 200 GET /images/common/logos/ibkr/interactive-brokers-inverse.svg
-> POST /sso/Authenticator
<- 200 POST /sso/Authenticator
-> POST /sso/Authenticator
<- 200 POST /sso/Authenticator
-> POST /sso/Authenticator
<- 200 POST /sso/Authenticator
-> GET /sso/images/2fa-animated-once.gif?q=0.14362349486315074
<- 200 GET /sso/images/2fa-animated-once.gif?q=0.14362349486315074
-> POST /sso/Authenticator
<- 200 POST /sso/Authenticator
-> POST /sso/Authenticator
<- 200 POST /sso/Authenticator
-> POST /sso/Authenticator
<- 200 POST /sso/Authenticator
-> POST /sso/Dispatcher
<- 302 POST /sso/Dispatcher
-> request: /v1/api/sso/validate?gw=1
-> GET /v1/api/sso/validate?gw=1,200|181ms
-> request: /v1/api/one/user
-> request: /v1/api/ssodh/init
-> sso GET https://api.ibkr.com/v1/api/ssodh/init
-> GET /v1/api/one/user,200|183ms
-> request: /sso/ping
-> GET /sso/ping,200|139ms
-> request: /sso/ping
-> GET /sso/ping,200|223ms
-> request: /sso/ping
-> request: /sso/ping
-> GET /sso/ping,200|214ms
-> request: /sso/ping
-> GET /sso/ping,200|140ms
-> request: /sso/ping
-> GET /sso/ping,200|247ms
-> request: /sso/ping
-> GET /sso/ping,200|135ms
-> request: /sso/ping
-> GET /sso/ping,200|152ms
-> request: /sso/ping
-> GET /sso/ping,200|131ms
-> request: /sso/ping
-> GET /sso/ping,200|145ms
-> request: /sso/ping
-> GET /sso/ping,200|224ms
-> request: /sso/ping
-> GET /sso/ping,200|352ms
-> request: /sso/ping
-> GET /sso/ping,200|193ms
-> request: /sso/ping
-> GET /sso/ping,200|148ms
-> request: /sso/ping
-> GET /sso/ping,200|145ms
