-> request: /sso/ping
-> GET /sso/ping,200|253ms
-> request: /sso/ping
-> GET /sso/ping,200|238ms
-> request: /sso/ping
-> GET /sso/ping,200|267ms
-> request: /sso/ping
-> GET /sso/ping,200|244ms
-> request: /sso/ping
-> GET /sso/ping,200|254ms
-> request: /sso/ping
-> GET /sso/ping,200|242ms
-> request: /sso/ping
-> GET /sso/ping,200|255ms
-> request: /sso/ping
-> GET /sso/ping,200|250ms
-> request: /sso/ping
-> GET /sso/ping,200|152ms
-> request: /sso/ping
-> GET /sso/ping,200|325ms
-> request: /sso/ping
-> GET /sso/ping,200|242ms
-> request: /sso/ping
-> GET /sso/ping,200|245ms
-> request: /sso/ping
-> GET /sso/ping,200|245ms
-> request: /sso/ping
-> GET /sso/ping,200|311ms
-> request: /sso/ping
-> GET /sso/ping,200|349ms
-> request: /sso/ping
-> GET /sso/ping,200|148ms
-> request: /sso/ping
-> GET /sso/ping,200|242ms
-> request: /sso/ping
-> request: /sso/ping
-> GET /sso/ping,200|226ms
-> request: /sso/ping
-> GET /sso/ping,200|230ms
-> request: /sso/ping
-> GET /sso/ping,200|234ms
-> request: /sso/ping
-> request: /sso/ping
-> GET /sso/ping,200|336ms
-> request: /sso/ping
-> GET /sso/ping,200|238ms
-> request: /sso/ping
-> request: /sso/ping
-> GET /sso/ping,200|240ms
-> request: /sso/ping
-> GET /sso/ping,200|244ms
-> request: /sso/ping
-> request: /sso/ping
-> GET /sso/ping,200|429ms
-> request: /sso/ping
-> GET /sso/ping,200|235ms
-> request: /sso/ping
-> GET /sso/ping,200|267ms
-> request: /sso/ping
-> request: /sso/ping
-> GET /sso/ping,200|337ms
-> request: /sso/ping
-> GET /sso/ping,200|236ms
-> request: /sso/ping
-> GET /sso/ping,200|230ms
-> request: /sso/ping
-> request: /sso/ping
-> GET /sso/ping,200|352ms
-> request: /sso/ping
-> GET /sso/ping,200|233ms
-> request: /sso/ping
-> GET /sso/ping,200|240ms
-> request: /sso/ping
-> GET /sso/ping,200|239ms
-> request: /sso/ping
-> GET /sso/ping,200|243ms
-> request: /sso/ping
-> GET /sso/ping,200|314ms
-> request: /sso/ping
-> request: /sso/ping
-> GET /sso/ping,200|267ms
-> request: /sso/ping
-> GET /sso/ping,200|253ms
-> request: /sso/ping
-> GET /sso/ping,200|281ms
-> request: /sso/ping
-> GET /sso/ping,200|232ms
-> request: /sso/ping
-> request: /sso/ping
-> GET /sso/ping,200|551ms
-> request: /sso/ping
-> GET /sso/ping,200|289ms
-> request: /sso/ping
-> GET /sso/ping,200|247ms
-> request: /sso/ping
-> GET /sso/ping,200|256ms
-> request: /sso/ping
-> GET /sso/ping,200|255ms
-> request: /sso/ping
-> GET /sso/ping,200|242ms
-> request: /sso/ping
-> GET /sso/ping,200|261ms
-> request: /sso/ping
-> GET /sso/ping,200|241ms
-> request: /sso/ping
-> GET /sso/ping,200|292ms
-> request: /sso/ping
-> GET /sso/ping,200|258ms
-> request: /sso/ping
-> GET /sso/ping,200|330ms
-> request: /sso/ping
-> GET /sso/ping,200|237ms
-> request: /sso/ping
-> GET /sso/ping,200|258ms
-> request: /sso/ping
-> request: /sso/ping
-> GET /sso/ping,200|631ms
-> request: /sso/ping
-> GET /sso/ping,200|252ms
-> request: /sso/ping
-> GET /sso/ping,200|286ms
-> request: /sso/ping
-> GET /sso/ping,200|315ms
-> request: /sso/ping
-> GET /sso/ping,200|718ms
-> request: /sso/ping
-> GET /sso/ping,200|419ms
-> request: /sso/ping
-> GET /sso/ping,200|251ms
-> request: /sso/ping
-> GET /sso/ping,200|247ms
-> request: /sso/ping
-> GET /sso/ping,200|286ms
-> GET /sso/Login?forwardTo=22&RL=1&ip2loc=US
<- 200 GET /sso/Login?forwardTo=22&RL=1&ip2loc=US
-> GET /css/bootstrap-5.2.2/bootstrap.min.css
-> GET /css/bootstrap-switch-3.3.2/bootstrap-switch.min.css
-> GET /css/reg-am/login.min.css
-> GET /css/ibkr/theme-ibkr-portal.min.css
-> GET /css/fontawesome-6.2.0/all.min.css
-> GET /scripts/common/js/jquery-3.7.0/jquery.min.js
<- 200 GET /css/fontawesome-6.2.0/all.min.css
<- 200 GET /css/bootstrap-switch-3.3.2/bootstrap-switch.min.css
-> GET /scripts/common/js/bootstrap-5.2.2/bootstrap.bundle.min.js
<- 200 GET /css/ibkr/theme-ibkr-portal.min.css
-> GET /sso/lib/xyz.bundle.min.js
<- 200 GET /css/reg-am/login.min.css
<- 200 GET /css/bootstrap-5.2.2/bootstrap.min.css
<- 200 GET /scripts/common/js/jquery-3.7.0/jquery.min.js
<- 200 GET /sso/lib/xyz.bundle.min.js
<- 200 GET /scripts/common/js/bootstrap-5.2.2/bootstrap.bundle.min.js
-> GET /images/common/logos/ibkr/interactive-brokers.svg
-> GET /fonts/proxima-nova/Proxima-Nova-Regular.woff2
-> GET /fonts/fontawesome-6.2.0/webfonts/fa-brands-400.woff2
-> GET /fonts/proxima-nova/Proxima-Nova-Semibold.woff2
-> GET /fonts/fontawesome-6.4.2/webfonts/fa-solid-900.woff2
-> POST /portal.proxy/v1/gstat/bulletins
<- 200 GET /fonts/proxima-nova/Proxima-Nova-Regular.woff2
-> GET /sso/images/2fa-animated-once.gif
<- 200 GET /fonts/proxima-nova/Proxima-Nova-Semibold.woff2
<- 200 GET /fonts/fontawesome-6.4.2/webfonts/fa-solid-900.woff2
<- 200 GET /fonts/fontawesome-6.2.0/webfonts/fa-brands-400.woff2
<- 200 GET /images/common/logos/ibkr/interactive-brokers.svg
<- 200 GET /sso/images/2fa-animated-once.gif
-> GET /images/web/favicons/home-screen-icon-128x128.png
<- 204 POST /portal.proxy/v1/gstat/bulletins
<- 200 GET /images/web/favicons/home-screen-icon-128x128.png
-> POST /sso/Authenticator
<- 200 POST /sso/Authenticator
-> POST /sso/Authenticator
<- 200 POST /sso/Authenticator
-> POST /sso/Authenticator
<- 200 POST /sso/Authenticator
-> GET /sso/images/2fa-animated-once.gif?q=0.2680206642618077
-> GET /fonts/proxima-nova/proximanova-extrabold.woff2
<- 200 GET /fonts/proxima-nova/proximanova-extrabold.woff2
<- 200 GET /sso/images/2fa-animated-once.gif?q=0.2680206642618077
-> POST /sso/Authenticator
<- 200 POST /sso/Authenticator
-> POST /sso/Authenticator
<- 200 POST /sso/Authenticator
-> POST /sso/Dispatcher
<- 302 POST /sso/Dispatcher
-> request: /v1/api/sso/validate?gw=1
-> GET /v1/api/sso/validate?gw=1,200|320ms
-> request: /v1/api/one/user
-> request: /v1/api/ssodh/init
-> sso GET https://api.ibkr.com/v1/api/ssodh/init
-> GET /v1/api/one/user,200|202ms
-> request: /v1/api/ssodh/st
-> sso GET https://api.ibkr.com/v1/api/ssodh/st
-> request: /v1/api/iserver/auth/status
-> GET /v1/api/iserver/auth/status,200|101ms
-> request: /v1/api/iserver/auth/ssodh/init
-> POST https://api.ibkr.com/v1/api/iserver/auth/ssodh/init,200|1743ms
-> request: /v1/api/iserver/accounts
-> GET /v1/api/iserver/accounts,200|80ms
-> request: /v1/api/tickle
-> GET /v1/api/tickle,200|114ms
-> request: /v1/api/tickle
-> GET /v1/api/tickle,200|132ms
-> request: /v1/api/tickle
-> GET /v1/api/tickle,200|301ms
-> request: /v1/api/tickle
-> GET /v1/api/tickle,200|314ms
-> request: /v1/api/tickle
-> GET /v1/api/tickle,200|80ms
-> request: /v1/api/tickle
-> GET /v1/api/tickle,200|92ms
-> request: /v1/api/tickle
-> GET /v1/api/tickle,200|230ms
-> request: /v1/api/tickle
-> GET /v1/api/tickle,200|119ms
-> request: /v1/api/tickle
-> GET /v1/api/tickle,200|71ms
-> request: /sso/ping
-> GET /sso/ping,200|334ms
-> request: /v1/api/tickle
-> GET /v1/api/tickle,200|387ms
-> request: /v1/api/tickle
-> GET /v1/api/tickle,200|294ms
-> request: /v1/api/tickle
-> GET /v1/api/tickle,200|99ms
-> request: /v1/api/tickle
-> GET /v1/api/tickle,200|171ms
-> request: /v1/api/tickle
-> GET /v1/api/tickle,200|63ms
-> request: /v1/api/tickle
-> GET /v1/api/tickle,200|136ms
-> request: /v1/api/tickle
-> GET /v1/api/tickle,200|234ms
-> request: /v1/api/tickle
-> GET /v1/api/tickle,200|87ms
-> request: /v1/api/tickle
-> GET /v1/api/tickle,200|94ms
-> request: /v1/api/tickle
-> GET /v1/api/tickle,200|105ms
-> request: /sso/ping
-> GET /sso/ping,200|246ms
-> request: /v1/api/tickle
-> GET /v1/api/tickle,200|170ms
-> request: /v1/api/tickle
-> GET /v1/api/tickle,200|97ms
-> request: /v1/api/tickle
-> GET /v1/api/tickle,200|314ms
-> request: /v1/api/tickle
-> GET /v1/api/tickle,200|119ms
-> request: /v1/api/tickle
-> GET /v1/api/tickle,200|66ms
-> request: /v1/api/tickle
-> GET /v1/api/tickle,200|152ms
-> request: /v1/api/tickle
-> GET /v1/api/tickle,200|432ms
-> request: /v1/api/tickle
-> GET /v1/api/tickle,200|147ms
-> request: /v1/api/tickle
-> GET /v1/api/tickle,200|86ms
-> request: /v1/api/tickle
-> GET /v1/api/tickle,200|64ms
-> request: /sso/ping
-> GET /sso/ping,200|252ms
-> request: /v1/api/tickle
-> GET /v1/api/tickle,200|88ms
-> request: /v1/api/tickle
-> GET /v1/api/tickle,200|73ms
-> request: /v1/api/tickle
-> GET /v1/api/tickle,200|61ms
-> request: /v1/api/tickle
-> GET /v1/api/tickle,200|971ms
-> request: /v1/api/tickle
-> GET /v1/api/tickle,200|125ms
-> request: /v1/api/tickle
-> GET /v1/api/tickle,200|169ms
-> request: /v1/api/tickle
-> GET /v1/api/tickle,200|67ms
-> request: /v1/api/tickle
-> GET /v1/api/tickle,200|73ms
-> request: /v1/api/tickle
-> GET /v1/api/tickle,200|108ms
-> request: /v1/api/tickle
-> GET /v1/api/tickle,200|146ms
-> request: /sso/ping
-> GET /sso/ping,200|259ms
-> request: /v1/api/tickle
-> GET /v1/api/tickle,200|229ms
-> request: /v1/api/tickle
-> GET /v1/api/tickle,200|66ms
-> request: /v1/api/tickle
-> GET /v1/api/tickle,200|93ms
-> request: /v1/api/tickle
-> GET /v1/api/tickle,200|303ms
-> request: /v1/api/tickle
-> GET /v1/api/tickle,200|157ms
-> request: /v1/api/tickle
-> GET /v1/api/tickle,200|77ms
-> request: /v1/api/tickle
-> GET /v1/api/tickle,200|216ms
-> request: /v1/api/tickle
-> GET /v1/api/tickle,200|76ms
-> request: /v1/api/tickle
-> GET /v1/api/tickle,200|241ms
-> request: /v1/api/tickle
-> GET /v1/api/tickle,200|341ms
-> request: /sso/ping
-> GET /sso/ping,200|701ms
-> request: /v1/api/tickle
-> GET /v1/api/tickle,200|90ms
-> request: /v1/api/tickle
-> GET /v1/api/tickle,200|97ms
-> request: /v1/api/tickle
-> GET /v1/api/tickle,200|234ms
-> request: /v1/api/tickle
-> GET /v1/api/tickle,200|272ms
-> request: /v1/api/tickle
-> GET /v1/api/tickle,200|91ms
-> request: /v1/api/tickle
-> GET /v1/api/tickle,200|115ms
-> request: /v1/api/tickle
-> GET /v1/api/tickle,200|120ms
-> request: /v1/api/tickle
-> GET /v1/api/tickle,200|150ms
-> request: /v1/api/tickle
-> GET /v1/api/tickle,200|69ms
-> request: /v1/api/tickle
-> GET /v1/api/tickle,200|94ms
-> request: /sso/ping
-> GET /sso/ping,200|233ms
-> request: /v1/api/tickle
-> GET /v1/api/tickle,200|121ms
-> request: /v1/api/tickle
-> GET /v1/api/tickle,200|196ms
-> request: /v1/api/tickle
-> GET /v1/api/tickle,200|130ms
-> request: /v1/api/tickle
-> GET /v1/api/tickle,200|75ms
-> request: /v1/api/tickle
-> GET /v1/api/tickle,200|61ms
-> request: /v1/api/tickle
-> GET /v1/api/tickle,200|64ms
-> request: /v1/api/tickle
-> GET /v1/api/tickle,200|92ms
-> request: /v1/api/tickle
-> GET /v1/api/tickle,200|67ms
-> request: /v1/api/tickle
-> GET /v1/api/tickle,200|82ms
-> request: /v1/api/tickle
-> GET /v1/api/tickle,200|70ms
-> request: /sso/ping
-> GET /sso/ping,200|247ms
-> request: /v1/api/tickle
-> GET /v1/api/tickle,200|117ms
-> request: /v1/api/tickle
-> GET /v1/api/tickle,200|94ms
-> request: /v1/api/tickle
-> GET /v1/api/tickle,200|113ms
-> request: /v1/api/tickle
-> GET /v1/api/tickle,200|67ms
-> request: /v1/api/tickle
-> GET /v1/api/tickle,200|9755ms
-> request: /v1/api/tickle
-> GET /v1/api/tickle,200|126ms
-> request: /v1/api/tickle
-> GET /v1/api/tickle,200|83ms
-> request: /v1/api/tickle
-> GET /v1/api/tickle,200|83ms
-> request: /v1/api/tickle
-> GET /v1/api/tickle,200|86ms
-> request: /v1/api/tickle
-> GET /v1/api/tickle,200|125ms
-> request: /sso/ping
-> GET /sso/ping,200|229ms
-> request: /v1/api/tickle
-> GET /v1/api/tickle,200|246ms
-> request: /v1/api/tickle
-> GET /v1/api/tickle,200|91ms
-> request: /v1/api/tickle
-> GET /v1/api/tickle,200|81ms
-> request: /v1/api/tickle
-> request: /v1/api/tickle
-> request: /v1/api/tickle
-> request: /v1/api/tickle
-> request: /v1/api/tickle
-> request: /v1/api/tickle
-> GET /v1/api/tickle,401|268ms
-> request: /v1/api/sso/validate?gw=1
-> GET /v1/api/sso/validate?gw=1,401|221ms
-> request: /v1/api/sso/validate?gw=1
-> GET /v1/api/sso/validate?gw=1,401|175ms
-> request: /v1/api/sso/validate?gw=1
-> GET /v1/api/sso/validate?gw=1,401|216ms
-> request: /v1/api/sso/validate?gw=1
-> GET /v1/api/sso/validate?gw=1,401|158ms
-> request: /v1/api/sso/validate?gw=1
-> GET /v1/api/sso/validate?gw=1,401|169ms
-> request: /sso/ping
-> GET /sso/ping,200|240ms
-> request: /sso/ping
-> GET /sso/ping,200|250ms
-> GET /sso/Login?forwardTo=22&RL=1&ip2loc=US
<- 200 GET /sso/Login?forwardTo=22&RL=1&ip2loc=US
-> GET /css/bootstrap-5.2.2/bootstrap.min.css
-> GET /css/fontawesome-6.2.0/all.min.css
-> GET /css/bootstrap-switch-3.3.2/bootstrap-switch.min.css
-> GET /css/reg-am/login.min.css
-> GET /css/ibkr/theme-ibkr-portal.min.css
-> GET /scripts/common/js/jquery-3.7.0/jquery.min.js
<- 200 GET /css/fontawesome-6.2.0/all.min.css
<- 200 GET /css/bootstrap-switch-3.3.2/bootstrap-switch.min.css
-> GET /scripts/common/js/bootstrap-5.2.2/bootstrap.bundle.min.js
<- 200 GET /css/reg-am/login.min.css
<- 200 GET /css/ibkr/theme-ibkr-portal.min.css
<- 200 GET /css/bootstrap-5.2.2/bootstrap.min.css
-> GET /sso/lib/xyz.bundle.min.js
<- 200 GET /scripts/common/js/jquery-3.7.0/jquery.min.js
<- 200 GET /scripts/common/js/bootstrap-5.2.2/bootstrap.bundle.min.js
<- 200 GET /sso/lib/xyz.bundle.min.js
-> GET /images/common/logos/ibkr/interactive-brokers.svg
-> GET /fonts/proxima-nova/Proxima-Nova-Regular.woff2
-> GET /fonts/proxima-nova/Proxima-Nova-Semibold.woff2
-> GET /fonts/fontawesome-6.2.0/webfonts/fa-brands-400.woff2
-> GET /fonts/fontawesome-6.4.2/webfonts/fa-solid-900.woff2
-> POST /portal.proxy/v1/gstat/bulletins
<- 200 GET /fonts/fontawesome-6.2.0/webfonts/fa-brands-400.woff2
<- 200 GET /fonts/proxima-nova/Proxima-Nova-Regular.woff2
-> GET /sso/images/2fa-animated-once.gif
<- 200 GET /fonts/fontawesome-6.4.2/webfonts/fa-solid-900.woff2
<- 200 GET /fonts/proxima-nova/Proxima-Nova-Semibold.woff2
<- 200 GET /images/common/logos/ibkr/interactive-brokers.svg
<- 200 GET /sso/images/2fa-animated-once.gif
<- 204 POST /portal.proxy/v1/gstat/bulletins
-> POST /sso/Authenticator
<- 200 POST /sso/Authenticator
-> POST /sso/Authenticator
<- 200 POST /sso/Authenticator
-> POST /sso/Authenticator
<- 200 POST /sso/Authenticator
-> GET /sso/images/2fa-animated-once.gif?q=0.2915450264456476
-> GET /fonts/proxima-nova/proximanova-extrabold.woff2
<- 200 GET /sso/images/2fa-animated-once.gif?q=0.2915450264456476
<- 200 GET /fonts/proxima-nova/proximanova-extrabold.woff2
-> POST /sso/Authenticator
<- 200 POST /sso/Authenticator
-> POST /sso/Authenticator
<- 200 POST /sso/Authenticator
-> POST /sso/Authenticator
<- 200 POST /sso/Authenticator
-> POST /sso/Dispatcher
<- 302 POST /sso/Dispatcher
-> request: /v1/api/sso/validate?gw=1
-> GET /v1/api/sso/validate?gw=1,200|167ms
-> request: /v1/api/one/user
-> request: /v1/api/ssodh/init
-> sso GET https://api.ibkr.com/v1/api/ssodh/init
-> GET /v1/api/one/user,200|196ms
-> request: /v1/api/ssodh/st
-> sso GET https://api.ibkr.com/v1/api/ssodh/st
-> request: /v1/api/iserver/auth/status
-> GET /v1/api/iserver/auth/status,200|175ms
-> request: /v1/api/iserver/auth/ssodh/init
-> POST https://api.ibkr.com/v1/api/iserver/auth/ssodh/init,200|1607ms
-> request: /v1/api/iserver/accounts
-> GET /v1/api/iserver/accounts,200|120ms
-> request: /v1/api/tickle
-> GET /v1/api/tickle,200|78ms
-> request: /v1/api/tickle
-> GET /v1/api/tickle,200|99ms
-> request: /v1/api/tickle
-> GET /v1/api/tickle,200|80ms
-> request: /v1/api/tickle
-> GET /v1/api/tickle,200|75ms
-> request: /v1/api/tickle
-> GET /v1/api/tickle,200|68ms
-> request: /v1/api/tickle
-> GET /v1/api/tickle,200|96ms
-> request: /v1/api/tickle
-> GET /v1/api/tickle,200|146ms
-> request: /v1/api/tickle
-> GET /v1/api/tickle,200|96ms
-> request: /v1/api/tickle
-> GET /v1/api/tickle,200|90ms
-> request: /sso/ping
-> request: /v1/api/tickle
-> request: /v1/api/tickle
-> request: /v1/api/tickle
-> request: /v1/api/tickle
-> request: /v1/api/tickle
-> request: /v1/api/tickle
-> request: /v1/api/tickle
-> request: /v1/api/tickle
-> request: /v1/api/tickle
-> request: /v1/api/tickle
-> GET /v1/api/tickle,401|509ms
-> request: /v1/api/sso/validate?gw=1
-> GET /v1/api/sso/validate?gw=1,401|485ms
-> request: /v1/api/sso/validate?gw=1
-> GET /v1/api/sso/validate?gw=1,401|3661ms
-> request: /v1/api/sso/validate?gw=1
-> GET /v1/api/sso/validate?gw=1,401|167ms
-> request: /v1/api/sso/validate?gw=1
-> GET /v1/api/sso/validate?gw=1,401|198ms
-> request: /v1/api/sso/validate?gw=1
-> GET /v1/api/sso/validate?gw=1,401|172ms
-> request: /sso/ping
-> GET /sso/ping,200|343ms
-> request: /sso/ping
-> GET /sso/ping,200|254ms
-> request: /sso/ping
-> GET /sso/ping,200|270ms
-> request: /sso/ping
-> request: /sso/ping
-> GET /sso/ping,200|342ms
-> request: /sso/ping
-> GET /sso/Dispatcher
<- 200 GET /sso/Dispatcher
-> GET /scripts/common/js/jquery-3.7.0/jquery.min.js
-> GET /sso/lib/forge-1.3.1.all.min.js
-> GET /sso/lib/js.cookie.min.js
-> GET /sso/javascript/device.info.js?q=1736974371103
<- 200 GET /scripts/common/js/jquery-3.7.0/jquery.min.js
<- 200 GET /sso/javascript/device.info.js?q=1736974371103
<- 200 GET /sso/lib/js.cookie.min.js
<- 200 GET /sso/lib/forge-1.3.1.all.min.js
-> POST /sso/report
-> GET /sso/Dispatcher
<- 200 POST /sso/report
<- 200 GET /sso/Dispatcher
-> GET /scripts/common/js/jquery-3.7.0/jquery.min.js
-> GET /sso/lib/forge-1.3.1.all.min.js
-> GET /sso/lib/js.cookie.min.js
-> GET /sso/javascript/device.info.js?q=1736974371103
<- 304 GET /sso/lib/forge-1.3.1.all.min.js
<- 304 GET /sso/lib/js.cookie.min.js
<- 304 GET /sso/javascript/device.info.js?q=1736974371103
<- 200 GET /scripts/common/js/jquery-3.7.0/jquery.min.js
-> POST /sso/report
<- 200 POST /sso/report
-> GET /sso/Dispatcher
<- 200 GET /sso/Dispatcher
-> GET /scripts/common/js/jquery-3.7.0/jquery.min.js
-> GET /sso/lib/forge-1.3.1.all.min.js
-> GET /sso/lib/js.cookie.min.js
-> GET /sso/javascript/device.info.js?q=1736974371103
<- 200 GET /scripts/common/js/jquery-3.7.0/jquery.min.js
<- 304 GET /sso/lib/js.cookie.min.js
<- 304 GET /sso/lib/forge-1.3.1.all.min.js
<- 304 GET /sso/javascript/device.info.js?q=1736974371103
-> POST /sso/report
-> GET /sso/Dispatcher
<- 200 POST /sso/report
<- 200 GET /sso/Dispatcher
-> GET /scripts/common/js/jquery-3.7.0/jquery.min.js
-> GET /sso/lib/forge-1.3.1.all.min.js
-> GET /sso/lib/js.cookie.min.js
-> GET /sso/javascript/device.info.js?q=1736974371103
<- 200 GET /scripts/common/js/jquery-3.7.0/jquery.min.js
<- 304 GET /sso/lib/forge-1.3.1.all.min.js
<- 304 GET /sso/lib/js.cookie.min.js
<- 304 GET /sso/javascript/device.info.js?q=1736974371103
-> POST /sso/report
-> GET /sso/Dispatcher
<- 200 POST /sso/report
<- 200 GET /sso/Dispatcher
-> GET /scripts/common/js/jquery-3.7.0/jquery.min.js
-> GET /sso/lib/forge-1.3.1.all.min.js
-> GET /sso/lib/js.cookie.min.js
-> GET /sso/javascript/device.info.js?q=1736974371103
<- 200 GET /scripts/common/js/jquery-3.7.0/jquery.min.js
<- 304 GET /sso/lib/forge-1.3.1.all.min.js
<- 304 GET /sso/javascript/device.info.js?q=1736974371103
<- 304 GET /sso/lib/js.cookie.min.js
-> POST /sso/report
-> GET /sso/Dispatcher
<- 200 POST /sso/report
<- 200 GET /sso/Dispatcher
-> GET /scripts/common/js/jquery-3.7.0/jquery.min.js
-> GET /sso/lib/forge-1.3.1.all.min.js
-> GET /sso/lib/js.cookie.min.js
-> GET /sso/javascript/device.info.js?q=1736974371103
<- 200 GET /scripts/common/js/jquery-3.7.0/jquery.min.js
<- 304 GET /sso/javascript/device.info.js?q=1736974371103
<- 304 GET /sso/lib/forge-1.3.1.all.min.js
<- 304 GET /sso/lib/js.cookie.min.js
-> POST /sso/report
-> GET /sso/Dispatcher
<- 200 POST /sso/report
<- 200 GET /sso/Dispatcher
-> GET /scripts/common/js/jquery-3.7.0/jquery.min.js
-> GET /sso/lib/forge-1.3.1.all.min.js
-> GET /sso/lib/js.cookie.min.js
-> GET /sso/javascript/device.info.js?q=1736974371103
<- 304 GET /sso/lib/forge-1.3.1.all.min.js
<- 304 GET /sso/lib/js.cookie.min.js
<- 304 GET /sso/javascript/device.info.js?q=1736974371103
<- 200 GET /scripts/common/js/jquery-3.7.0/jquery.min.js
-> POST /sso/report
-> GET /sso/Dispatcher
<- 200 POST /sso/report
<- 200 GET /sso/Dispatcher
-> GET /scripts/common/js/jquery-3.7.0/jquery.min.js
-> GET /sso/lib/forge-1.3.1.all.min.js
-> GET /sso/lib/js.cookie.min.js
-> GET /sso/javascript/device.info.js?q=1736974371103
<- 200 GET /scripts/common/js/jquery-3.7.0/jquery.min.js
<- 304 GET /sso/javascript/device.info.js?q=1736974371103
<- 304 GET /sso/lib/js.cookie.min.js
<- 304 GET /sso/lib/forge-1.3.1.all.min.js
-> POST /sso/report
<- 200 POST /sso/report
-> GET /sso/Dispatcher
<- 200 GET /sso/Dispatcher
-> GET /scripts/common/js/jquery-3.7.0/jquery.min.js
-> GET /sso/lib/forge-1.3.1.all.min.js
-> GET /sso/lib/js.cookie.min.js
-> GET /sso/javascript/device.info.js?q=1736974371103
<- 200 GET /scripts/common/js/jquery-3.7.0/jquery.min.js
<- 304 GET /sso/lib/forge-1.3.1.all.min.js
<- 304 GET /sso/lib/js.cookie.min.js
<- 304 GET /sso/javascript/device.info.js?q=1736974371103
-> POST /sso/report
<- 200 POST /sso/report
-> GET /sso/Dispatcher
<- 200 GET /sso/Dispatcher
-> GET /scripts/common/js/jquery-3.7.0/jquery.min.js
-> GET /sso/lib/forge-1.3.1.all.min.js
-> GET /sso/lib/js.cookie.min.js
-> GET /sso/javascript/device.info.js?q=1736974371103
<- 304 GET /sso/lib/forge-1.3.1.all.min.js
<- 200 GET /scripts/common/js/jquery-3.7.0/jquery.min.js
<- 304 GET /sso/lib/js.cookie.min.js
<- 304 GET /sso/javascript/device.info.js?q=1736974371103
-> POST /sso/report
-> GET /sso/Dispatcher
<- 200 POST /sso/report
<- 200 GET /sso/Dispatcher
-> GET /scripts/common/js/jquery-3.7.0/jquery.min.js
-> GET /sso/lib/forge-1.3.1.all.min.js
-> GET /sso/lib/js.cookie.min.js
-> GET /sso/javascript/device.info.js?q=1736974371103
<- 200 GET /scripts/common/js/jquery-3.7.0/jquery.min.js
<- 304 GET /sso/lib/forge-1.3.1.all.min.js
<- 304 GET /sso/lib/js.cookie.min.js
<- 304 GET /sso/javascript/device.info.js?q=1736974371103
-> POST /sso/report
-> GET /sso/Dispatcher
<- 200 POST /sso/report
<- 200 GET /sso/Dispatcher
-> GET /scripts/common/js/jquery-3.7.0/jquery.min.js
-> GET /sso/lib/forge-1.3.1.all.min.js
-> GET /sso/lib/js.cookie.min.js
-> GET /sso/javascript/device.info.js?q=1736974371103
<- 304 GET /sso/lib/forge-1.3.1.all.min.js
<- 304 GET /sso/javascript/device.info.js?q=1736974371103
<- 304 GET /sso/lib/js.cookie.min.js
<- 200 GET /scripts/common/js/jquery-3.7.0/jquery.min.js
-> POST /sso/report
-> GET /sso/Dispatcher
<- 200 POST /sso/report
<- 200 GET /sso/Dispatcher
-> GET /scripts/common/js/jquery-3.7.0/jquery.min.js
-> GET /sso/lib/forge-1.3.1.all.min.js
-> GET /sso/lib/js.cookie.min.js
-> GET /sso/javascript/device.info.js?q=1736974371103
<- 200 GET /scripts/common/js/jquery-3.7.0/jquery.min.js
<- 304 GET /sso/lib/forge-1.3.1.all.min.js
<- 304 GET /sso/javascript/device.info.js?q=1736974371103
<- 304 GET /sso/lib/js.cookie.min.js
-> POST /sso/report
-> GET /sso/Dispatcher
<- 200 POST /sso/report
<- 200 GET /sso/Dispatcher
-> GET /scripts/common/js/jquery-3.7.0/jquery.min.js
-> GET /sso/lib/forge-1.3.1.all.min.js
-> GET /sso/lib/js.cookie.min.js
-> GET /sso/javascript/device.info.js?q=1736974371103
<- 200 GET /scripts/common/js/jquery-3.7.0/jquery.min.js
<- 304 GET /sso/lib/forge-1.3.1.all.min.js
<- 304 GET /sso/lib/js.cookie.min.js
<- 304 GET /sso/javascript/device.info.js?q=1736974371103
-> POST /sso/report
-> GET /sso/Dispatcher
<- 200 POST /sso/report
<- 200 GET /sso/Dispatcher
-> GET /scripts/common/js/jquery-3.7.0/jquery.min.js
-> GET /sso/lib/forge-1.3.1.all.min.js
-> GET /sso/lib/js.cookie.min.js
-> GET /sso/javascript/device.info.js?q=1736974371103
<- 304 GET /sso/lib/forge-1.3.1.all.min.js
<- 304 GET /sso/lib/js.cookie.min.js
<- 304 GET /sso/javascript/device.info.js?q=1736974371103
<- 200 GET /scripts/common/js/jquery-3.7.0/jquery.min.js
-> POST /sso/report
<- 200 POST /sso/report
-> GET /sso/Dispatcher
<- 200 GET /sso/Dispatcher
-> GET /scripts/common/js/jquery-3.7.0/jquery.min.js
-> GET /sso/lib/forge-1.3.1.all.min.js
-> GET /sso/lib/js.cookie.min.js
-> GET /sso/javascript/device.info.js?q=1736974371103
<- 304 GET /sso/lib/js.cookie.min.js
<- 304 GET /sso/lib/forge-1.3.1.all.min.js
<- 304 GET /sso/javascript/device.info.js?q=1736974371103
<- 200 GET /scripts/common/js/jquery-3.7.0/jquery.min.js
-> POST /sso/report
-> GET /sso/Dispatcher
<- 200 POST /sso/report
-> GET /sso/Login?forwardTo=22&RL=1&ip2loc=US
<- 200 GET /sso/Login?forwardTo=22&RL=1&ip2loc=US
<- 200 GET /sso/Dispatcher
-> GET /css/bootstrap-5.2.2/bootstrap.min.css
-> GET /css/fontawesome-6.2.0/all.min.css
-> GET /css/bootstrap-switch-3.3.2/bootstrap-switch.min.css
-> GET /css/reg-am/login.min.css
-> GET /css/ibkr/theme-ibkr-portal.min.css
-> GET /scripts/common/js/jquery-3.7.0/jquery.min.js
<- 200 GET /css/bootstrap-5.2.2/bootstrap.min.css
-> GET /scripts/common/js/bootstrap-5.2.2/bootstrap.bundle.min.js
<- 200 GET /css/reg-am/login.min.css
<- 200 GET /css/fontawesome-6.2.0/all.min.css
<- 200 GET /css/bootstrap-switch-3.3.2/bootstrap-switch.min.css
<- 200 GET /scripts/common/js/jquery-3.7.0/jquery.min.js
-> GET /sso/lib/xyz.bundle.min.js
<- 200 GET /css/ibkr/theme-ibkr-portal.min.css
<- 200 GET /scripts/common/js/bootstrap-5.2.2/bootstrap.bundle.min.js
<- 200 GET /sso/lib/xyz.bundle.min.js
-> GET /images/common/logos/ibkr/interactive-brokers.svg
-> GET /fonts/proxima-nova/Proxima-Nova-Regular.woff2
-> GET /fonts/fontawesome-6.2.0/webfonts/fa-brands-400.woff2
-> GET /fonts/proxima-nova/Proxima-Nova-Semibold.woff2
-> GET /fonts/fontawesome-6.4.2/webfonts/fa-solid-900.woff2
-> POST /portal.proxy/v1/gstat/bulletins
<- 200 GET /images/common/logos/ibkr/interactive-brokers.svg
-> GET /sso/images/2fa-animated-once.gif
<- 200 GET /fonts/proxima-nova/Proxima-Nova-Semibold.woff2
<- 200 GET /fonts/proxima-nova/Proxima-Nova-Regular.woff2
<- 200 GET /fonts/fontawesome-6.4.2/webfonts/fa-solid-900.woff2
<- 200 GET /sso/images/2fa-animated-once.gif
<- 200 GET /fonts/fontawesome-6.2.0/webfonts/fa-brands-400.woff2
-> GET /images/web/favicons/home-screen-icon-128x128.png
<- 204 POST /portal.proxy/v1/gstat/bulletins
<- 200 GET /images/web/favicons/home-screen-icon-128x128.png
-> POST /sso/Authenticator
<- 200 POST /sso/Authenticator
-> POST /sso/Authenticator
<- 200 POST /sso/Authenticator
-> POST /sso/Authenticator
<- 200 POST /sso/Authenticator
-> GET /sso/images/2fa-animated-once.gif?q=0.09939034408978653
-> GET /fonts/proxima-nova/proximanova-extrabold.woff2
<- 200 GET /fonts/proxima-nova/proximanova-extrabold.woff2
<- 200 GET /sso/images/2fa-animated-once.gif?q=0.09939034408978653
-> POST /sso/Authenticator
<- 200 POST /sso/Authenticator
-> POST /sso/Authenticator
<- 200 POST /sso/Authenticator
-> POST /sso/Authenticator
<- 200 POST /sso/Authenticator
-> POST /sso/Dispatcher
<- 302 POST /sso/Dispatcher
-> request: /v1/api/sso/validate?gw=1
-> GET /v1/api/sso/validate?gw=1,200|151ms
-> request: /v1/api/one/user
-> request: /v1/api/ssodh/init
-> sso GET https://api.ibkr.com/v1/api/ssodh/init
-> GET /v1/api/one/user,200|187ms
-> request: /v1/api/ssodh/st
-> sso GET https://api.ibkr.com/v1/api/ssodh/st
-> request: /v1/api/iserver/auth/status
-> GET /v1/api/iserver/auth/status,200|70ms
-> request: /v1/api/iserver/auth/ssodh/init
-> POST https://api.ibkr.com/v1/api/iserver/auth/ssodh/init,200|1636ms
-> request: /v1/api/iserver/accounts
-> GET /v1/api/iserver/accounts,200|59ms
-> request: /v1/api/tickle
-> GET /v1/api/tickle,200|97ms
-> request: /v1/api/tickle
-> GET /v1/api/tickle,200|245ms
-> request: /v1/api/tickle
-> GET /v1/api/tickle,200|69ms
-> request: /v1/api/tickle
-> GET /v1/api/tickle,200|198ms
-> request: /v1/api/tickle
-> GET /v1/api/tickle,200|152ms
-> request: /v1/api/tickle
-> GET /v1/api/tickle,200|75ms
-> request: /v1/api/tickle
-> GET /v1/api/tickle,200|105ms
-> request: /v1/api/tickle
-> GET /v1/api/tickle,200|55ms
-> request: /v1/api/tickle
-> GET /v1/api/tickle,200|142ms
-> request: /sso/ping
-> GET /sso/ping,200|245ms
-> request: /v1/api/tickle
-> GET /v1/api/tickle,200|61ms
-> request: /v1/api/tickle
-> GET /v1/api/tickle,200|75ms
-> request: /v1/api/tickle
-> GET /v1/api/tickle,200|91ms
-> request: /v1/api/tickle
-> GET /v1/api/tickle,200|71ms
-> request: /v1/api/tickle
-> GET /v1/api/tickle,200|67ms
-> request: /v1/api/tickle
-> GET /v1/api/tickle,200|95ms
-> request: /v1/api/tickle
-> GET /v1/api/tickle,200|93ms
-> request: /v1/api/tickle
-> GET /v1/api/tickle,200|83ms
-> request: /v1/api/tickle
-> GET /v1/api/tickle,200|166ms
-> request: /v1/api/tickle
-> GET /v1/api/tickle,200|183ms
-> request: /sso/ping
-> GET /sso/ping,200|240ms
-> request: /v1/api/tickle
-> GET /v1/api/tickle,200|67ms
-> request: /v1/api/tickle
-> request: /v1/api/tickle
-> request: /v1/api/tickle
-> request: /v1/api/tickle
-> request: /v1/api/tickle
-> request: /v1/api/tickle
-> request: /v1/api/tickle
-> GET /v1/api/tickle,401|202ms
-> request: /v1/api/sso/validate?gw=1
-> GET /v1/api/sso/validate?gw=1,401|271ms
-> request: /v1/api/sso/validate?gw=1
-> GET /v1/api/sso/validate?gw=1,401|312ms
-> request: /v1/api/sso/validate?gw=1
-> GET /v1/api/sso/validate?gw=1,401|287ms
-> request: /v1/api/sso/validate?gw=1
-> GET /v1/api/sso/validate?gw=1,401|176ms
-> request: /v1/api/sso/validate?gw=1
-> GET /v1/api/sso/validate?gw=1,401|165ms
-> request: /sso/ping
-> GET /sso/ping,200|147ms
-> request: /sso/ping
-> GET /sso/ping,200|150ms
-> request: /sso/ping
-> GET /sso/ping,200|234ms
-> request: /sso/ping
